#
# There is insufficient memory for the Java Runtime Environment to continue.
# Native memory allocation (malloc) failed to allocate 1780656 bytes for Chunk::new
# Possible reasons:
#   The system is out of physical RAM or swap space
#   The process is running with CompressedOops enabled, and the Java Heap may be blocking the growth of the native heap
# Possible solutions:
#   Reduce memory load on the system
#   Increase physical memory or swap space
#   Check if swap backing store is full
#   Decrease Java heap size (-Xmx/-Xms)
#   Decrease number of Java threads
#   Decrease Java thread stack sizes (-Xss)
#   Set larger code cache with -XX:ReservedCodeCacheSize=
#   JVM is running with Unscaled Compressed Oops mode in which the Java heap is
#     placed in the first 4GB address space. The Java Heap base address is the
#     maximum limit for the native heap growth. Please use -XX:HeapBaseMinAddress
#     to set the Java Heap base and to place the Java Heap above 4GB virtual address.
# This output file may be truncated or incomplete.
#
#  Out of Memory Error (./src/hotspot/share/memory/arena.cpp:197), pid=10992, tid=2160
#
# JRE version: OpenJDK Runtime Environment (11.0.12+7) (build 11.0.12+7-b1504.28-7817840)
# Java VM: OpenJDK 64-Bit Server VM (11.0.12+7-b1504.28-7817840, mixed mode, tiered, compressed oops, g1 gc, windows-amd64)
# No core dump will be written. Minidumps are not enabled by default on client versions of Windows
#

---------------  S U M M A R Y ------------

Command Line: --add-opens=java.base/java.util=ALL-UNNAMED --add-opens=java.base/java.lang=ALL-UNNAMED --add-opens=java.base/java.lang.invoke=ALL-UNNAMED --add-opens=java.base/java.util=ALL-UNNAMED --add-opens=java.prefs/java.util.prefs=ALL-UNNAMED --add-opens=java.prefs/java.util.prefs=ALL-UNNAMED --add-opens=java.base/java.nio.charset=ALL-UNNAMED --add-opens=java.base/java.net=ALL-UNNAMED --add-opens=java.base/java.util.concurrent.atomic=ALL-UNNAMED -Xmx2048m -Dfile.encoding=UTF-8 -Duser.country=RU -Duser.language=ru -Duser.variant org.gradle.launcher.daemon.bootstrap.GradleDaemon 7.3.3

Host: Intel(R) Core(TM) i7-4720HQ CPU @ 2.60GHz, 8 cores, 15G,  Windows 10 , 64 bit Build 19041 (10.0.19041.1889)
Time: Thu Nov 10 22:06:25 2022 RTZ 2 (зима) elapsed time: 19205.229158 seconds (0d 5h 20m 5s)

---------------  T H R E A D  ---------------

Current thread (0x000001599bc4b000):  JavaThread "C2 CompilerThread0" daemon [_thread_in_native, id=2160, stack(0x0000001616700000,0x0000001616800000)]


Current CompileTask:
C2:19205229 34103       4       org.objectweb.asm.ClassReader::readCode (5109 bytes)

Stack: [0x0000001616700000,0x0000001616800000]
Native frames: (J=compiled Java code, j=interpreted, Vv=VM code, C=native code)
V  [jvm.dll+0x5fbcea]
V  [jvm.dll+0x731905]
V  [jvm.dll+0x732f1d]
V  [jvm.dll+0x7335d3]
V  [jvm.dll+0x247bf8]
V  [jvm.dll+0xc018c]
V  [jvm.dll+0xc06cc]
V  [jvm.dll+0x35b31d]
V  [jvm.dll+0x328803]
V  [jvm.dll+0x327cfa]
V  [jvm.dll+0x200602]
V  [jvm.dll+0x1ff794]
V  [jvm.dll+0x18868c]
V  [jvm.dll+0x20e0d7]
V  [jvm.dll+0x20c901]
V  [jvm.dll+0x6f9b7f]
V  [jvm.dll+0x6f26a5]
V  [jvm.dll+0x5fabf6]
C  [ucrtbase.dll+0x21bb2]
C  [KERNEL32.DLL+0x17034]
C  [ntdll.dll+0x526a1]


---------------  P R O C E S S  ---------------

Threads class SMR info:
_java_thread_list=0x00000159ab036ac0, length=154, elements={
0x00000159ff39d000, 0x000001599bc1d800, 0x000001599bc28800, 0x000001599bc44800,
0x000001599bc46800, 0x000001599bc47800, 0x000001599bc4b000, 0x000001599bc98800,
0x000001599bc99800, 0x000001599be14800, 0x000001599dfa9800, 0x000001599e065800,
0x000001599e1d1000, 0x000001599f3f4000, 0x000001599f3f5000, 0x000001599f3f3000,
0x000001599f3f7800, 0x000001599f3f1800, 0x000001599f31c800, 0x000001599f31a800,
0x000001599f31b800, 0x000001599f317800, 0x000001599f31f800, 0x00000159a2e57000,
0x00000159a2e5d800, 0x00000159a2e58000, 0x00000159a2e60000, 0x00000159a2e61000,
0x00000159a2e61800, 0x00000159a5336000, 0x00000159a5336800, 0x00000159a533b800,
0x00000159a517d800, 0x00000159a517e000, 0x00000159a7538000, 0x00000159a753a800,
0x00000159a7539000, 0x000001599f316000, 0x000001599f31e000, 0x000001599f318000,
0x000001599f31f000, 0x000001599f319000, 0x000001599f320800, 0x000001599f323000,
0x000001599f323800, 0x000001599f324800, 0x000001599f321000, 0x000001599f322000,
0x000001599f53a000, 0x000001599f538800, 0x000001599f536800, 0x000001599f537800,
0x000001599f535000, 0x000001599f53c800, 0x000001599f53f000, 0x000001599f53d000,
0x000001599f53b800, 0x000001599f53e000, 0x000001599f539000, 0x000001599f53f800,
0x000001599f541800, 0x000001599f542000, 0x000001599f540800, 0x000001599f543800,
0x000001599f543000, 0x00000159a8980000, 0x00000159a8981800, 0x00000159a897e800,
0x00000159a897c800, 0x00000159a897f000, 0x00000159a897d800, 0x00000159a8985000,
0x00000159a8985800, 0x00000159a8986800, 0x00000159a8981000, 0x00000159a8983000,
0x00000159a8989000, 0x00000159a8987800, 0x00000159a8988000, 0x00000159a8984000,
0x00000159a898a000, 0x00000159a898b800, 0x00000159a898a800, 0x00000159a1c44800,
0x00000159a1c45800, 0x00000159a1c46800, 0x00000159a1c43000, 0x00000159a1c44000,
0x00000159a1c47000, 0x00000159a1c48000, 0x00000159a1c42000, 0x00000159a1c49800,
0x00000159a1c4a800, 0x00000159a1c4c000, 0x00000159a1c4b000, 0x00000159a1c4d000,
0x00000159a1c4e800, 0x00000159a1c4d800, 0x00000159a1c49000, 0x00000159a1c4f800,
0x00000159a1c51000, 0x00000159a5174800, 0x00000159a5177000, 0x00000159a5175000,
0x00000159a5176000, 0x00000159a5172000, 0x00000159a5171000, 0x00000159a5173800,
0x00000159a5177800, 0x00000159a5178800, 0x00000159a5173000, 0x00000159a517b800,
0x00000159a517c800, 0x00000159a517f000, 0x00000159a517b000, 0x00000159a517a000,
0x00000159a5179800, 0x00000159a5180000, 0x00000159a753f000, 0x00000159a753b800,
0x00000159a753d000, 0x00000159a753f800, 0x00000159a753c800, 0x00000159a753e000,
0x00000159a753a000, 0x00000159a7545800, 0x00000159a7540800, 0x00000159a7543000,
0x00000159a7544800, 0x00000159a7546000, 0x00000159a7547000, 0x00000159a7543800,
0x00000159a7541000, 0x00000159a5331000, 0x00000159a5333800, 0x00000159a5331800,
0x00000159a5334000, 0x00000159a532e800, 0x00000159a5335000, 0x00000159a5332800,
0x00000159a532f000, 0x00000159a533c800, 0x00000159a533a800, 0x00000159a5338000,
0x00000159a5339000, 0x00000159a533d000, 0x00000159a5337800, 0x00000159a533a000,
0x00000159a2e58800, 0x00000159a2e59800, 0x00000159a2e5a000, 0x00000159a2e5b000,
0x00000159a2e55800, 0x00000159a2e5c000
}

Java Threads: ( => current thread )
  0x00000159ff39d000 JavaThread "main" [_thread_blocked, id=3180, stack(0x0000001615b00000,0x0000001615c00000)]
  0x000001599bc1d800 JavaThread "Reference Handler" daemon [_thread_blocked, id=6052, stack(0x0000001616200000,0x0000001616300000)]
  0x000001599bc28800 JavaThread "Finalizer" daemon [_thread_blocked, id=14772, stack(0x0000001616300000,0x0000001616400000)]
  0x000001599bc44800 JavaThread "Signal Dispatcher" daemon [_thread_blocked, id=8920, stack(0x0000001616400000,0x0000001616500000)]
  0x000001599bc46800 JavaThread "Attach Listener" daemon [_thread_blocked, id=15164, stack(0x0000001616500000,0x0000001616600000)]
  0x000001599bc47800 JavaThread "Service Thread" daemon [_thread_blocked, id=9124, stack(0x0000001616600000,0x0000001616700000)]
=>0x000001599bc4b000 JavaThread "C2 CompilerThread0" daemon [_thread_in_native, id=2160, stack(0x0000001616700000,0x0000001616800000)]
  0x000001599bc98800 JavaThread "C1 CompilerThread0" daemon [_thread_blocked, id=15020, stack(0x0000001616800000,0x0000001616900000)]
  0x000001599bc99800 JavaThread "Sweeper thread" daemon [_thread_blocked, id=3276, stack(0x0000001616900000,0x0000001616a00000)]
  0x000001599be14800 JavaThread "Common-Cleaner" daemon [_thread_blocked, id=6300, stack(0x0000001616a00000,0x0000001616b00000)]
  0x000001599dfa9800 JavaThread "Daemon health stats" [_thread_blocked, id=11000, stack(0x0000001617300000,0x0000001617400000)]
  0x000001599e065800 JavaThread "Incoming local TCP Connector on port 59838" [_thread_in_native, id=8824, stack(0x0000001617200000,0x0000001617300000)]
  0x000001599e1d1000 JavaThread "Daemon periodic checks" [_thread_blocked, id=4704, stack(0x0000001617400000,0x0000001617500000)]
  0x000001599f3f4000 JavaThread "Cache worker for journal cache (C:\Users\user\.gradle\caches\journal-1)" [_thread_blocked, id=10884, stack(0x0000001617c00000,0x0000001617d00000)]
  0x000001599f3f5000 JavaThread "File lock request listener" [_thread_in_native, id=10728, stack(0x0000001617d00000,0x0000001617e00000)]
  0x000001599f3f3000 JavaThread "Cache worker for file hash cache (C:\Users\user\.gradle\caches\7.3.3\fileHashes)" [_thread_blocked, id=3728, stack(0x0000001617e00000,0x0000001617f00000)]
  0x000001599f3f7800 JavaThread "File watcher server" daemon [_thread_in_native, id=6996, stack(0x0000001618300000,0x0000001618400000)]
  0x000001599f3f1800 JavaThread "File watcher consumer" daemon [_thread_blocked, id=7164, stack(0x0000001618400000,0x0000001618500000)]
  0x000001599f31c800 JavaThread "Cache worker for execution history cache (C:\Users\user\.gradle\caches\7.3.3\executionHistory)" [_thread_blocked, id=6500, stack(0x0000001618900000,0x0000001618a00000)]
  0x000001599f31a800 JavaThread "jar transforms" [_thread_blocked, id=13664, stack(0x0000001618a00000,0x0000001618b00000)]
  0x000001599f31b800 JavaThread "Cache worker for file content cache (C:\Users\user\.gradle\caches\7.3.3\fileContent)" [_thread_blocked, id=13500, stack(0x0000001618b00000,0x0000001618c00000)]
  0x000001599f317800 JavaThread "jar transforms Thread 2" [_thread_blocked, id=14236, stack(0x0000001618c00000,0x0000001618d00000)]
  0x000001599f31f800 JavaThread "jar transforms Thread 3" [_thread_blocked, id=7112, stack(0x0000001618e00000,0x0000001618f00000)]
  0x00000159a2e57000 JavaThread "jar transforms Thread 4" [_thread_blocked, id=1556, stack(0x000000161e000000,0x000000161e100000)]
  0x00000159a2e5d800 JavaThread "jar transforms Thread 5" [_thread_blocked, id=4724, stack(0x000000161e100000,0x000000161e200000)]
  0x00000159a2e58000 JavaThread "jar transforms Thread 6" [_thread_blocked, id=2864, stack(0x000000161e200000,0x000000161e300000)]
  0x00000159a2e60000 JavaThread "jar transforms Thread 7" [_thread_blocked, id=10324, stack(0x000000161e300000,0x000000161e400000)]
  0x00000159a2e61000 JavaThread "jar transforms Thread 8" [_thread_blocked, id=10588, stack(0x000000161e400000,0x000000161e500000)]
  0x00000159a2e61800 JavaThread "Memory manager" [_thread_blocked, id=14692, stack(0x000000161e500000,0x000000161e600000)]
  0x00000159a5336000 JavaThread "RMI Scheduler(0)" daemon [_thread_blocked, id=11748, stack(0x0000001618800000,0x0000001618900000)]
  0x00000159a5336800 JavaThread "RMI TCP Accept-0" daemon [_thread_in_native, id=10940, stack(0x000000161f700000,0x000000161f800000)]
  0x00000159a533b800 JavaThread "Cache worker for Java compile cache (C:\Users\user\.gradle\caches\7.3.3\javaCompile)" [_thread_blocked, id=1540, stack(0x0000001620300000,0x0000001620400000)]
  0x00000159a517d800 JavaThread "RMI GC Daemon" daemon [_thread_blocked, id=6896, stack(0x000000161dd00000,0x000000161de00000)]
  0x00000159a517e000 JavaThread "RMI Reaper" [_thread_blocked, id=4212, stack(0x000000161fb00000,0x000000161fc00000)]
  0x00000159a7538000 JavaThread "ForkJoinPool.commonPool-worker-7" daemon [_thread_blocked, id=2028, stack(0x0000001620a00000,0x0000001620b00000)]
  0x00000159a753a800 JavaThread "Daemon Thread 18" [_thread_blocked, id=16360, stack(0x0000001615900000,0x0000001615a00000)]
  0x00000159a7539000 JavaThread "Daemon worker Thread 18" [_thread_blocked, id=9920, stack(0x0000001617500000,0x0000001617600000)]
  0x000001599f316000 JavaThread "RMI RenewClean-[127.0.0.1:17064,org.jetbrains.kotlin.daemon.common.LoopbackNetworkInterface$ClientLoopbackSocketFactory@14acf48]" daemon [_thread_blocked, id=5060, stack(0x0000001615800000,0x0000001615900000)]
  0x000001599f31e000 JavaThread "RMI TCP Connection(129)-127.0.0.1" daemon [_thread_in_native, id=5244, stack(0x000000161df00000,0x000000161e000000)]
  0x000001599f318000 JavaThread "Handler for socket connection from /127.0.0.1:59838 to /127.0.0.1:59418" [_thread_in_native, id=7744, stack(0x0000001615a00000,0x0000001615b00000)]
  0x000001599f31f000 JavaThread "Cancel handler" [_thread_blocked, id=14932, stack(0x0000001616c00000,0x0000001616d00000)]
  0x000001599f319000 JavaThread "Asynchronous log dispatcher for DefaultDaemonConnection: socket connection from /127.0.0.1:59838 to /127.0.0.1:59418" [_thread_blocked, id=15660, stack(0x0000001617600000,0x0000001617700000)]
  0x000001599f320800 JavaThread "Stdin handler" [_thread_blocked, id=4360, stack(0x0000001617700000,0x0000001617800000)]
  0x000001599f323000 JavaThread "Daemon client event forwarder" [_thread_blocked, id=16564, stack(0x0000001617800000,0x0000001617900000)]
  0x000001599f323800 JavaThread "Cache worker for file hash cache (C:\Users\user\AndroidStudioProjects\CriminalIntent\.gradle\7.3.3\fileHashes)" [_thread_blocked, id=15960, stack(0x0000001617900000,0x0000001617a00000)]
  0x000001599f324800 JavaThread "Cache worker for checksums cache (C:\Users\user\AndroidStudioProjects\CriminalIntent\.gradle\7.3.3\checksums)" [_thread_blocked, id=15504, stack(0x0000001617a00000,0x0000001617b00000)]
  0x000001599f321000 JavaThread "Cache worker for cache directory md-supplier (C:\Users\user\.gradle\caches\7.3.3\md-supplier)" [_thread_blocked, id=16044, stack(0x0000001617b00000,0x0000001617c00000)]
  0x000001599f322000 JavaThread "Cache worker for cache directory md-rule (C:\Users\user\.gradle\caches\7.3.3\md-rule)" [_thread_blocked, id=15632, stack(0x0000001618200000,0x0000001618300000)]
  0x000001599f53a000 JavaThread "Cache worker for dependencies-accessors (C:\Users\user\AndroidStudioProjects\CriminalIntent\.gradle\7.3.3\dependencies-accessors)" [_thread_blocked, id=292, stack(0x0000001618500000,0x0000001618600000)]
  0x000001599f538800 JavaThread "Cache worker for Build Output Cleanup Cache (C:\Users\user\AndroidStudioProjects\CriminalIntent\.gradle\buildOutputCleanup)" [_thread_blocked, id=14924, stack(0x0000001618600000,0x0000001618700000)]
  0x000001599f536800 JavaThread "Unconstrained build operations" [_thread_blocked, id=15436, stack(0x0000001618d00000,0x0000001618e00000)]
  0x000001599f537800 JavaThread "Unconstrained build operations Thread 2" [_thread_blocked, id=5708, stack(0x0000001618f00000,0x0000001619000000)]
  0x000001599f535000 JavaThread "Unconstrained build operations Thread 3" [_thread_blocked, id=7088, stack(0x0000001619000000,0x0000001619100000)]
  0x000001599f53c800 JavaThread "Unconstrained build operations Thread 4" [_thread_blocked, id=8856, stack(0x0000001619100000,0x0000001619200000)]
  0x000001599f53f000 JavaThread "Unconstrained build operations Thread 5" [_thread_blocked, id=12048, stack(0x0000001619200000,0x0000001619300000)]
  0x000001599f53d000 JavaThread "Unconstrained build operations Thread 6" [_thread_blocked, id=12216, stack(0x0000001619300000,0x0000001619400000)]
  0x000001599f53b800 JavaThread "Unconstrained build operations Thread 7" [_thread_blocked, id=15072, stack(0x0000001619400000,0x0000001619500000)]
  0x000001599f53e000 JavaThread "Unconstrained build operations Thread 8" [_thread_blocked, id=14332, stack(0x0000001619500000,0x0000001619600000)]
  0x000001599f539000 JavaThread "Unconstrained build operations Thread 9" [_thread_blocked, id=4440, stack(0x0000001619600000,0x0000001619700000)]
  0x000001599f53f800 JavaThread "Unconstrained build operations Thread 10" [_thread_blocked, id=2844, stack(0x0000001619700000,0x0000001619800000)]
  0x000001599f541800 JavaThread "Unconstrained build operations Thread 11" [_thread_blocked, id=15068, stack(0x0000001619800000,0x0000001619900000)]
  0x000001599f542000 JavaThread "Unconstrained build operations Thread 12" [_thread_blocked, id=14944, stack(0x0000001619900000,0x0000001619a00000)]
  0x000001599f540800 JavaThread "Unconstrained build operations Thread 13" [_thread_blocked, id=15956, stack(0x0000001619a00000,0x0000001619b00000)]
  0x000001599f543800 JavaThread "Unconstrained build operations Thread 14" [_thread_blocked, id=11060, stack(0x0000001619b00000,0x0000001619c00000)]
  0x000001599f543000 JavaThread "Unconstrained build operations Thread 15" [_thread_blocked, id=15484, stack(0x0000001619c00000,0x0000001619d00000)]
  0x00000159a8980000 JavaThread "Unconstrained build operations Thread 16" [_thread_blocked, id=9016, stack(0x0000001619d00000,0x0000001619e00000)]
  0x00000159a8981800 JavaThread "Unconstrained build operations Thread 17" [_thread_blocked, id=14728, stack(0x0000001619e00000,0x0000001619f00000)]
  0x00000159a897e800 JavaThread "Unconstrained build operations Thread 18" [_thread_blocked, id=15536, stack(0x0000001619f00000,0x000000161a000000)]
  0x00000159a897c800 JavaThread "Unconstrained build operations Thread 19" [_thread_blocked, id=13760, stack(0x000000161a000000,0x000000161a100000)]
  0x00000159a897f000 JavaThread "Unconstrained build operations Thread 20" [_thread_blocked, id=15128, stack(0x000000161a100000,0x000000161a200000)]
  0x00000159a897d800 JavaThread "Unconstrained build operations Thread 21" [_thread_blocked, id=13004, stack(0x000000161a200000,0x000000161a300000)]
  0x00000159a8985000 JavaThread "Unconstrained build operations Thread 22" [_thread_blocked, id=15648, stack(0x000000161a300000,0x000000161a400000)]
  0x00000159a8985800 JavaThread "Unconstrained build operations Thread 23" [_thread_blocked, id=6676, stack(0x000000161a400000,0x000000161a500000)]
  0x00000159a8986800 JavaThread "Unconstrained build operations Thread 24" [_thread_blocked, id=16508, stack(0x000000161a500000,0x000000161a600000)]
  0x00000159a8981000 JavaThread "Unconstrained build operations Thread 25" [_thread_blocked, id=16876, stack(0x000000161a600000,0x000000161a700000)]
  0x00000159a8983000 JavaThread "Unconstrained build operations Thread 26" [_thread_blocked, id=16396, stack(0x000000161a700000,0x000000161a800000)]
  0x00000159a8989000 JavaThread "Unconstrained build operations Thread 27" [_thread_blocked, id=10432, stack(0x000000161a800000,0x000000161a900000)]
  0x00000159a8987800 JavaThread "Unconstrained build operations Thread 28" [_thread_blocked, id=15588, stack(0x000000161a900000,0x000000161aa00000)]
  0x00000159a8988000 JavaThread "Unconstrained build operations Thread 29" [_thread_blocked, id=16008, stack(0x000000161aa00000,0x000000161ab00000)]
  0x00000159a8984000 JavaThread "Unconstrained build operations Thread 30" [_thread_blocked, id=15168, stack(0x000000161ab00000,0x000000161ac00000)]
  0x00000159a898a000 JavaThread "Unconstrained build operations Thread 31" [_thread_blocked, id=13356, stack(0x000000161ac00000,0x000000161ad00000)]
  0x00000159a898b800 JavaThread "Unconstrained build operations Thread 32" [_thread_blocked, id=15456, stack(0x000000161ad00000,0x000000161ae00000)]
  0x00000159a898a800 JavaThread "Unconstrained build operations Thread 33" [_thread_blocked, id=10936, stack(0x000000161ae00000,0x000000161af00000)]
  0x00000159a1c44800 JavaThread "Unconstrained build operations Thread 34" [_thread_blocked, id=16488, stack(0x000000161af00000,0x000000161b000000)]
  0x00000159a1c45800 JavaThread "Unconstrained build operations Thread 35" [_thread_blocked, id=7768, stack(0x000000161b000000,0x000000161b100000)]
  0x00000159a1c46800 JavaThread "Unconstrained build operations Thread 36" [_thread_blocked, id=1712, stack(0x000000161b100000,0x000000161b200000)]
  0x00000159a1c43000 JavaThread "Unconstrained build operations Thread 37" [_thread_blocked, id=16064, stack(0x000000161b200000,0x000000161b300000)]
  0x00000159a1c44000 JavaThread "Unconstrained build operations Thread 38" [_thread_blocked, id=16164, stack(0x000000161b300000,0x000000161b400000)]
  0x00000159a1c47000 JavaThread "Unconstrained build operations Thread 39" [_thread_blocked, id=9092, stack(0x000000161b400000,0x000000161b500000)]
  0x00000159a1c48000 JavaThread "Unconstrained build operations Thread 40" [_thread_blocked, id=4556, stack(0x000000161b500000,0x000000161b600000)]
  0x00000159a1c42000 JavaThread "Unconstrained build operations Thread 41" [_thread_blocked, id=12420, stack(0x000000161b600000,0x000000161b700000)]
  0x00000159a1c49800 JavaThread "Unconstrained build operations Thread 42" [_thread_blocked, id=4156, stack(0x000000161b700000,0x000000161b800000)]
  0x00000159a1c4a800 JavaThread "Unconstrained build operations Thread 43" [_thread_blocked, id=15748, stack(0x000000161b800000,0x000000161b900000)]
  0x00000159a1c4c000 JavaThread "Unconstrained build operations Thread 44" [_thread_blocked, id=16496, stack(0x000000161b900000,0x000000161ba00000)]
  0x00000159a1c4b000 JavaThread "Unconstrained build operations Thread 45" [_thread_blocked, id=356, stack(0x000000161ba00000,0x000000161bb00000)]
  0x00000159a1c4d000 JavaThread "Unconstrained build operations Thread 46" [_thread_blocked, id=16016, stack(0x000000161bb00000,0x000000161bc00000)]
  0x00000159a1c4e800 JavaThread "Unconstrained build operations Thread 47" [_thread_blocked, id=7244, stack(0x000000161bc00000,0x000000161bd00000)]
  0x00000159a1c4d800 JavaThread "Unconstrained build operations Thread 48" [_thread_blocked, id=15684, stack(0x000000161bd00000,0x000000161be00000)]
  0x00000159a1c49000 JavaThread "Unconstrained build operations Thread 49" [_thread_blocked, id=1532, stack(0x000000161be00000,0x000000161bf00000)]
  0x00000159a1c4f800 JavaThread "Unconstrained build operations Thread 50" [_thread_blocked, id=13228, stack(0x000000161bf00000,0x000000161c000000)]
  0x00000159a1c51000 JavaThread "Unconstrained build operations Thread 51" [_thread_blocked, id=16456, stack(0x000000161c000000,0x000000161c100000)]
  0x00000159a5174800 JavaThread "Unconstrained build operations Thread 52" [_thread_blocked, id=15792, stack(0x000000161c100000,0x000000161c200000)]
  0x00000159a5177000 JavaThread "Unconstrained build operations Thread 53" [_thread_blocked, id=11980, stack(0x000000161c200000,0x000000161c300000)]
  0x00000159a5175000 JavaThread "Unconstrained build operations Thread 54" [_thread_blocked, id=7592, stack(0x000000161c300000,0x000000161c400000)]
  0x00000159a5176000 JavaThread "Unconstrained build operations Thread 55" [_thread_blocked, id=15912, stack(0x000000161c400000,0x000000161c500000)]
  0x00000159a5172000 JavaThread "Unconstrained build operations Thread 56" [_thread_blocked, id=13420, stack(0x000000161c500000,0x000000161c600000)]
  0x00000159a5171000 JavaThread "Unconstrained build operations Thread 57" [_thread_blocked, id=15112, stack(0x000000161c600000,0x000000161c700000)]
  0x00000159a5173800 JavaThread "Unconstrained build operations Thread 58" [_thread_blocked, id=15468, stack(0x000000161c700000,0x000000161c800000)]
  0x00000159a5177800 JavaThread "Unconstrained build operations Thread 59" [_thread_blocked, id=15776, stack(0x000000161c800000,0x000000161c900000)]
  0x00000159a5178800 JavaThread "Unconstrained build operations Thread 60" [_thread_blocked, id=15400, stack(0x000000161c900000,0x000000161ca00000)]
  0x00000159a5173000 JavaThread "Unconstrained build operations Thread 61" [_thread_blocked, id=15696, stack(0x000000161ca00000,0x000000161cb00000)]
  0x00000159a517b800 JavaThread "Unconstrained build operations Thread 62" [_thread_blocked, id=16476, stack(0x000000161cb00000,0x000000161cc00000)]
  0x00000159a517c800 JavaThread "Unconstrained build operations Thread 63" [_thread_blocked, id=14048, stack(0x000000161cc00000,0x000000161cd00000)]
  0x00000159a517f000 JavaThread "Unconstrained build operations Thread 64" [_thread_blocked, id=14204, stack(0x000000161cd00000,0x000000161ce00000)]
  0x00000159a517b000 JavaThread "Unconstrained build operations Thread 65" [_thread_blocked, id=14060, stack(0x000000161ce00000,0x000000161cf00000)]
  0x00000159a517a000 JavaThread "Unconstrained build operations Thread 66" [_thread_blocked, id=8660, stack(0x000000161cf00000,0x000000161d000000)]
  0x00000159a5179800 JavaThread "Unconstrained build operations Thread 67" [_thread_blocked, id=15540, stack(0x000000161d000000,0x000000161d100000)]
  0x00000159a5180000 JavaThread "Unconstrained build operations Thread 68" [_thread_blocked, id=15448, stack(0x000000161d100000,0x000000161d200000)]
  0x00000159a753f000 JavaThread "Unconstrained build operations Thread 69" [_thread_blocked, id=9128, stack(0x000000161d200000,0x000000161d300000)]
  0x00000159a753b800 JavaThread "Unconstrained build operations Thread 70" [_thread_blocked, id=15188, stack(0x000000161d300000,0x000000161d400000)]
  0x00000159a753d000 JavaThread "Unconstrained build operations Thread 71" [_thread_blocked, id=15548, stack(0x000000161d400000,0x000000161d500000)]
  0x00000159a753f800 JavaThread "Unconstrained build operations Thread 72" [_thread_blocked, id=7220, stack(0x000000161d500000,0x000000161d600000)]
  0x00000159a753c800 JavaThread "Unconstrained build operations Thread 73" [_thread_blocked, id=10196, stack(0x000000161d600000,0x000000161d700000)]
  0x00000159a753e000 JavaThread "Unconstrained build operations Thread 74" [_thread_blocked, id=15704, stack(0x000000161d700000,0x000000161d800000)]
  0x00000159a753a000 JavaThread "Unconstrained build operations Thread 75" [_thread_blocked, id=8728, stack(0x000000161d800000,0x000000161d900000)]
  0x00000159a7545800 JavaThread "Unconstrained build operations Thread 76" [_thread_blocked, id=3256, stack(0x000000161d900000,0x000000161da00000)]
  0x00000159a7540800 JavaThread "Unconstrained build operations Thread 77" [_thread_blocked, id=4540, stack(0x000000161da00000,0x000000161db00000)]
  0x00000159a7543000 JavaThread "Unconstrained build operations Thread 78" [_thread_blocked, id=1492, stack(0x000000161db00000,0x000000161dc00000)]
  0x00000159a7544800 JavaThread "Unconstrained build operations Thread 79" [_thread_blocked, id=16600, stack(0x000000161dc00000,0x000000161dd00000)]
  0x00000159a7546000 JavaThread "Unconstrained build operations Thread 80" [_thread_blocked, id=16532, stack(0x000000161de00000,0x000000161df00000)]
  0x00000159a7547000 JavaThread "build event listener" [_thread_blocked, id=15808, stack(0x000000161e600000,0x000000161e700000)]
  0x00000159a7543800 JavaThread "build event listener" [_thread_blocked, id=8844, stack(0x000000161e800000,0x000000161e900000)]
  0x00000159a7541000 JavaThread "Execution worker for ':'" [_thread_blocked, id=12236, stack(0x000000161e900000,0x000000161ea00000)]
  0x00000159a5331000 JavaThread "Execution worker for ':' Thread 2" [_thread_blocked, id=15580, stack(0x000000161ea00000,0x000000161eb00000)]
  0x00000159a5333800 JavaThread "Execution worker for ':' Thread 3" [_thread_blocked, id=15496, stack(0x000000161eb00000,0x000000161ec00000)]
  0x00000159a5331800 JavaThread "Execution worker for ':' Thread 4" [_thread_blocked, id=8140, stack(0x000000161ec00000,0x000000161ed00000)]
  0x00000159a5334000 JavaThread "Execution worker for ':' Thread 5" [_thread_blocked, id=16808, stack(0x000000161ed00000,0x000000161ee00000)]
  0x00000159a532e800 JavaThread "Execution worker for ':' Thread 6" [_thread_blocked, id=2368, stack(0x000000161ee00000,0x000000161ef00000)]
  0x00000159a5335000 JavaThread "Execution worker for ':' Thread 7" [_thread_blocked, id=15348, stack(0x000000161ef00000,0x000000161f000000)]
  0x00000159a5332800 JavaThread "Cache worker for execution history cache (C:\Users\user\AndroidStudioProjects\CriminalIntent\.gradle\7.3.3\executionHistory)" [_thread_blocked, id=16772, stack(0x000000161f500000,0x000000161f600000)]
  0x00000159a532f000 JavaThread "RMI RenewClean-[127.0.0.1:17580,org.jetbrains.kotlin.daemon.common.LoopbackNetworkInterface$ClientLoopbackSocketFactory@136c48b6]" daemon [_thread_blocked, id=11464, stack(0x0000001618700000,0x0000001618800000)]
  0x00000159a533c800 JavaThread "RMI RenewClean-[127.0.0.1:17580,org.jetbrains.kotlin.daemon.common.LoopbackNetworkInterface$ClientLoopbackSocketFactory@77fb61ae]" daemon [_thread_blocked, id=16032, stack(0x000000161e700000,0x000000161e800000)]
  0x00000159a533a800 JavaThread "RMI TCP Connection(130)-127.0.0.1" daemon [_thread_in_native, id=16952, stack(0x000000161f600000,0x000000161f700000)]
  0x00000159a5338000 JavaThread "C2 CompilerThread1" daemon [_thread_in_native, id=960, stack(0x000000161f800000,0x000000161f900000)]
  0x00000159a5339000 JavaThread "WorkerExecutor Queue" [_thread_blocked, id=16628, stack(0x000000161f900000,0x000000161fa00000)]
  0x00000159a533d000 JavaThread "WorkerExecutor Queue Thread 2" [_thread_blocked, id=17020, stack(0x000000161fa00000,0x000000161fb00000)]
  0x00000159a5337800 JavaThread "WorkerExecutor Queue Thread 3" [_thread_blocked, id=16576, stack(0x000000161fc00000,0x000000161fd00000)]
  0x00000159a533a000 JavaThread "WorkerExecutor Queue Thread 4" [_thread_in_Java, id=17396, stack(0x000000161fd00000,0x000000161fe00000)]
  0x00000159a2e58800 JavaThread "WorkerExecutor Queue Thread 5" [_thread_blocked, id=17336, stack(0x000000161fe00000,0x000000161ff00000)]
  0x00000159a2e59800 JavaThread "WorkerExecutor Queue Thread 6" [_thread_blocked, id=13108, stack(0x000000161ff00000,0x0000001620000000)]
  0x00000159a2e5a000 JavaThread "WorkerExecutor Queue Thread 7" [_thread_blocked, id=16796, stack(0x0000001620000000,0x0000001620100000)]
  0x00000159a2e5b000 JavaThread "WorkerExecutor Queue Thread 8" [_thread_blocked, id=17200, stack(0x0000001620100000,0x0000001620200000)]
  0x00000159a2e55800 JavaThread "WorkerExecutor Queue Thread 9" [_thread_blocked, id=3052, stack(0x0000001620200000,0x0000001620300000)]
  0x00000159a2e5c000 JavaThread "C2 CompilerThread2" daemon [_thread_in_native, id=1444, stack(0x0000001620400000,0x0000001620500000)]

Other Threads:
  0x000001599bc19800 VMThread "VM Thread" [stack: 0x0000001616100000,0x0000001616200000] [id=6364]
  0x000001599be5f000 WatcherThread [stack: 0x0000001616b00000,0x0000001616c00000] [id=2828]
  0x00000159ff3b6800 GCTaskThread "GC Thread#0" [stack: 0x0000001615c00000,0x0000001615d00000] [id=14456]
  0x000001599cd32800 GCTaskThread "GC Thread#1" [stack: 0x0000001616d00000,0x0000001616e00000] [id=14256]
  0x000001599c63c000 GCTaskThread "GC Thread#2" [stack: 0x0000001616e00000,0x0000001616f00000] [id=8696]
  0x000001599c388000 GCTaskThread "GC Thread#3" [stack: 0x0000001616f00000,0x0000001617000000] [id=4340]
  0x000001599cbf6800 GCTaskThread "GC Thread#4" [stack: 0x0000001617000000,0x0000001617100000] [id=15232]
  0x000001599cbc7000 GCTaskThread "GC Thread#5" [stack: 0x0000001617100000,0x0000001617200000] [id=11984]
  0x000001599e16b000 GCTaskThread "GC Thread#6" [stack: 0x0000001617f00000,0x0000001618000000] [id=4768]
  0x000001599d1bb000 GCTaskThread "GC Thread#7" [stack: 0x0000001618000000,0x0000001618100000] [id=14712]
  0x00000159ff3e7800 ConcurrentGCThread "G1 Main Marker" [stack: 0x0000001615d00000,0x0000001615e00000] [id=6156]
  0x00000159ff3e9000 ConcurrentGCThread "G1 Conc#0" [stack: 0x0000001615e00000,0x0000001615f00000] [id=14028]
  0x000001599f10a800 ConcurrentGCThread "G1 Conc#1" [stack: 0x0000001618100000,0x0000001618200000] [id=3792]
  0x000001599b262000 ConcurrentGCThread "G1 Refine#0" [stack: 0x0000001615f00000,0x0000001616000000] [id=8552]
  0x000001599f1ae800 ConcurrentGCThread "G1 Refine#1" [stack: 0x000000161f000000,0x000000161f100000] [id=3328]
  0x00000159a741e800 ConcurrentGCThread "G1 Refine#2" [stack: 0x000000161f100000,0x000000161f200000] [id=10312]
  0x00000159a750f000 ConcurrentGCThread "G1 Refine#3" [stack: 0x000000161f200000,0x000000161f300000] [id=9308]
  0x00000159a2bce000 ConcurrentGCThread "G1 Refine#4" [stack: 0x000000161f300000,0x000000161f400000] [id=14796]
  0x000001599f440000 ConcurrentGCThread "G1 Refine#5" [stack: 0x000000161f400000,0x000000161f500000] [id=8848]
  0x000001599b263000 ConcurrentGCThread "G1 Young RemSet Sampling" [stack: 0x0000001616000000,0x0000001616100000] [id=11408]

Threads with active compile tasks:
C2 CompilerThread019205257 34103       4       org.objectweb.asm.ClassReader::readCode (5109 bytes)
C2 CompilerThread119205257 34137 %     4       com.android.tools.r8.internal.xa::a @ 2572 (6068 bytes)
C2 CompilerThread219205257 34239       4       com.android.tools.r8.graph.Z0::a (211 bytes)

VM state:not at safepoint (normal execution)

VM Mutex/Monitor currently owned by a thread: None

Heap address: 0x0000000080000000, size: 2048 MB, Compressed Oops mode: 32-bit
Narrow klass base: 0x0000000000000000, Narrow klass shift: 3
Compressed class space size: 1073741824 Address: 0x0000000100000000

Heap:
 garbage-first heap   total 262144K, used 196829K [0x0000000080000000, 0x0000000100000000)
  region size 1024K, 93 young (95232K), 10 survivors (10240K)
 Metaspace       used 144412K, capacity 149673K, committed 151340K, reserved 1181696K
  class space    used 17502K, capacity 19389K, committed 19584K, reserved 1048576K
Heap Regions: E=young(eden), S=young(survivor), O=old, HS=humongous(starts), HC=humongous(continues), CS=collection set, F=free, A=archive, TAMS=top-at-mark-start (previous, next)
|   0|0x0000000080000000, 0x00000000800ffff0, 0x0000000080100000| 99%| O|  |TAMS 0x00000000800ffff0, 0x0000000080000000| Untracked 
|   1|0x0000000080100000, 0x00000000801e75e8, 0x0000000080200000| 90%| O|  |TAMS 0x00000000801e75e8, 0x0000000080100000| Untracked 
|   2|0x0000000080200000, 0x00000000802ffff8, 0x0000000080300000| 99%| O|  |TAMS 0x00000000802ffff8, 0x0000000080200000| Untracked 
|   3|0x0000000080300000, 0x0000000080400000, 0x0000000080400000|100%|HS|  |TAMS 0x0000000080400000, 0x0000000080300000| Complete 
|   4|0x0000000080400000, 0x0000000080500000, 0x0000000080500000|100%|HC|  |TAMS 0x0000000080500000, 0x0000000080400000| Complete 
|   5|0x0000000080500000, 0x0000000080600000, 0x0000000080600000|100%|HC|  |TAMS 0x0000000080600000, 0x0000000080500000| Complete 
|   6|0x0000000080600000, 0x0000000080700000, 0x0000000080700000|100%| O|  |TAMS 0x0000000080700000, 0x0000000080600000| Untracked 
|   7|0x0000000080700000, 0x00000000807f1e38, 0x0000000080800000| 94%| O|  |TAMS 0x00000000807f1e38, 0x0000000080700000| Untracked 
|   8|0x0000000080800000, 0x0000000080900000, 0x0000000080900000|100%| O|  |TAMS 0x0000000080900000, 0x0000000080800000| Untracked 
|   9|0x0000000080900000, 0x00000000809fffe8, 0x0000000080a00000| 99%| O|  |TAMS 0x00000000809fffe8, 0x0000000080900000| Untracked 
|  10|0x0000000080a00000, 0x0000000080afffa0, 0x0000000080b00000| 99%| O|  |TAMS 0x0000000080afffa0, 0x0000000080a00000| Untracked 
|  11|0x0000000080b00000, 0x0000000080c00000, 0x0000000080c00000|100%| O|  |TAMS 0x0000000080c00000, 0x0000000080b00000| Untracked 
|  12|0x0000000080c00000, 0x0000000080d00000, 0x0000000080d00000|100%| O|  |TAMS 0x0000000080d00000, 0x0000000080c00000| Untracked 
|  13|0x0000000080d00000, 0x0000000080dfffc8, 0x0000000080e00000| 99%| O|  |TAMS 0x0000000080dfffc8, 0x0000000080d00000| Untracked 
|  14|0x0000000080e00000, 0x0000000080ef1290, 0x0000000080f00000| 94%| O|  |TAMS 0x0000000080ef1290, 0x0000000080e00000| Untracked 
|  15|0x0000000080f00000, 0x0000000080ffffd8, 0x0000000081000000| 99%| O|  |TAMS 0x0000000080ffffd8, 0x0000000080f00000| Untracked 
|  16|0x0000000081000000, 0x00000000810fffb8, 0x0000000081100000| 99%| O|  |TAMS 0x00000000810fffb8, 0x0000000081000000| Untracked 
|  17|0x0000000081100000, 0x0000000081200000, 0x0000000081200000|100%|HS|  |TAMS 0x0000000081200000, 0x0000000081100000| Complete 
|  18|0x0000000081200000, 0x0000000081300000, 0x0000000081300000|100%|HS|  |TAMS 0x0000000081300000, 0x0000000081200000| Complete 
|  19|0x0000000081300000, 0x0000000081400000, 0x0000000081400000|100%|HS|  |TAMS 0x0000000081400000, 0x0000000081300000| Complete 
|  20|0x0000000081400000, 0x0000000081500000, 0x0000000081500000|100%|HS|  |TAMS 0x0000000081500000, 0x0000000081400000| Complete 
|  21|0x0000000081500000, 0x0000000081600000, 0x0000000081600000|100%|HC|  |TAMS 0x0000000081600000, 0x0000000081500000| Complete 
|  22|0x0000000081600000, 0x0000000081700000, 0x0000000081700000|100%|HC|  |TAMS 0x0000000081700000, 0x0000000081600000| Complete 
|  23|0x0000000081700000, 0x0000000081800000, 0x0000000081800000|100%|HS|  |TAMS 0x0000000081800000, 0x0000000081700000| Complete 
|  24|0x0000000081800000, 0x0000000081900000, 0x0000000081900000|100%|HC|  |TAMS 0x0000000081900000, 0x0000000081800000| Complete 
|  25|0x0000000081900000, 0x00000000819ffff8, 0x0000000081a00000| 99%| O|  |TAMS 0x00000000819ffff8, 0x0000000081900000| Untracked 
|  26|0x0000000081a00000, 0x0000000081affff0, 0x0000000081b00000| 99%| O|  |TAMS 0x0000000081affff0, 0x0000000081a00000| Untracked 
|  27|0x0000000081b00000, 0x0000000081bf6f68, 0x0000000081c00000| 96%| O|  |TAMS 0x0000000081bf6f68, 0x0000000081b00000| Untracked 
|  28|0x0000000081c00000, 0x0000000081cfed38, 0x0000000081d00000| 99%| O|  |TAMS 0x0000000081cfed38, 0x0000000081c00000| Untracked 
|  29|0x0000000081d00000, 0x0000000081dfffe0, 0x0000000081e00000| 99%| O|  |TAMS 0x0000000081dfffe0, 0x0000000081d00000| Untracked 
|  30|0x0000000081e00000, 0x0000000081f00000, 0x0000000081f00000|100%| O|  |TAMS 0x0000000081f00000, 0x0000000081e00000| Untracked 
|  31|0x0000000081f00000, 0x0000000081fffc20, 0x0000000082000000| 99%| O|  |TAMS 0x0000000081fffc20, 0x0000000081f00000| Untracked 
|  32|0x0000000082000000, 0x00000000820fdcc8, 0x0000000082100000| 99%| O|  |TAMS 0x00000000820fdcc8, 0x0000000082000000| Untracked 
|  33|0x0000000082100000, 0x00000000821ffff0, 0x0000000082200000| 99%| O|  |TAMS 0x00000000821ffff0, 0x0000000082100000| Untracked 
|  34|0x0000000082200000, 0x0000000082300000, 0x0000000082300000|100%| O|  |TAMS 0x0000000082300000, 0x0000000082200000| Untracked 
|  35|0x0000000082300000, 0x0000000082400000, 0x0000000082400000|100%| O|  |TAMS 0x0000000082400000, 0x0000000082300000| Untracked 
|  36|0x0000000082400000, 0x00000000824fffd8, 0x0000000082500000| 99%| O|  |TAMS 0x00000000824fffd8, 0x0000000082400000| Untracked 
|  37|0x0000000082500000, 0x00000000825ffff0, 0x0000000082600000| 99%| O|  |TAMS 0x00000000825ffff0, 0x0000000082500000| Untracked 
|  38|0x0000000082600000, 0x0000000082700000, 0x0000000082700000|100%| O|  |TAMS 0x0000000082700000, 0x0000000082600000| Untracked 
|  39|0x0000000082700000, 0x00000000827fbc98, 0x0000000082800000| 98%| O|  |TAMS 0x00000000827fbc98, 0x0000000082700000| Untracked 
|  40|0x0000000082800000, 0x0000000082900000, 0x0000000082900000|100%| O|  |TAMS 0x0000000082900000, 0x0000000082800000| Untracked 
|  41|0x0000000082900000, 0x00000000829fffe8, 0x0000000082a00000| 99%| O|  |TAMS 0x00000000829fffe8, 0x0000000082900000| Untracked 
|  42|0x0000000082a00000, 0x0000000082affff8, 0x0000000082b00000| 99%| O|  |TAMS 0x0000000082affff8, 0x0000000082a00000| Untracked 
|  43|0x0000000082b00000, 0x0000000082bfffa8, 0x0000000082c00000| 99%| O|  |TAMS 0x0000000082bfffa8, 0x0000000082b00000| Untracked 
|  44|0x0000000082c00000, 0x0000000082d00000, 0x0000000082d00000|100%| O|  |TAMS 0x0000000082d00000, 0x0000000082c00000| Untracked 
|  45|0x0000000082d00000, 0x0000000082dfffe8, 0x0000000082e00000| 99%| O|  |TAMS 0x0000000082dfffe8, 0x0000000082d00000| Untracked 
|  46|0x0000000082e00000, 0x0000000082f00000, 0x0000000082f00000|100%| O|  |TAMS 0x0000000082f00000, 0x0000000082e00000| Untracked 
|  47|0x0000000082f00000, 0x0000000082fffff8, 0x0000000083000000| 99%| O|  |TAMS 0x0000000082fffff8, 0x0000000082f00000| Untracked 
|  48|0x0000000083000000, 0x00000000830fff68, 0x0000000083100000| 99%| O|  |TAMS 0x00000000830fff68, 0x0000000083000000| Untracked 
|  49|0x0000000083100000, 0x0000000083200000, 0x0000000083200000|100%| O|  |TAMS 0x0000000083200000, 0x0000000083100000| Untracked 
|  50|0x0000000083200000, 0x00000000832ffff8, 0x0000000083300000| 99%| O|  |TAMS 0x00000000832ffff8, 0x0000000083200000| Untracked 
|  51|0x0000000083300000, 0x00000000833fffd0, 0x0000000083400000| 99%| O|  |TAMS 0x00000000833fffd0, 0x0000000083300000| Untracked 
|  52|0x0000000083400000, 0x00000000834fe2f0, 0x0000000083500000| 99%| O|  |TAMS 0x00000000834fe2f0, 0x0000000083400000| Untracked 
|  53|0x0000000083500000, 0x0000000083600000, 0x0000000083600000|100%| O|  |TAMS 0x0000000083600000, 0x0000000083500000| Untracked 
|  54|0x0000000083600000, 0x00000000836fffe8, 0x0000000083700000| 99%| O|  |TAMS 0x00000000836fffe8, 0x0000000083600000| Untracked 
|  55|0x0000000083700000, 0x00000000837fffe0, 0x0000000083800000| 99%| O|  |TAMS 0x00000000837fffe0, 0x0000000083700000| Untracked 
|  56|0x0000000083800000, 0x00000000838ffff8, 0x0000000083900000| 99%| O|  |TAMS 0x00000000838ffff8, 0x0000000083800000| Untracked 
|  57|0x0000000083900000, 0x0000000083900000, 0x0000000083a00000|  0%| F|  |TAMS 0x0000000083900000, 0x0000000083900000| Untracked 
|  58|0x0000000083a00000, 0x0000000083b00000, 0x0000000083b00000|100%| O|  |TAMS 0x0000000083b00000, 0x0000000083a00000| Complete 
|  59|0x0000000083b00000, 0x0000000083bffff8, 0x0000000083c00000| 99%| O|  |TAMS 0x0000000083bffff8, 0x0000000083b00000| Untracked 
|  60|0x0000000083c00000, 0x0000000083cfff60, 0x0000000083d00000| 99%| O|  |TAMS 0x0000000083cfff60, 0x0000000083c00000| Untracked 
|  61|0x0000000083d00000, 0x0000000083e00000, 0x0000000083e00000|100%| O|  |TAMS 0x0000000083e00000, 0x0000000083d00000| Untracked 
|  62|0x0000000083e00000, 0x0000000083f00000, 0x0000000083f00000|100%| O|  |TAMS 0x0000000083f00000, 0x0000000083e00000| Untracked 
|  63|0x0000000083f00000, 0x0000000083f706f8, 0x0000000084000000| 43%| O|  |TAMS 0x0000000083f706f8, 0x0000000083f00000| Complete 
|  64|0x0000000084000000, 0x0000000084000000, 0x0000000084100000|  0%| F|  |TAMS 0x0000000084000000, 0x0000000084000000| Untracked 
|  65|0x0000000084100000, 0x0000000084200000, 0x0000000084200000|100%|HS|  |TAMS 0x0000000084200000, 0x0000000084100000| Complete 
|  66|0x0000000084200000, 0x0000000084300000, 0x0000000084300000|100%| O|  |TAMS 0x0000000084300000, 0x0000000084200000| Complete 
|  67|0x0000000084300000, 0x0000000084400000, 0x0000000084400000|100%| O|  |TAMS 0x0000000084400000, 0x0000000084300000| Complete 
|  68|0x0000000084400000, 0x00000000844ffff8, 0x0000000084500000| 99%| O|  |TAMS 0x00000000844ffff8, 0x0000000084400000| Untracked 
|  69|0x0000000084500000, 0x0000000084600000, 0x0000000084600000|100%| O|  |TAMS 0x0000000084600000, 0x0000000084500000| Untracked 
|  70|0x0000000084600000, 0x0000000084700000, 0x0000000084700000|100%| O|  |TAMS 0x0000000084700000, 0x0000000084600000| Complete 
|  71|0x0000000084700000, 0x0000000084800000, 0x0000000084800000|100%| O|  |TAMS 0x0000000084800000, 0x0000000084700000| Untracked 
|  72|0x0000000084800000, 0x00000000848e0180, 0x0000000084900000| 87%| O|  |TAMS 0x00000000848e0180, 0x0000000084800000| Untracked 
|  73|0x0000000084900000, 0x0000000084978378, 0x0000000084a00000| 46%| O|  |TAMS 0x0000000084978378, 0x0000000084900000| Complete 
|  74|0x0000000084a00000, 0x0000000084b00000, 0x0000000084b00000|100%| O|  |TAMS 0x0000000084b00000, 0x0000000084a00000| Complete 
|  75|0x0000000084b00000, 0x0000000084bfffe0, 0x0000000084c00000| 99%| O|  |TAMS 0x0000000084bfffe0, 0x0000000084b00000| Untracked 
|  76|0x0000000084c00000, 0x0000000084cf17b8, 0x0000000084d00000| 94%| O|  |TAMS 0x0000000084cf17b8, 0x0000000084c00000| Untracked 
|  77|0x0000000084d00000, 0x0000000084dffff8, 0x0000000084e00000| 99%| O|  |TAMS 0x0000000084dffff8, 0x0000000084d00000| Untracked 
|  78|0x0000000084e00000, 0x0000000084effff0, 0x0000000084f00000| 99%| O|  |TAMS 0x0000000084effff0, 0x0000000084e00000| Untracked 
|  79|0x0000000084f00000, 0x0000000084f00000, 0x0000000085000000|  0%| F|  |TAMS 0x0000000084f00000, 0x0000000084f00000| Untracked 
|  80|0x0000000085000000, 0x00000000850ffff8, 0x0000000085100000| 99%| O|  |TAMS 0x00000000850ffff8, 0x0000000085000000| Untracked 
|  81|0x0000000085100000, 0x0000000085200000, 0x0000000085200000|100%| O|  |TAMS 0x0000000085200000, 0x0000000085100000| Complete 
|  82|0x0000000085200000, 0x0000000085300000, 0x0000000085300000|100%| O|  |TAMS 0x0000000085300000, 0x0000000085200000| Complete 
|  83|0x0000000085300000, 0x0000000085300000, 0x0000000085400000|  0%| F|  |TAMS 0x0000000085300000, 0x0000000085300000| Untracked 
|  84|0x0000000085400000, 0x0000000085500000, 0x0000000085500000|100%| O|  |TAMS 0x0000000085500000, 0x0000000085400000| Complete 
|  85|0x0000000085500000, 0x0000000085600000, 0x0000000085600000|100%| O|  |TAMS 0x0000000085600000, 0x0000000085500000| Complete 
|  86|0x0000000085600000, 0x0000000085700000, 0x0000000085700000|100%| O|  |TAMS 0x0000000085700000, 0x0000000085600000| Complete 
|  87|0x0000000085700000, 0x0000000085700000, 0x0000000085800000|  0%| F|  |TAMS 0x0000000085700000, 0x0000000085700000| Untracked 
|  88|0x0000000085800000, 0x0000000085900000, 0x0000000085900000|100%| O|  |TAMS 0x0000000085900000, 0x0000000085800000| Complete 
|  89|0x0000000085900000, 0x0000000085900000, 0x0000000085a00000|  0%| F|  |TAMS 0x0000000085900000, 0x0000000085900000| Untracked 
|  90|0x0000000085a00000, 0x0000000085a00000, 0x0000000085b00000|  0%| F|  |TAMS 0x0000000085a00000, 0x0000000085a00000| Untracked 
|  91|0x0000000085b00000, 0x0000000085b00000, 0x0000000085c00000|  0%| F|  |TAMS 0x0000000085b00000, 0x0000000085b00000| Untracked 
|  92|0x0000000085c00000, 0x0000000085d00000, 0x0000000085d00000|100%|HS|  |TAMS 0x0000000085d00000, 0x0000000085c00000| Complete 
|  93|0x0000000085d00000, 0x0000000085e00000, 0x0000000085e00000|100%|HC|  |TAMS 0x0000000085e00000, 0x0000000085d00000| Complete 
|  94|0x0000000085e00000, 0x0000000085f00000, 0x0000000085f00000|100%|HC|  |TAMS 0x0000000085f00000, 0x0000000085e00000| Complete 
|  95|0x0000000085f00000, 0x0000000086000000, 0x0000000086000000|100%| O|  |TAMS 0x0000000086000000, 0x0000000085f00000| Complete 
|  96|0x0000000086000000, 0x0000000086100000, 0x0000000086100000|100%| O|  |TAMS 0x0000000086100000, 0x0000000086000000| Complete 
|  97|0x0000000086100000, 0x0000000086200000, 0x0000000086200000|100%| O|  |TAMS 0x0000000086200000, 0x0000000086100000| Complete 
|  98|0x0000000086200000, 0x0000000086200000, 0x0000000086300000|  0%| F|  |TAMS 0x0000000086200000, 0x0000000086200000| Untracked 
|  99|0x0000000086300000, 0x0000000086400000, 0x0000000086400000|100%| O|  |TAMS 0x0000000086400000, 0x0000000086300000| Complete 
| 100|0x0000000086400000, 0x0000000086500000, 0x0000000086500000|100%| O|  |TAMS 0x0000000086500000, 0x0000000086400000| Untracked 
| 101|0x0000000086500000, 0x0000000086600000, 0x0000000086600000|100%| O|  |TAMS 0x0000000086600000, 0x0000000086500000| Complete 
| 102|0x0000000086600000, 0x0000000086700000, 0x0000000086700000|100%| O|  |TAMS 0x0000000086700000, 0x0000000086600000| Complete 
| 103|0x0000000086700000, 0x0000000086800000, 0x0000000086800000|100%| O|  |TAMS 0x0000000086800000, 0x0000000086700000| Complete 
| 104|0x0000000086800000, 0x0000000086900000, 0x0000000086900000|100%| O|  |TAMS 0x0000000086900000, 0x0000000086800000| Complete 
| 105|0x0000000086900000, 0x0000000086a00000, 0x0000000086a00000|100%| O|  |TAMS 0x0000000086a00000, 0x0000000086900000| Complete 
| 106|0x0000000086a00000, 0x0000000086b00000, 0x0000000086b00000|100%| O|  |TAMS 0x0000000086b00000, 0x0000000086a00000| Complete 
| 107|0x0000000086b00000, 0x0000000086b26a00, 0x0000000086c00000| 15%| O|  |TAMS 0x0000000086b26a00, 0x0000000086b00000| Untracked 
| 108|0x0000000086c00000, 0x0000000086c00000, 0x0000000086d00000|  0%| F|  |TAMS 0x0000000086c00000, 0x0000000086c00000| Untracked 
| 109|0x0000000086d00000, 0x0000000086d00000, 0x0000000086e00000|  0%| F|  |TAMS 0x0000000086d00000, 0x0000000086d00000| Untracked 
| 110|0x0000000086e00000, 0x0000000086e00000, 0x0000000086f00000|  0%| F|  |TAMS 0x0000000086e00000, 0x0000000086e00000| Untracked 
| 111|0x0000000086f00000, 0x0000000086f00000, 0x0000000087000000|  0%| F|  |TAMS 0x0000000086f00000, 0x0000000086f00000| Untracked 
| 112|0x0000000087000000, 0x0000000087100000, 0x0000000087100000|100%| O|  |TAMS 0x0000000087100000, 0x0000000087000000| Complete 
| 113|0x0000000087100000, 0x0000000087200000, 0x0000000087200000|100%| O|  |TAMS 0x0000000087200000, 0x0000000087100000| Complete 
| 114|0x0000000087200000, 0x0000000087300000, 0x0000000087300000|100%| O|  |TAMS 0x0000000087300000, 0x0000000087200000| Complete 
| 115|0x0000000087300000, 0x0000000087300000, 0x0000000087400000|  0%| F|  |TAMS 0x0000000087300000, 0x0000000087300000| Untracked 
| 116|0x0000000087400000, 0x0000000087400000, 0x0000000087500000|  0%| F|  |TAMS 0x0000000087400000, 0x0000000087400000| Untracked 
| 117|0x0000000087500000, 0x0000000087500000, 0x0000000087600000|  0%| F|  |TAMS 0x0000000087500000, 0x0000000087500000| Untracked 
| 118|0x0000000087600000, 0x0000000087600000, 0x0000000087700000|  0%| F|  |TAMS 0x0000000087600000, 0x0000000087600000| Untracked 
| 119|0x0000000087700000, 0x0000000087700000, 0x0000000087800000|  0%| F|  |TAMS 0x0000000087700000, 0x0000000087700000| Untracked 
| 120|0x0000000087800000, 0x0000000087900000, 0x0000000087900000|100%| O|  |TAMS 0x0000000087900000, 0x0000000087800000| Complete 
| 121|0x0000000087900000, 0x0000000087900000, 0x0000000087a00000|  0%| F|  |TAMS 0x0000000087900000, 0x0000000087900000| Untracked 
| 122|0x0000000087a00000, 0x0000000087a00000, 0x0000000087b00000|  0%| F|  |TAMS 0x0000000087a00000, 0x0000000087a00000| Untracked 
| 123|0x0000000087b00000, 0x0000000087b00000, 0x0000000087c00000|  0%| F|  |TAMS 0x0000000087b00000, 0x0000000087b00000| Untracked 
| 124|0x0000000087c00000, 0x0000000087d00000, 0x0000000087d00000|100%| O|  |TAMS 0x0000000087d00000, 0x0000000087c00000| Complete 
| 125|0x0000000087d00000, 0x0000000087d00000, 0x0000000087e00000|  0%| F|  |TAMS 0x0000000087d00000, 0x0000000087d00000| Untracked 
| 126|0x0000000087e00000, 0x0000000087e00000, 0x0000000087f00000|  0%| F|  |TAMS 0x0000000087e00000, 0x0000000087e00000| Untracked 
| 127|0x0000000087f00000, 0x0000000087f00000, 0x0000000088000000|  0%| F|  |TAMS 0x0000000087f00000, 0x0000000087f00000| Untracked 
| 128|0x0000000088000000, 0x0000000088000000, 0x0000000088100000|  0%| F|  |TAMS 0x0000000088000000, 0x0000000088000000| Untracked 
| 129|0x0000000088100000, 0x0000000088100000, 0x0000000088200000|  0%| F|  |TAMS 0x0000000088100000, 0x0000000088100000| Untracked 
| 130|0x0000000088200000, 0x0000000088200000, 0x0000000088300000|  0%| F|  |TAMS 0x0000000088200000, 0x0000000088200000| Untracked 
| 131|0x0000000088300000, 0x0000000088300000, 0x0000000088400000|  0%| F|  |TAMS 0x0000000088300000, 0x0000000088300000| Untracked 
| 132|0x0000000088400000, 0x0000000088400000, 0x0000000088500000|  0%| F|  |TAMS 0x0000000088400000, 0x0000000088400000| Untracked 
| 133|0x0000000088500000, 0x0000000088500000, 0x0000000088600000|  0%| F|  |TAMS 0x0000000088500000, 0x0000000088500000| Untracked 
| 134|0x0000000088600000, 0x0000000088600000, 0x0000000088700000|  0%| F|  |TAMS 0x0000000088600000, 0x0000000088600000| Untracked 
| 135|0x0000000088700000, 0x0000000088700000, 0x0000000088800000|  0%| F|  |TAMS 0x0000000088700000, 0x0000000088700000| Untracked 
| 136|0x0000000088800000, 0x0000000088800000, 0x0000000088900000|  0%| F|  |TAMS 0x0000000088800000, 0x0000000088800000| Untracked 
| 137|0x0000000088900000, 0x0000000088900000, 0x0000000088a00000|  0%| F|  |TAMS 0x0000000088900000, 0x0000000088900000| Untracked 
| 138|0x0000000088a00000, 0x0000000088a00000, 0x0000000088b00000|  0%| F|  |TAMS 0x0000000088a00000, 0x0000000088a00000| Untracked 
| 139|0x0000000088b00000, 0x0000000088b00000, 0x0000000088c00000|  0%| F|  |TAMS 0x0000000088b00000, 0x0000000088b00000| Untracked 
| 140|0x0000000088c00000, 0x0000000088c00000, 0x0000000088d00000|  0%| F|  |TAMS 0x0000000088c00000, 0x0000000088c00000| Untracked 
| 141|0x0000000088d00000, 0x0000000088d00000, 0x0000000088e00000|  0%| F|  |TAMS 0x0000000088d00000, 0x0000000088d00000| Untracked 
| 142|0x0000000088e00000, 0x0000000088e00000, 0x0000000088f00000|  0%| F|  |TAMS 0x0000000088e00000, 0x0000000088e00000| Untracked 
| 143|0x0000000088f00000, 0x0000000088f00000, 0x0000000089000000|  0%| F|  |TAMS 0x0000000088f00000, 0x0000000088f00000| Untracked 
| 144|0x0000000089000000, 0x0000000089000000, 0x0000000089100000|  0%| F|  |TAMS 0x0000000089000000, 0x0000000089000000| Untracked 
| 145|0x0000000089100000, 0x0000000089100000, 0x0000000089200000|  0%| F|  |TAMS 0x0000000089100000, 0x0000000089100000| Untracked 
| 146|0x0000000089200000, 0x0000000089200000, 0x0000000089300000|  0%| F|  |TAMS 0x0000000089200000, 0x0000000089200000| Untracked 
| 147|0x0000000089300000, 0x000000008939f168, 0x0000000089400000| 62%| S|CS|TAMS 0x0000000089300000, 0x0000000089300000| Complete 
| 148|0x0000000089400000, 0x0000000089500000, 0x0000000089500000|100%| S|CS|TAMS 0x0000000089400000, 0x0000000089400000| Complete 
| 149|0x0000000089500000, 0x0000000089600000, 0x0000000089600000|100%| S|CS|TAMS 0x0000000089500000, 0x0000000089500000| Complete 
| 150|0x0000000089600000, 0x0000000089700000, 0x0000000089700000|100%| S|CS|TAMS 0x0000000089600000, 0x0000000089600000| Complete 
| 151|0x0000000089700000, 0x0000000089800000, 0x0000000089800000|100%| S|CS|TAMS 0x0000000089700000, 0x0000000089700000| Complete 
| 152|0x0000000089800000, 0x0000000089900000, 0x0000000089900000|100%| S|CS|TAMS 0x0000000089800000, 0x0000000089800000| Complete 
| 153|0x0000000089900000, 0x0000000089a00000, 0x0000000089a00000|100%| S|CS|TAMS 0x0000000089900000, 0x0000000089900000| Complete 
| 154|0x0000000089a00000, 0x0000000089b00000, 0x0000000089b00000|100%| S|CS|TAMS 0x0000000089a00000, 0x0000000089a00000| Complete 
| 155|0x0000000089b00000, 0x0000000089c00000, 0x0000000089c00000|100%| S|CS|TAMS 0x0000000089b00000, 0x0000000089b00000| Complete 
| 156|0x0000000089c00000, 0x0000000089d00000, 0x0000000089d00000|100%| S|CS|TAMS 0x0000000089c00000, 0x0000000089c00000| Complete 
| 157|0x0000000089d00000, 0x0000000089d00000, 0x0000000089e00000|  0%| F|  |TAMS 0x0000000089d00000, 0x0000000089d00000| Untracked 
| 158|0x0000000089e00000, 0x0000000089e00000, 0x0000000089f00000|  0%| F|  |TAMS 0x0000000089e00000, 0x0000000089e00000| Untracked 
| 159|0x0000000089f00000, 0x0000000089f00000, 0x000000008a000000|  0%| F|  |TAMS 0x0000000089f00000, 0x0000000089f00000| Untracked 
| 160|0x000000008a000000, 0x000000008a000000, 0x000000008a100000|  0%| F|  |TAMS 0x000000008a000000, 0x000000008a000000| Untracked 
| 161|0x000000008a100000, 0x000000008a100000, 0x000000008a200000|  0%| F|  |TAMS 0x000000008a100000, 0x000000008a100000| Untracked 
| 162|0x000000008a200000, 0x000000008a200000, 0x000000008a300000|  0%| F|  |TAMS 0x000000008a200000, 0x000000008a200000| Untracked 
| 163|0x000000008a300000, 0x000000008a300000, 0x000000008a400000|  0%| F|  |TAMS 0x000000008a300000, 0x000000008a300000| Untracked 
| 164|0x000000008a400000, 0x000000008a400000, 0x000000008a500000|  0%| F|  |TAMS 0x000000008a400000, 0x000000008a400000| Untracked 
| 165|0x000000008a500000, 0x000000008a500000, 0x000000008a600000|  0%| F|  |TAMS 0x000000008a500000, 0x000000008a500000| Untracked 
| 166|0x000000008a600000, 0x000000008a600000, 0x000000008a700000|  0%| F|  |TAMS 0x000000008a600000, 0x000000008a600000| Untracked 
| 167|0x000000008a700000, 0x000000008a700000, 0x000000008a800000|  0%| F|  |TAMS 0x000000008a700000, 0x000000008a700000| Untracked 
| 168|0x000000008a800000, 0x000000008a800000, 0x000000008a900000|  0%| F|  |TAMS 0x000000008a800000, 0x000000008a800000| Untracked 
| 169|0x000000008a900000, 0x000000008a900000, 0x000000008aa00000|  0%| F|  |TAMS 0x000000008a900000, 0x000000008a900000| Untracked 
| 170|0x000000008aa00000, 0x000000008aa00000, 0x000000008ab00000|  0%| F|  |TAMS 0x000000008aa00000, 0x000000008aa00000| Untracked 
| 171|0x000000008ab00000, 0x000000008ab00000, 0x000000008ac00000|  0%| F|  |TAMS 0x000000008ab00000, 0x000000008ab00000| Untracked 
| 172|0x000000008ac00000, 0x000000008ac00000, 0x000000008ad00000|  0%| F|  |TAMS 0x000000008ac00000, 0x000000008ac00000| Untracked 
| 173|0x000000008ad00000, 0x000000008ad4d768, 0x000000008ae00000| 30%| E|  |TAMS 0x000000008ad00000, 0x000000008ad00000| Complete 
| 174|0x000000008ae00000, 0x000000008af00000, 0x000000008af00000|100%| E|CS|TAMS 0x000000008ae00000, 0x000000008ae00000| Complete 
| 175|0x000000008af00000, 0x000000008b000000, 0x000000008b000000|100%| E|CS|TAMS 0x000000008af00000, 0x000000008af00000| Complete 
| 176|0x000000008b000000, 0x000000008b100000, 0x000000008b100000|100%| E|CS|TAMS 0x000000008b000000, 0x000000008b000000| Complete 
| 177|0x000000008b100000, 0x000000008b200000, 0x000000008b200000|100%| E|CS|TAMS 0x000000008b100000, 0x000000008b100000| Complete 
| 178|0x000000008b200000, 0x000000008b300000, 0x000000008b300000|100%| E|CS|TAMS 0x000000008b200000, 0x000000008b200000| Complete 
| 179|0x000000008b300000, 0x000000008b400000, 0x000000008b400000|100%| E|CS|TAMS 0x000000008b300000, 0x000000008b300000| Complete 
| 180|0x000000008b400000, 0x000000008b500000, 0x000000008b500000|100%| E|CS|TAMS 0x000000008b400000, 0x000000008b400000| Complete 
| 181|0x000000008b500000, 0x000000008b600000, 0x000000008b600000|100%| E|CS|TAMS 0x000000008b500000, 0x000000008b500000| Complete 
| 182|0x000000008b600000, 0x000000008b700000, 0x000000008b700000|100%| E|CS|TAMS 0x000000008b600000, 0x000000008b600000| Complete 
| 183|0x000000008b700000, 0x000000008b7fff50, 0x000000008b800000| 99%| E|  |TAMS 0x000000008b700000, 0x000000008b700000| Complete 
| 184|0x000000008b800000, 0x000000008b900000, 0x000000008b900000|100%| E|CS|TAMS 0x000000008b800000, 0x000000008b800000| Complete 
| 185|0x000000008b900000, 0x000000008ba00000, 0x000000008ba00000|100%| E|CS|TAMS 0x000000008b900000, 0x000000008b900000| Complete 
| 186|0x000000008ba00000, 0x000000008bb00000, 0x000000008bb00000|100%| E|CS|TAMS 0x000000008ba00000, 0x000000008ba00000| Complete 
| 187|0x000000008bb00000, 0x000000008bc00000, 0x000000008bc00000|100%| E|CS|TAMS 0x000000008bb00000, 0x000000008bb00000| Complete 
| 188|0x000000008bc00000, 0x000000008bd00000, 0x000000008bd00000|100%| E|CS|TAMS 0x000000008bc00000, 0x000000008bc00000| Complete 
| 189|0x000000008bd00000, 0x000000008be00000, 0x000000008be00000|100%| E|CS|TAMS 0x000000008bd00000, 0x000000008bd00000| Complete 
| 190|0x000000008be00000, 0x000000008bf00000, 0x000000008bf00000|100%| E|CS|TAMS 0x000000008be00000, 0x000000008be00000| Complete 
| 191|0x000000008bf00000, 0x000000008c000000, 0x000000008c000000|100%| E|CS|TAMS 0x000000008bf00000, 0x000000008bf00000| Complete 
| 192|0x000000008c000000, 0x000000008c100000, 0x000000008c100000|100%| E|CS|TAMS 0x000000008c000000, 0x000000008c000000| Complete 
| 193|0x000000008c100000, 0x000000008c200000, 0x000000008c200000|100%| E|CS|TAMS 0x000000008c100000, 0x000000008c100000| Complete 
| 194|0x000000008c200000, 0x000000008c300000, 0x000000008c300000|100%| E|CS|TAMS 0x000000008c200000, 0x000000008c200000| Complete 
| 195|0x000000008c300000, 0x000000008c400000, 0x000000008c400000|100%| E|CS|TAMS 0x000000008c300000, 0x000000008c300000| Complete 
| 196|0x000000008c400000, 0x000000008c500000, 0x000000008c500000|100%| E|CS|TAMS 0x000000008c400000, 0x000000008c400000| Complete 
| 197|0x000000008c500000, 0x000000008c600000, 0x000000008c600000|100%| E|CS|TAMS 0x000000008c500000, 0x000000008c500000| Complete 
| 198|0x000000008c600000, 0x000000008c700000, 0x000000008c700000|100%| E|CS|TAMS 0x000000008c600000, 0x000000008c600000| Complete 
| 199|0x000000008c700000, 0x000000008c800000, 0x000000008c800000|100%| E|CS|TAMS 0x000000008c700000, 0x000000008c700000| Complete 
| 200|0x000000008c800000, 0x000000008c900000, 0x000000008c900000|100%| E|CS|TAMS 0x000000008c800000, 0x000000008c800000| Complete 
| 201|0x000000008c900000, 0x000000008ca00000, 0x000000008ca00000|100%| E|CS|TAMS 0x000000008c900000, 0x000000008c900000| Complete 
| 202|0x000000008ca00000, 0x000000008cb00000, 0x000000008cb00000|100%| E|CS|TAMS 0x000000008ca00000, 0x000000008ca00000| Complete 
| 203|0x000000008cb00000, 0x000000008cc00000, 0x000000008cc00000|100%| E|CS|TAMS 0x000000008cb00000, 0x000000008cb00000| Complete 
| 204|0x000000008cc00000, 0x000000008cd00000, 0x000000008cd00000|100%| E|CS|TAMS 0x000000008cc00000, 0x000000008cc00000| Complete 
| 205|0x000000008cd00000, 0x000000008ce00000, 0x000000008ce00000|100%| E|CS|TAMS 0x000000008cd00000, 0x000000008cd00000| Complete 
| 206|0x000000008ce00000, 0x000000008cf00000, 0x000000008cf00000|100%| E|CS|TAMS 0x000000008ce00000, 0x000000008ce00000| Complete 
| 207|0x000000008cf00000, 0x000000008d000000, 0x000000008d000000|100%| E|CS|TAMS 0x000000008cf00000, 0x000000008cf00000| Complete 
| 208|0x000000008d000000, 0x000000008d100000, 0x000000008d100000|100%| E|CS|TAMS 0x000000008d000000, 0x000000008d000000| Complete 
| 209|0x000000008d100000, 0x000000008d200000, 0x000000008d200000|100%| E|CS|TAMS 0x000000008d100000, 0x000000008d100000| Complete 
| 210|0x000000008d200000, 0x000000008d300000, 0x000000008d300000|100%| E|CS|TAMS 0x000000008d200000, 0x000000008d200000| Complete 
| 211|0x000000008d300000, 0x000000008d400000, 0x000000008d400000|100%| E|CS|TAMS 0x000000008d300000, 0x000000008d300000| Complete 
| 212|0x000000008d400000, 0x000000008d500000, 0x000000008d500000|100%| E|CS|TAMS 0x000000008d400000, 0x000000008d400000| Complete 
| 213|0x000000008d500000, 0x000000008d600000, 0x000000008d600000|100%| E|CS|TAMS 0x000000008d500000, 0x000000008d500000| Complete 
| 214|0x000000008d600000, 0x000000008d700000, 0x000000008d700000|100%| E|CS|TAMS 0x000000008d600000, 0x000000008d600000| Complete 
| 215|0x000000008d700000, 0x000000008d800000, 0x000000008d800000|100%| E|CS|TAMS 0x000000008d700000, 0x000000008d700000| Complete 
| 216|0x000000008d800000, 0x000000008d900000, 0x000000008d900000|100%| E|CS|TAMS 0x000000008d800000, 0x000000008d800000| Complete 
| 217|0x000000008d900000, 0x000000008da00000, 0x000000008da00000|100%| E|CS|TAMS 0x000000008d900000, 0x000000008d900000| Complete 
| 218|0x000000008da00000, 0x000000008db00000, 0x000000008db00000|100%| E|CS|TAMS 0x000000008da00000, 0x000000008da00000| Complete 
| 219|0x000000008db00000, 0x000000008dc00000, 0x000000008dc00000|100%| E|CS|TAMS 0x000000008db00000, 0x000000008db00000| Complete 
| 220|0x000000008dc00000, 0x000000008dd00000, 0x000000008dd00000|100%| E|CS|TAMS 0x000000008dc00000, 0x000000008dc00000| Complete 
| 221|0x000000008dd00000, 0x000000008de00000, 0x000000008de00000|100%| E|CS|TAMS 0x000000008dd00000, 0x000000008dd00000| Complete 
| 222|0x000000008de00000, 0x000000008df00000, 0x000000008df00000|100%| E|CS|TAMS 0x000000008de00000, 0x000000008de00000| Complete 
| 223|0x000000008df00000, 0x000000008e000000, 0x000000008e000000|100%| E|CS|TAMS 0x000000008df00000, 0x000000008df00000| Complete 
| 224|0x000000008e000000, 0x000000008e100000, 0x000000008e100000|100%| E|CS|TAMS 0x000000008e000000, 0x000000008e000000| Complete 
| 225|0x000000008e100000, 0x000000008e200000, 0x000000008e200000|100%| E|CS|TAMS 0x000000008e100000, 0x000000008e100000| Complete 
| 226|0x000000008e200000, 0x000000008e300000, 0x000000008e300000|100%| E|CS|TAMS 0x000000008e200000, 0x000000008e200000| Complete 
| 227|0x000000008e300000, 0x000000008e400000, 0x000000008e400000|100%| E|CS|TAMS 0x000000008e300000, 0x000000008e300000| Complete 
| 228|0x000000008e400000, 0x000000008e500000, 0x000000008e500000|100%| E|CS|TAMS 0x000000008e400000, 0x000000008e400000| Complete 
| 229|0x000000008e500000, 0x000000008e600000, 0x000000008e600000|100%| E|CS|TAMS 0x000000008e500000, 0x000000008e500000| Complete 
| 230|0x000000008e600000, 0x000000008e700000, 0x000000008e700000|100%| E|CS|TAMS 0x000000008e600000, 0x000000008e600000| Complete 
| 231|0x000000008e700000, 0x000000008e800000, 0x000000008e800000|100%| E|CS|TAMS 0x000000008e700000, 0x000000008e700000| Complete 
| 232|0x000000008e800000, 0x000000008e900000, 0x000000008e900000|100%| E|CS|TAMS 0x000000008e800000, 0x000000008e800000| Complete 
| 233|0x000000008e900000, 0x000000008ea00000, 0x000000008ea00000|100%| E|CS|TAMS 0x000000008e900000, 0x000000008e900000| Complete 
| 234|0x000000008ea00000, 0x000000008eb00000, 0x000000008eb00000|100%| E|CS|TAMS 0x000000008ea00000, 0x000000008ea00000| Complete 
| 235|0x000000008eb00000, 0x000000008ec00000, 0x000000008ec00000|100%| E|CS|TAMS 0x000000008eb00000, 0x000000008eb00000| Complete 
| 236|0x000000008ec00000, 0x000000008ed00000, 0x000000008ed00000|100%| E|CS|TAMS 0x000000008ec00000, 0x000000008ec00000| Complete 
| 237|0x000000008ed00000, 0x000000008ee00000, 0x000000008ee00000|100%| E|CS|TAMS 0x000000008ed00000, 0x000000008ed00000| Complete 
| 238|0x000000008ee00000, 0x000000008ef00000, 0x000000008ef00000|100%| E|CS|TAMS 0x000000008ee00000, 0x000000008ee00000| Complete 
| 239|0x000000008ef00000, 0x000000008f000000, 0x000000008f000000|100%| E|CS|TAMS 0x000000008ef00000, 0x000000008ef00000| Complete 
| 240|0x000000008f000000, 0x000000008f100000, 0x000000008f100000|100%| E|CS|TAMS 0x000000008f000000, 0x000000008f000000| Complete 
| 241|0x000000008f100000, 0x000000008f200000, 0x000000008f200000|100%| E|CS|TAMS 0x000000008f100000, 0x000000008f100000| Complete 
| 242|0x000000008f200000, 0x000000008f300000, 0x000000008f300000|100%| E|CS|TAMS 0x000000008f200000, 0x000000008f200000| Complete 
| 243|0x000000008f300000, 0x000000008f400000, 0x000000008f400000|100%| E|CS|TAMS 0x000000008f300000, 0x000000008f300000| Complete 
| 244|0x000000008f400000, 0x000000008f500000, 0x000000008f500000|100%| E|CS|TAMS 0x000000008f400000, 0x000000008f400000| Complete 
| 245|0x000000008f500000, 0x000000008f600000, 0x000000008f600000|100%| E|CS|TAMS 0x000000008f500000, 0x000000008f500000| Complete 
| 246|0x000000008f600000, 0x000000008f700000, 0x000000008f700000|100%| E|CS|TAMS 0x000000008f600000, 0x000000008f600000| Complete 
| 247|0x000000008f700000, 0x000000008f800000, 0x000000008f800000|100%| E|CS|TAMS 0x000000008f700000, 0x000000008f700000| Complete 
| 248|0x000000008f800000, 0x000000008f900000, 0x000000008f900000|100%| E|CS|TAMS 0x000000008f800000, 0x000000008f800000| Complete 
| 249|0x000000008f900000, 0x000000008fa00000, 0x000000008fa00000|100%| E|CS|TAMS 0x000000008f900000, 0x000000008f900000| Complete 
| 250|0x000000008fa00000, 0x000000008fb00000, 0x000000008fb00000|100%| E|CS|TAMS 0x000000008fa00000, 0x000000008fa00000| Complete 
| 251|0x000000008fb00000, 0x000000008fc00000, 0x000000008fc00000|100%| E|CS|TAMS 0x000000008fb00000, 0x000000008fb00000| Complete 
| 252|0x000000008fc00000, 0x000000008fd00000, 0x000000008fd00000|100%| E|CS|TAMS 0x000000008fc00000, 0x000000008fc00000| Complete 
| 253|0x000000008fd00000, 0x000000008fe00000, 0x000000008fe00000|100%| E|CS|TAMS 0x000000008fd00000, 0x000000008fd00000| Complete 
| 254|0x000000008fe00000, 0x000000008ff00000, 0x000000008ff00000|100%| E|CS|TAMS 0x000000008fe00000, 0x000000008fe00000| Complete 
| 255|0x000000008ff00000, 0x0000000090000000, 0x0000000090000000|100%| E|CS|TAMS 0x000000008ff00000, 0x000000008ff00000| Complete 

Card table byte_map: [0x0000015994240000,0x0000015994640000] _byte_map_base: 0x0000015993e40000

Marking Bits (Prev, Next): (CMBitMap*) 0x00000159ff3deb98, (CMBitMap*) 0x00000159ff3debd0
 Prev Bits: [0x0000015994a40000, 0x0000015996a40000)
 Next Bits: [0x0000015996a40000, 0x0000015998a40000)

Polling page: 0x00000159fef00000

Metaspace:

Usage:
  Non-class:    127.23 MB capacity,   123.94 MB ( 97%) used,     2.70 MB (  2%) free+waste,   609.06 KB ( <1%) overhead. 
      Class:     18.93 MB capacity,    17.09 MB ( 90%) used,     1.58 MB (  8%) free+waste,   266.19 KB (  1%) overhead. 
       Both:    146.17 MB capacity,   141.03 MB ( 96%) used,     4.28 MB (  3%) free+waste,   875.25 KB ( <1%) overhead. 

Virtual space:
  Non-class space:      130.00 MB reserved,     128.67 MB ( 99%) committed 
      Class space:        1.00 GB reserved,      19.13 MB (  2%) committed 
             Both:        1.13 GB reserved,     147.79 MB ( 13%) committed 

Chunk freelists:
   Non-Class:  1.31 MB
       Class:  131.00 KB
        Both:  1.44 MB

MaxMetaspaceSize: 17179869184.00 GB
CompressedClassSpaceSize: 1.00 GB
Initial GC threshold: 20.80 MB
Current GC threshold: 246.32 MB
CDS: off

CodeHeap 'non-profiled nmethods': size=120000Kb used=25699Kb max_used=25699Kb free=94300Kb
 bounds [0x000001598c910000, 0x000001598e230000, 0x0000015993e40000]
CodeHeap 'profiled nmethods': size=120000Kb used=62750Kb max_used=62750Kb free=57250Kb
 bounds [0x00000159853e0000, 0x0000015989140000, 0x000001598c910000]
CodeHeap 'non-nmethods': size=5760Kb used=2499Kb max_used=2588Kb free=3260Kb
 bounds [0x0000015984e40000, 0x00000159850d0000, 0x00000159853e0000]
 total_blobs=29593 nmethods=28558 adapters=945
 compilation: enabled
              stopped_count=0, restarted_count=0
 full_count=0

Compilation events (20 events):
Event: 19205.223 Thread 0x000001599bc98800 34223       3       com.android.tools.r8.internal.lV::f (16 bytes)
Event: 19205.224 Thread 0x000001599bc98800 nmethod 34223 0x000001598912b790 code [0x000001598912b9c0, 0x000001598912c0f8]
Event: 19205.224 Thread 0x000001599bc98800 34225       1       com.android.tools.r8.graph.O::m0 (2 bytes)
Event: 19205.224 Thread 0x000001599bc98800 nmethod 34225 0x000001598e224110 code [0x000001598e2242c0, 0x000001598e224378]
Event: 19205.224 Thread 0x000001599bc98800 34226       1       com.android.tools.r8.graph.O::f (2 bytes)
Event: 19205.224 Thread 0x000001599bc98800 nmethod 34226 0x000001598e224410 code [0x000001598e2245c0, 0x000001598e224678]
Event: 19205.224 Thread 0x000001599bc98800 34227       1       com.android.tools.r8.code.W0::a (5 bytes)
Event: 19205.224 Thread 0x000001599bc98800 nmethod 34227 0x000001598e224710 code [0x000001598e2248c0, 0x000001598e224958]
Event: 19205.224 Thread 0x000001599bc98800 34228       1       com.android.tools.r8.code.W0::b (5 bytes)
Event: 19205.224 Thread 0x000001599bc98800 nmethod 34228 0x000001598e224a10 code [0x000001598e224bc0, 0x000001598e224c58]
Event: 19205.224 Thread 0x000001599bc98800 34229       1       com.android.tools.r8.code.W0::c (5 bytes)
Event: 19205.224 Thread 0x000001599bc98800 nmethod 34229 0x000001598e224d10 code [0x000001598e224ec0, 0x000001598e224f58]
Event: 19205.224 Thread 0x000001599bc98800 34230       1       com.android.tools.r8.code.W0::d (5 bytes)
Event: 19205.224 Thread 0x000001599bc98800 nmethod 34230 0x000001598e225010 code [0x000001598e2251c0, 0x000001598e225258]
Event: 19205.224 Thread 0x000001599bc98800 34231       1       com.android.tools.r8.code.W0::e (5 bytes)
Event: 19205.224 Thread 0x000001599bc98800 nmethod 34231 0x000001598e225310 code [0x000001598e2254c0, 0x000001598e225558]
Event: 19205.224 Thread 0x000001599bc98800 34232       1       com.android.tools.r8.code.W0::f (5 bytes)
Event: 19205.224 Thread 0x000001599bc98800 nmethod 34232 0x000001598e225610 code [0x000001598e2257c0, 0x000001598e225858]
Event: 19205.224 Thread 0x000001599bc98800 34233       1       com.android.tools.r8.code.W0::g (5 bytes)
Event: 19205.224 Thread 0x000001599bc98800 nmethod 34233 0x000001598e225910 code [0x000001598e225ac0, 0x000001598e225b58]

GC Heap History (20 events):
Event: 18195.025 GC heap before
{Heap before GC invocations=141 (full 1):
 garbage-first heap   total 262144K, used 123027K [0x0000000080000000, 0x0000000100000000)
  region size 1024K, 12 young (12288K), 5 survivors (5120K)
 Metaspace       used 143529K, capacity 148644K, committed 148908K, reserved 1179648K
  class space    used 17479K, capacity 19368K, committed 19456K, reserved 1048576K
}
Event: 18195.034 GC heap after
{Heap after GC invocations=142 (full 1):
 garbage-first heap   total 262144K, used 116443K [0x0000000080000000, 0x0000000100000000)
  region size 1024K, 2 young (2048K), 2 survivors (2048K)
 Metaspace       used 143529K, capacity 148644K, committed 148908K, reserved 1179648K
  class space    used 17479K, capacity 19368K, committed 19456K, reserved 1048576K
}
Event: 18202.612 GC heap before
{Heap before GC invocations=142 (full 1):
 garbage-first heap   total 262144K, used 157403K [0x0000000080000000, 0x0000000100000000)
  region size 1024K, 44 young (45056K), 2 survivors (2048K)
 Metaspace       used 143556K, capacity 148665K, committed 148908K, reserved 1179648K
  class space    used 17483K, capacity 19374K, committed 19456K, reserved 1048576K
}
Event: 18202.626 GC heap after
{Heap after GC invocations=143 (full 1):
 garbage-first heap   total 262144K, used 119426K [0x0000000080000000, 0x0000000100000000)
  region size 1024K, 5 young (5120K), 5 survivors (5120K)
 Metaspace       used 143556K, capacity 148665K, committed 148908K, reserved 1179648K
  class space    used 17483K, capacity 19374K, committed 19456K, reserved 1048576K
}
Event: 18203.699 GC heap before
{Heap before GC invocations=144 (full 1):
 garbage-first heap   total 262144K, used 203394K [0x0000000080000000, 0x0000000100000000)
  region size 1024K, 81 young (82944K), 5 survivors (5120K)
 Metaspace       used 145829K, capacity 150980K, committed 151084K, reserved 1181696K
  class space    used 17619K, capacity 19502K, committed 19584K, reserved 1048576K
}
Event: 18203.706 GC heap after
{Heap after GC invocations=145 (full 1):
 garbage-first heap   total 262144K, used 121085K [0x0000000080000000, 0x0000000100000000)
  region size 1024K, 7 young (7168K), 7 survivors (7168K)
 Metaspace       used 145829K, capacity 150980K, committed 151084K, reserved 1181696K
  class space    used 17619K, capacity 19502K, committed 19584K, reserved 1048576K
}
Event: 18211.320 GC heap before
{Heap before GC invocations=145 (full 1):
 garbage-first heap   total 262144K, used 125181K [0x0000000080000000, 0x0000000100000000)
  region size 1024K, 12 young (12288K), 7 survivors (7168K)
 Metaspace       used 145845K, capacity 150980K, committed 151084K, reserved 1181696K
  class space    used 17619K, capacity 19502K, committed 19584K, reserved 1048576K
}
Event: 18211.329 GC heap after
{Heap after GC invocations=146 (full 1):
 garbage-first heap   total 262144K, used 109248K [0x0000000080000000, 0x0000000100000000)
  region size 1024K, 1 young (1024K), 1 survivors (1024K)
 Metaspace       used 145845K, capacity 150980K, committed 151084K, reserved 1181696K
  class space    used 17619K, capacity 19502K, committed 19584K, reserved 1048576K
}
Event: 18211.597 GC heap before
{Heap before GC invocations=146 (full 1):
 garbage-first heap   total 262144K, used 137920K [0x0000000080000000, 0x0000000100000000)
  region size 1024K, 31 young (31744K), 1 survivors (1024K)
 Metaspace       used 145926K, capacity 151116K, committed 151340K, reserved 1181696K
  class space    used 17620K, capacity 19503K, committed 19584K, reserved 1048576K
}
Event: 18211.603 GC heap after
{Heap after GC invocations=147 (full 1):
 garbage-first heap   total 262144K, used 109228K [0x0000000080000000, 0x0000000100000000)
  region size 1024K, 1 young (1024K), 1 survivors (1024K)
 Metaspace       used 145926K, capacity 151116K, committed 151340K, reserved 1181696K
  class space    used 17620K, capacity 19503K, committed 19584K, reserved 1048576K
}
Event: 18678.952 GC heap before
{Heap before GC invocations=148 (full 1):
 garbage-first heap   total 262144K, used 210604K [0x0000000080000000, 0x0000000100000000)
  region size 1024K, 90 young (92160K), 1 survivors (1024K)
 Metaspace       used 143958K, capacity 149121K, committed 151340K, reserved 1181696K
  class space    used 17486K, capacity 19361K, committed 19584K, reserved 1048576K
}
Event: 18678.961 GC heap after
{Heap after GC invocations=149 (full 1):
 garbage-first heap   total 262144K, used 116201K [0x0000000080000000, 0x0000000100000000)
  region size 1024K, 8 young (8192K), 8 survivors (8192K)
 Metaspace       used 143958K, capacity 149121K, committed 151340K, reserved 1181696K
  class space    used 17486K, capacity 19361K, committed 19584K, reserved 1048576K
}
Event: 18723.897 GC heap before
{Heap before GC invocations=149 (full 1):
 garbage-first heap   total 262144K, used 203241K [0x0000000080000000, 0x0000000100000000)
  region size 1024K, 94 young (96256K), 8 survivors (8192K)
 Metaspace       used 144100K, capacity 149214K, committed 151340K, reserved 1181696K
  class space    used 17489K, capacity 19367K, committed 19584K, reserved 1048576K
}
Event: 18723.921 GC heap after
{Heap after GC invocations=150 (full 1):
 garbage-first heap   total 262144K, used 117381K [0x0000000080000000, 0x0000000100000000)
  region size 1024K, 8 young (8192K), 8 survivors (8192K)
 Metaspace       used 144100K, capacity 149214K, committed 151340K, reserved 1181696K
  class space    used 17489K, capacity 19367K, committed 19584K, reserved 1048576K
}
Event: 19136.147 GC heap before
{Heap before GC invocations=151 (full 1):
 garbage-first heap   total 262144K, used 214661K [0x0000000080000000, 0x0000000100000000)
  region size 1024K, 94 young (96256K), 8 survivors (8192K)
 Metaspace       used 144182K, capacity 149351K, committed 151340K, reserved 1181696K
  class space    used 17490K, capacity 19368K, committed 19584K, reserved 1048576K
}
Event: 19136.151 GC heap after
{Heap after GC invocations=152 (full 1):
 garbage-first heap   total 262144K, used 112766K [0x0000000080000000, 0x0000000100000000)
  region size 1024K, 3 young (3072K), 3 survivors (3072K)
 Metaspace       used 144182K, capacity 149351K, committed 151340K, reserved 1181696K
  class space    used 17490K, capacity 19368K, committed 19584K, reserved 1048576K
}
Event: 19136.184 GC heap before
{Heap before GC invocations=152 (full 1):
 garbage-first heap   total 262144K, used 120958K [0x0000000080000000, 0x0000000100000000)
  region size 1024K, 12 young (12288K), 3 survivors (3072K)
 Metaspace       used 144203K, capacity 149416K, committed 151340K, reserved 1181696K
  class space    used 17490K, capacity 19368K, committed 19584K, reserved 1048576K
}
Event: 19136.190 GC heap after
{Heap after GC invocations=153 (full 1):
 garbage-first heap   total 262144K, used 105393K [0x0000000080000000, 0x0000000100000000)
  region size 1024K, 2 young (2048K), 2 survivors (2048K)
 Metaspace       used 144203K, capacity 149416K, committed 151340K, reserved 1181696K
  class space    used 17490K, capacity 19368K, committed 19584K, reserved 1048576K
}
Event: 19176.830 GC heap before
{Heap before GC invocations=153 (full 1):
 garbage-first heap   total 262144K, used 203697K [0x0000000080000000, 0x0000000100000000)
  region size 1024K, 99 young (101376K), 2 survivors (2048K)
 Metaspace       used 144294K, capacity 149454K, committed 151340K, reserved 1181696K
  class space    used 17494K, capacity 19374K, committed 19584K, reserved 1048576K
}
Event: 19176.852 GC heap after
{Heap after GC invocations=154 (full 1):
 garbage-first heap   total 262144K, used 113885K [0x0000000080000000, 0x0000000100000000)
  region size 1024K, 10 young (10240K), 10 survivors (10240K)
 Metaspace       used 144294K, capacity 149454K, committed 151340K, reserved 1181696K
  class space    used 17494K, capacity 19374K, committed 19584K, reserved 1048576K
}

Deoptimization events (20 events):
Event: 19177.076 Thread 0x00000159a5331000 DEOPT PACKING pc=0x000001598e1ffc5c sp=0x000000161eafaf10
Event: 19177.076 Thread 0x00000159a5331000 DEOPT UNPACKING pc=0x0000015984e8a1af sp=0x000000161eafaeb0 mode 2
Event: 19205.072 Thread 0x00000159a5332800 DEOPT PACKING pc=0x00000159879db294 sp=0x000000161f5fe780
Event: 19205.072 Thread 0x00000159a5332800 DEOPT UNPACKING pc=0x0000015984e8a95e sp=0x000000161f5fdc18 mode 0
Event: 19205.126 Thread 0x00000159a5331000 Uncommon trap: trap_request=0xffffffd6 fr.pc=0x000001598e21beb4 relative=0x0000000000000174
Event: 19205.126 Thread 0x00000159a5331000 Uncommon trap: reason=array_check action=maybe_recompile pc=0x000001598e21beb4 method=com.google.common.collect.ImmutableList.copyIntoArray([Ljava/lang/Object;I)I @ 25 c2
Event: 19205.126 Thread 0x00000159a5331000 DEOPT PACKING pc=0x000001598e21beb4 sp=0x000000161eafa620
Event: 19205.126 Thread 0x00000159a5331000 DEOPT UNPACKING pc=0x0000015984e8a1af sp=0x000000161eafa5b8 mode 2
Event: 19205.126 Thread 0x00000159a5331000 Uncommon trap: trap_request=0xffffffd6 fr.pc=0x000001598e21beb4 relative=0x0000000000000174
Event: 19205.126 Thread 0x00000159a5331000 Uncommon trap: reason=array_check action=maybe_recompile pc=0x000001598e21beb4 method=com.google.common.collect.ImmutableList.copyIntoArray([Ljava/lang/Object;I)I @ 25 c2
Event: 19205.126 Thread 0x00000159a5331000 DEOPT PACKING pc=0x000001598e21beb4 sp=0x000000161eafa850
Event: 19205.126 Thread 0x00000159a5331000 DEOPT UNPACKING pc=0x0000015984e8a1af sp=0x000000161eafa7e8 mode 2
Event: 19205.126 Thread 0x00000159a5331000 Uncommon trap: trap_request=0xffffffd6 fr.pc=0x000001598e21beb4 relative=0x0000000000000174
Event: 19205.126 Thread 0x00000159a5331000 Uncommon trap: reason=array_check action=maybe_recompile pc=0x000001598e21beb4 method=com.google.common.collect.ImmutableList.copyIntoArray([Ljava/lang/Object;I)I @ 25 c2
Event: 19205.126 Thread 0x00000159a5331000 DEOPT PACKING pc=0x000001598e21beb4 sp=0x000000161eafa620
Event: 19205.126 Thread 0x00000159a5331000 DEOPT UNPACKING pc=0x0000015984e8a1af sp=0x000000161eafa5b8 mode 2
Event: 19205.127 Thread 0x00000159a5331000 Uncommon trap: trap_request=0xffffffd6 fr.pc=0x000001598e21beb4 relative=0x0000000000000174
Event: 19205.127 Thread 0x00000159a5331000 Uncommon trap: reason=array_check action=maybe_recompile pc=0x000001598e21beb4 method=com.google.common.collect.ImmutableList.copyIntoArray([Ljava/lang/Object;I)I @ 25 c2
Event: 19205.127 Thread 0x00000159a5331000 DEOPT PACKING pc=0x000001598e21beb4 sp=0x000000161eafa850
Event: 19205.127 Thread 0x00000159a5331000 DEOPT UNPACKING pc=0x0000015984e8a1af sp=0x000000161eafa7e8 mode 2

Classes redefined (0 events):
No events

Internal exceptions (20 events):
Event: 19180.949 Thread 0x000001599f316000 Exception <a 'java/net/ConnectException'{0x000000008ff845f0}: Connection refused: connect> (0x000000008ff845f0) thrown at [./src/hotspot/share/prims/jni.cpp, line 636]
Event: 19181.340 Thread 0x00000159a5331000 Exception <a 'java/net/ConnectException'{0x000000008d8f2080}: Connection refused: connect> (0x000000008d8f2080) thrown at [./src/hotspot/share/prims/jni.cpp, line 636]
Event: 19183.019 Thread 0x000001599f316000 Exception <a 'java/net/ConnectException'{0x000000008ff84dd0}: Connection refused: connect> (0x000000008ff84dd0) thrown at [./src/hotspot/share/prims/jni.cpp, line 636]
Event: 19183.405 Thread 0x00000159a5331000 Exception <a 'java/net/ConnectException'{0x000000008d8f35a8}: Connection refused: connect> (0x000000008d8f35a8) thrown at [./src/hotspot/share/prims/jni.cpp, line 636]
Event: 19186.102 Thread 0x00000159a5331000 Exception <a 'java/net/ConnectException'{0x000000008d736e10}: Connection refused: connect> (0x000000008d736e10) thrown at [./src/hotspot/share/prims/jni.cpp, line 636]
Event: 19188.157 Thread 0x00000159a5331000 Exception <a 'java/net/ConnectException'{0x000000008d738338}: Connection refused: connect> (0x000000008d738338) thrown at [./src/hotspot/share/prims/jni.cpp, line 636]
Event: 19190.199 Thread 0x00000159a5331000 Exception <a 'java/net/ConnectException'{0x000000008d74f898}: Connection refused: connect> (0x000000008d74f898) thrown at [./src/hotspot/share/prims/jni.cpp, line 636]
Event: 19190.238 Thread 0x00000159a532f000 Exception <a 'java/lang/InterruptedException'{0x000000008d7647e0}> (0x000000008d7647e0) thrown at [./src/hotspot/share/runtime/objectMonitor.cpp, line 1635]
Event: 19197.864 Thread 0x00000159a5331000 Exception <a 'java/net/ConnectException'{0x000000008cb9c470}: Connection refused: connect> (0x000000008cb9c470) thrown at [./src/hotspot/share/prims/jni.cpp, line 636]
Event: 19199.923 Thread 0x00000159a5331000 Exception <a 'java/net/ConnectException'{0x000000008cb9d998}: Connection refused: connect> (0x000000008cb9d998) thrown at [./src/hotspot/share/prims/jni.cpp, line 636]
Event: 19201.986 Thread 0x00000159a5331000 Exception <a 'java/net/ConnectException'{0x000000008cb9eec0}: Connection refused: connect> (0x000000008cb9eec0) thrown at [./src/hotspot/share/prims/jni.cpp, line 636]
Event: 19201.991 Thread 0x00000159a533c800 Exception <a 'java/lang/InterruptedException'{0x000000008cbd2dc8}> (0x000000008cbd2dc8) thrown at [./src/hotspot/share/runtime/objectMonitor.cpp, line 1635]
Event: 19205.126 Thread 0x00000159a533d000 Exception <a 'sun/nio/fs/WindowsException'{0x000000008bed1020}> (0x000000008bed1020) thrown at [./src/hotspot/share/prims/jni.cpp, line 615]
Event: 19205.126 Thread 0x00000159a5339000 Exception <a 'sun/nio/fs/WindowsException'{0x000000008beec360}> (0x000000008beec360) thrown at [./src/hotspot/share/prims/jni.cpp, line 615]
Event: 19205.130 Thread 0x00000159a5337800 Exception <a 'sun/nio/fs/WindowsException'{0x000000008bdd2c38}> (0x000000008bdd2c38) thrown at [./src/hotspot/share/prims/jni.cpp, line 615]
Event: 19205.151 Thread 0x00000159a533d000 Exception <a 'sun/nio/fs/WindowsException'{0x000000008b775928}> (0x000000008b775928) thrown at [./src/hotspot/share/prims/jni.cpp, line 615]
Event: 19205.155 Thread 0x00000159a5337800 Exception <a 'sun/nio/fs/WindowsException'{0x000000008b7f94b0}> (0x000000008b7f94b0) thrown at [./src/hotspot/share/prims/jni.cpp, line 615]
Event: 19205.180 Thread 0x00000159a5339000 Exception <a 'sun/nio/fs/WindowsException'{0x000000008b457600}> (0x000000008b457600) thrown at [./src/hotspot/share/prims/jni.cpp, line 615]
Event: 19205.182 Thread 0x00000159a5339000 Exception <a 'sun/nio/fs/WindowsException'{0x000000008b4b1e78}> (0x000000008b4b1e78) thrown at [./src/hotspot/share/prims/jni.cpp, line 615]
Event: 19205.213 Thread 0x00000159a2e59800 Exception <a 'sun/nio/fs/WindowsException'{0x000000008b2eada0}> (0x000000008b2eada0) thrown at [./src/hotspot/share/prims/jni.cpp, line 615]

Events (20 events):
Event: 19205.123 Thread 0x00000159a5337800 Thread added: 0x00000159a5337800
Event: 19205.125 Thread 0x00000159a533a000 Thread added: 0x00000159a533a000
Event: 19205.126 Thread 0x00000159a2e58800 Thread added: 0x00000159a2e58800
Event: 19205.126 Thread 0x00000159a2e59800 Thread added: 0x00000159a2e59800
Event: 19205.127 Thread 0x00000159a2e5a000 Thread added: 0x00000159a2e5a000
Event: 19205.128 Thread 0x00000159a2e5b000 Thread added: 0x00000159a2e5b000
Event: 19205.128 Thread 0x00000159a2e55800 Thread added: 0x00000159a2e55800
Event: 19205.129 Executing VM operation: RevokeBias
Event: 19205.129 Executing VM operation: RevokeBias done
Event: 19205.131 Executing VM operation: RevokeBias
Event: 19205.132 Executing VM operation: RevokeBias done
Event: 19205.139 Thread 0x00000159a2e5c000 Thread added: 0x00000159a2e5c000
Event: 19205.153 Executing VM operation: RevokeBias
Event: 19205.153 Executing VM operation: RevokeBias done
Event: 19205.192 Executing VM operation: RevokeBias
Event: 19205.192 Executing VM operation: RevokeBias done
Event: 19205.195 Executing VM operation: RevokeBias
Event: 19205.196 Executing VM operation: RevokeBias done
Event: 19205.221 Executing VM operation: RevokeBias
Event: 19205.222 Executing VM operation: RevokeBias done


Dynamic libraries:
0x00007ff6e5600000 - 0x00007ff6e560a000 	C:\Program Files\Android\Android Studio\jre\bin\java.exe
0x00007fffa3390000 - 0x00007fffa3588000 	C:\WINDOWS\SYSTEM32\ntdll.dll
0x00007fffa24b0000 - 0x00007fffa256d000 	C:\WINDOWS\System32\KERNEL32.DLL
0x00007fffa10e0000 - 0x00007fffa13b2000 	C:\WINDOWS\System32\KERNELBASE.dll
0x00007fffa0f40000 - 0x00007fffa1040000 	C:\WINDOWS\System32\ucrtbase.dll
0x00007fff99890000 - 0x00007fff998a9000 	C:\Program Files\Android\Android Studio\jre\bin\jli.dll
0x00007fff949e0000 - 0x00007fff949f7000 	C:\Program Files\Android\Android Studio\jre\bin\VCRUNTIME140.dll
0x00007fffa1aa0000 - 0x00007fffa1c3d000 	C:\WINDOWS\System32\USER32.dll
0x00007fffa13c0000 - 0x00007fffa13e2000 	C:\WINDOWS\System32\win32u.dll
0x00007fff8b130000 - 0x00007fff8b3ca000 	C:\WINDOWS\WinSxS\amd64_microsoft.windows.common-controls_6595b64144ccf1df_6.0.19041.1110_none_60b5254171f9507e\COMCTL32.dll
0x00007fffa2ef0000 - 0x00007fffa2f1b000 	C:\WINDOWS\System32\GDI32.dll
0x00007fffa2de0000 - 0x00007fffa2e7e000 	C:\WINDOWS\System32\msvcrt.dll
0x00007fffa0aa0000 - 0x00007fffa0baf000 	C:\WINDOWS\System32\gdi32full.dll
0x00007fffa1040000 - 0x00007fffa10dd000 	C:\WINDOWS\System32\msvcp_win.dll
0x00007fffa3150000 - 0x00007fffa3180000 	C:\WINDOWS\System32\IMM32.DLL
0x00007fff40780000 - 0x00007fff4081d000 	C:\Program Files\Android\Android Studio\jre\bin\msvcp140.dll
0x00007fff32ce0000 - 0x00007fff337c5000 	C:\Program Files\Android\Android Studio\jre\bin\server\jvm.dll
0x00007fffa30a0000 - 0x00007fffa314e000 	C:\WINDOWS\System32\ADVAPI32.dll
0x00007fffa32b0000 - 0x00007fffa334c000 	C:\WINDOWS\System32\sechost.dll
0x00007fffa1e30000 - 0x00007fffa1f55000 	C:\WINDOWS\System32\RPCRT4.dll
0x00007fffa1410000 - 0x00007fffa1418000 	C:\WINDOWS\System32\PSAPI.DLL
0x00007fff8cdf0000 - 0x00007fff8ce17000 	C:\WINDOWS\SYSTEM32\WINMM.dll
0x00007fff9de80000 - 0x00007fff9de89000 	C:\WINDOWS\SYSTEM32\WSOCK32.dll
0x00007fffa2e80000 - 0x00007fffa2eeb000 	C:\WINDOWS\System32\WS2_32.dll
0x00007fff97d40000 - 0x00007fff97d4a000 	C:\WINDOWS\SYSTEM32\VERSION.dll
0x00007fff9e960000 - 0x00007fff9e972000 	C:\WINDOWS\SYSTEM32\kernel.appcore.dll
0x00007fff9de30000 - 0x00007fff9de41000 	C:\Program Files\Android\Android Studio\jre\bin\verify.dll
0x00007fff8bbd0000 - 0x00007fff8bdb4000 	C:\WINDOWS\SYSTEM32\DBGHELP.DLL
0x00007fff8aaa0000 - 0x00007fff8aacc000 	C:\WINDOWS\SYSTEM32\dbgcore.DLL
0x00007fffa0e00000 - 0x00007fffa0e82000 	C:\WINDOWS\System32\bcryptPrimitives.dll
0x00007fff9a0c0000 - 0x00007fff9a0e9000 	C:\Program Files\Android\Android Studio\jre\bin\java.dll
0x00007fff9b370000 - 0x00007fff9b37b000 	C:\Program Files\Android\Android Studio\jre\bin\jimage.dll
0x00007fff9b2b0000 - 0x00007fff9b2c8000 	C:\Program Files\Android\Android Studio\jre\bin\zip.dll
0x00007fffa2570000 - 0x00007fffa2cb3000 	C:\WINDOWS\System32\SHELL32.dll
0x00007fff9eb60000 - 0x00007fff9f2f1000 	C:\WINDOWS\SYSTEM32\windows.storage.dll
0x00007fffa2070000 - 0x00007fffa23c4000 	C:\WINDOWS\System32\combase.dll
0x00007fffa0500000 - 0x00007fffa0530000 	C:\WINDOWS\SYSTEM32\Wldp.dll
0x00007fffa1d20000 - 0x00007fffa1dcd000 	C:\WINDOWS\System32\SHCORE.dll
0x00007fffa1f60000 - 0x00007fffa1fb5000 	C:\WINDOWS\System32\shlwapi.dll
0x00007fffa09e0000 - 0x00007fffa09ff000 	C:\WINDOWS\SYSTEM32\profapi.dll
0x00007fff9a0a0000 - 0x00007fff9a0ba000 	C:\Program Files\Android\Android Studio\jre\bin\net.dll
0x00007fff94b60000 - 0x00007fff94c6d000 	C:\WINDOWS\SYSTEM32\WINHTTP.dll
0x00007fffa0260000 - 0x00007fffa02ca000 	C:\WINDOWS\system32\mswsock.dll
0x00007fff99990000 - 0x00007fff999a4000 	C:\Program Files\Android\Android Studio\jre\bin\nio.dll
0x00007fff83c20000 - 0x00007fff83c47000 	C:\Users\user\.gradle\native\e1d6ef7f7dcc3fd88c89a11ec53ec762bb8ba0a96d01ffa2cd45eb1d1d8dd5c5\windows-amd64\native-platform.dll
0x00007fff37c10000 - 0x00007fff37d54000 	C:\Users\user\.gradle\native\5664cfc778a61ccfe75a443a1ab52a65af34e5dc3c78e0209fed803814484fcb\windows-amd64\native-platform-file-events.dll
0x00007fff9b360000 - 0x00007fff9b36a000 	C:\Program Files\Android\Android Studio\jre\bin\management.dll
0x00007fff9b260000 - 0x00007fff9b26d000 	C:\Program Files\Android\Android Studio\jre\bin\management_ext.dll
0x00007fffa0450000 - 0x00007fffa0468000 	C:\WINDOWS\SYSTEM32\CRYPTSP.dll
0x00007fff9fb10000 - 0x00007fff9fb44000 	C:\WINDOWS\system32\rsaenh.dll
0x00007fffa0c70000 - 0x00007fffa0c97000 	C:\WINDOWS\System32\bcrypt.dll
0x00007fffa0960000 - 0x00007fffa098e000 	C:\WINDOWS\SYSTEM32\USERENV.dll
0x00007fffa0470000 - 0x00007fffa047c000 	C:\WINDOWS\SYSTEM32\CRYPTBASE.dll
0x00007fff9ff00000 - 0x00007fff9ff3b000 	C:\WINDOWS\SYSTEM32\IPHLPAPI.DLL
0x00007fffa2f20000 - 0x00007fffa2f28000 	C:\WINDOWS\System32\NSI.dll
0x00007fff99820000 - 0x00007fff99837000 	C:\WINDOWS\SYSTEM32\dhcpcsvc6.DLL
0x00007fff99800000 - 0x00007fff9981d000 	C:\WINDOWS\SYSTEM32\dhcpcsvc.DLL
0x00007fff9ff50000 - 0x00007fffa001a000 	C:\WINDOWS\SYSTEM32\DNSAPI.dll
0x00007fff9fc30000 - 0x00007fff9fc63000 	C:\WINDOWS\SYSTEM32\ntmarta.dll
0x00007fff94850000 - 0x00007fff9486e000 	C:\Users\user\AppData\Local\Temp\native-platform1181520342756123079dir\native-platform.dll
0x00007fff99020000 - 0x00007fff99028000 	C:\Program Files\Android\Android Studio\jre\bin\rmi.dll
0x00007fff70ba0000 - 0x00007fff70bb7000 	C:\WINDOWS\system32\napinsp.dll
0x00007fff70b80000 - 0x00007fff70b9b000 	C:\WINDOWS\system32\pnrpnsp.dll
0x00007fff9d730000 - 0x00007fff9d74d000 	C:\WINDOWS\system32\NLAapi.dll
0x00007fff9a7c0000 - 0x00007fff9a7d5000 	C:\WINDOWS\system32\wshbth.dll
0x00007fff70320000 - 0x00007fff70332000 	C:\WINDOWS\System32\winrnr.dll
0x00007fff93d30000 - 0x00007fff93d3a000 	C:\Windows\System32\rasadhlp.dll
0x00007fff94a70000 - 0x00007fff94af0000 	C:\WINDOWS\System32\fwpuclnt.dll
0x00007fff8b730000 - 0x00007fff8b757000 	C:\Program Files\Android\Android Studio\jre\bin\sunec.dll

dbghelp: loaded successfully - version: 4.0.5 - missing functions: none
symbol engine: initialized successfully - sym options: 0x614 - pdb path: .;C:\Program Files\Android\Android Studio\jre\bin;C:\WINDOWS\SYSTEM32;C:\WINDOWS\WinSxS\amd64_microsoft.windows.common-controls_6595b64144ccf1df_6.0.19041.1110_none_60b5254171f9507e;C:\Program Files\Android\Android Studio\jre\bin\server;C:\Users\user\.gradle\native\e1d6ef7f7dcc3fd88c89a11ec53ec762bb8ba0a96d01ffa2cd45eb1d1d8dd5c5\windows-amd64;C:\Users\user\.gradle\native\5664cfc778a61ccfe75a443a1ab52a65af34e5dc3c78e0209fed803814484fcb\windows-amd64;C:\Users\user\AppData\Local\Temp\native-platform1181520342756123079dir

VM Arguments:
jvm_args: --add-opens=java.base/java.util=ALL-UNNAMED --add-opens=java.base/java.lang=ALL-UNNAMED --add-opens=java.base/java.lang.invoke=ALL-UNNAMED --add-opens=java.base/java.util=ALL-UNNAMED --add-opens=java.prefs/java.util.prefs=ALL-UNNAMED --add-opens=java.prefs/java.util.prefs=ALL-UNNAMED --add-opens=java.base/java.nio.charset=ALL-UNNAMED --add-opens=java.base/java.net=ALL-UNNAMED --add-opens=java.base/java.util.concurrent.atomic=ALL-UNNAMED -Xmx2048m -Dfile.encoding=UTF-8 -Duser.country=RU -Duser.language=ru -Duser.variant 
java_command: org.gradle.launcher.daemon.bootstrap.GradleDaemon 7.3.3
java_class_path (initial): C:\Users\user\.gradle\wrapper\dists\gradle-7.3.3-bin\6a41zxkdtcxs8rphpq6y0069z\gradle-7.3.3\lib\gradle-launcher-7.3.3.jar
Launcher Type: SUN_STANDARD

[Global flags]
     intx CICompilerCount                          = 4                                         {product} {ergonomic}
     uint ConcGCThreads                            = 2                                         {product} {ergonomic}
     uint G1ConcRefinementThreads                  = 8                                         {product} {ergonomic}
   size_t G1HeapRegionSize                         = 1048576                                   {product} {ergonomic}
    uintx GCDrainStackTargetSize                   = 64                                        {product} {ergonomic}
   size_t InitialHeapSize                          = 268435456                                 {product} {ergonomic}
   size_t MarkStackSize                            = 4194304                                   {product} {ergonomic}
   size_t MaxHeapSize                              = 2147483648                                {product} {command line}
   size_t MaxNewSize                               = 1287651328                                {product} {ergonomic}
   size_t MinHeapDeltaBytes                        = 1048576                                   {product} {ergonomic}
    uintx NonNMethodCodeHeapSize                   = 5836300                                {pd product} {ergonomic}
    uintx NonProfiledCodeHeapSize                  = 122910970                              {pd product} {ergonomic}
    uintx ProfiledCodeHeapSize                     = 122910970                              {pd product} {ergonomic}
    uintx ReservedCodeCacheSize                    = 251658240                              {pd product} {ergonomic}
     bool SegmentedCodeCache                       = true                                      {product} {ergonomic}
     bool UseCompressedClassPointers               = true                                 {lp64_product} {ergonomic}
     bool UseCompressedOops                        = true                                 {lp64_product} {ergonomic}
     bool UseG1GC                                  = true                                      {product} {ergonomic}
     bool UseLargePagesIndividualAllocation        = false                                  {pd product} {ergonomic}

Logging:
Log output configuration:
 #0: stdout all=warning uptime,level,tags
 #1: stderr all=off uptime,level,tags

Environment Variables:
PATH=C:\WINDOWS\system32;C:\WINDOWS;C:\WINDOWS\System32\Wbem;C:\WINDOWS\System32\WindowsPowerShell\v1.0\;C:\WINDOWS\System32\OpenSSH\;C:\Program Files\Git\cmd;C:\Program Files (x86)\NVIDIA Corporation\PhysX\Common;C:\Program Files\NVIDIA Corporation\NVIDIA NvDLISR;C:\Users\user\AppData\Local\Microsoft\WindowsApps;C:\Users\user\AppData\Local\GitHubDesktop\bin;C:\ProgramData\user\GitHubDesktop\bin
USERNAME=user
OS=Windows_NT
PROCESSOR_IDENTIFIER=Intel64 Family 6 Model 60 Stepping 3, GenuineIntel



---------------  S Y S T E M  ---------------

OS: Windows 10 , 64 bit Build 19041 (10.0.19041.1889)
OS uptime: 5 days 1:54 hours

CPU:total 8 (initial active 8) (4 cores per cpu, 2 threads per core) family 6 model 60 stepping 3 microcode 0x27, cmov, cx8, fxsr, mmx, sse, sse2, sse3, ssse3, sse4.1, sse4.2, popcnt, avx, avx2, aes, clmul, erms, lzcnt, ht, tsc, tscinvbit, bmi1, bmi2, fma

Memory: 4k page, system-wide physical 16272M (2435M free)
TotalPageFile size 16272M (AvailPageFile size 6M)
current process WorkingSet (physical memory assigned to process): 642M, peak: 670M
current process commit charge ("private bytes"): 729M, peak: 737M

vm_info: OpenJDK 64-Bit Server VM (11.0.12+7-b1504.28-7817840) for windows-amd64 JRE (11.0.12+7-b1504.28-7817840), built on Oct 13 2021 22:12:33 by "builder" with MS VC++ 14.0 (VS2015)

END.
