#
# There is insufficient memory for the Java Runtime Environment to continue.
# Native memory allocation (mmap) failed to map 65011712 bytes for Failed to commit area from 0x0000000711a00000 to 0x0000000715800000 of length 65011712.
# Possible reasons:
#   The system is out of physical RAM or swap space
#   The process is running with CompressedOops enabled, and the Java Heap may be blocking the growth of the native heap
# Possible solutions:
#   Reduce memory load on the system
#   Increase physical memory or swap space
#   Check if swap backing store is full
#   Decrease Java heap size (-Xmx/-Xms)
#   Decrease number of Java threads
#   Decrease Java thread stack sizes (-Xss)
#   Set larger code cache with -XX:ReservedCodeCacheSize=
#   JVM is running with Zero Based Compressed Oops mode in which the Java heap is
#     placed in the first 32GB address space. The Java Heap base address is the
#     maximum limit for the native heap growth. Please use -XX:HeapBaseMinAddress
#     to set the Java Heap base and to place the Java Heap above 32GB virtual address.
# This output file may be truncated or incomplete.
#
#  Out of Memory Error (./src/hotspot/os/windows/os_windows.cpp:3521), pid=10996, tid=15220
#
# JRE version: OpenJDK Runtime Environment (11.0.12+7) (build 11.0.12+7-b1504.28-7817840)
# Java VM: OpenJDK 64-Bit Server VM (11.0.12+7-b1504.28-7817840, mixed mode, tiered, compressed oops, g1 gc, windows-amd64)
# No core dump will be written. Minidumps are not enabled by default on client versions of Windows
#

---------------  S U M M A R Y ------------

Command Line: org.jetbrains.kotlin.cli.jvm.K2JVMCompiler @C:\Users\user\AndroidStudioProjects\CriminalIntent\app\build\20221110_5604142755641691028.compiler.options

Host: Intel(R) Core(TM) i7-4720HQ CPU @ 2.60GHz, 8 cores, 15G,  Windows 10 , 64 bit Build 19041 (10.0.19041.1889)
Time: Thu Nov 10 21:45:16 2022 RTZ 2 (зима) elapsed time: 9.654722 seconds (0d 0h 0m 9s)

---------------  T H R E A D  ---------------

Current thread (0x000001f3c08e4800):  VMThread "VM Thread" [stack: 0x0000004304900000,0x0000004304a00000] [id=15220]

Stack: [0x0000004304900000,0x0000004304a00000]
[error occurred during error reporting (printing stack bounds), id 0xc0000005, EXCEPTION_ACCESS_VIOLATION (0xc0000005) at pc=0x000001f3a4bd112d]

Native frames: (J=compiled Java code, j=interpreted, Vv=VM code, C=native code)
V  [jvm.dll+0x5fbcea]
V  [jvm.dll+0x731905]
V  [jvm.dll+0x732f1d]
V  [jvm.dll+0x733535]
V  [jvm.dll+0x7334eb]
V  [jvm.dll+0x5fb080]
V  [jvm.dll+0x5fb818]
C  [ntdll.dll+0xa241f]
C  [ntdll.dll+0x514a4]
C  [ntdll.dll+0xa0f4e]
C  0x000001f3a4bd112d

VM_Operation (0x00000043043fbe10): CollectForMetadataAllocation, mode: safepoint, requested by thread 0x000001f3a10ba800


---------------  P R O C E S S  ---------------

Threads class SMR info:
_java_thread_list=0x000001f3c3350100, length=12, elements={
0x000001f3a10ba800, 0x000001f3c08e6800, 0x000001f3c08ea000, 0x000001f3c090b000,
0x000001f3c090c000, 0x000001f3c090d800, 0x000001f3c1202800, 0x000001f3c1204000,
0x000001f3c1217800, 0x000001f3c136d000, 0x000001f3c1d1f800, 0x000001f3c5d9c800
}

Java Threads: ( => current thread )
  0x000001f3a10ba800 JavaThread "main" [_thread_blocked, id=7752, stack(0x0000004304300000,0x0000004304400000)]
  0x000001f3c08e6800 JavaThread "Reference Handler" daemon [_thread_blocked, id=9388, stack(0x0000004304a00000,0x0000004304b00000)]
  0x000001f3c08ea000 JavaThread "Finalizer" daemon [_thread_blocked, id=2868, stack(0x0000004304b00000,0x0000004304c00000)]
  0x000001f3c090b000 JavaThread "Signal Dispatcher" daemon [_thread_blocked, id=12600, stack(0x0000004304c00000,0x0000004304d00000)]
  0x000001f3c090c000 JavaThread "Attach Listener" daemon [_thread_blocked, id=3256, stack(0x0000004304d00000,0x0000004304e00000)]
  0x000001f3c090d800 JavaThread "Service Thread" daemon [_thread_blocked, id=15240, stack(0x0000004304e00000,0x0000004304f00000)]
  0x000001f3c1202800 JavaThread "C2 CompilerThread0" daemon [_thread_in_native, id=8644, stack(0x0000004304f00000,0x0000004305000000)]
  0x000001f3c1204000 JavaThread "C1 CompilerThread0" daemon [_thread_blocked, id=7492, stack(0x0000004305000000,0x0000004305100000)]
  0x000001f3c1217800 JavaThread "Sweeper thread" daemon [_thread_blocked, id=6616, stack(0x0000004305100000,0x0000004305200000)]
  0x000001f3c136d000 JavaThread "Common-Cleaner" daemon [_thread_blocked, id=14728, stack(0x0000004305300000,0x0000004305400000)]
  0x000001f3c1d1f800 JavaThread "C2 CompilerThread1" daemon [_thread_blocked, id=10264, stack(0x0000004305900000,0x0000004305a00000)]
  0x000001f3c5d9c800 JavaThread "C2 CompilerThread2" daemon [_thread_in_native, id=14500, stack(0x0000004305b00000,0x0000004305c00000)]

Other Threads:
=>0x000001f3c08e4800 VMThread "VM Thread" [stack: 0x0000004304900000,0x0000004304a00000] [id=15220]
  0x000001f3c1363800 WatcherThread [stack: 0x0000004305200000,0x0000004305300000] [id=1796]
  0x000001f3a10d1000 GCTaskThread "GC Thread#0" [stack: 0x0000004304400000,0x0000004304500000] [id=9108]
  0x000001f3c1a68800 GCTaskThread "GC Thread#1" [stack: 0x0000004305400000,0x0000004305500000] [id=3964]
  0x000001f3c1abf800 GCTaskThread "GC Thread#2" [stack: 0x0000004305500000,0x0000004305600000] [id=6600]
  0x000001f3c1ac0000 GCTaskThread "GC Thread#3" [stack: 0x0000004305600000,0x0000004305700000] [id=3480]
  0x000001f3c1ac0800 GCTaskThread "GC Thread#4" [stack: 0x0000004305700000,0x0000004305800000] [id=10404]
  0x000001f3c1aae800 GCTaskThread "GC Thread#5" [stack: 0x0000004305800000,0x0000004305900000] [id=6460]
  0x000001f3a112d800 ConcurrentGCThread "G1 Main Marker" [stack: 0x0000004304500000,0x0000004304600000] [id=14524]
  0x000001f3a112f000 ConcurrentGCThread "G1 Conc#0" [stack: 0x0000004304600000,0x0000004304700000] [id=11060]
  0x000001f3c1bcf000 ConcurrentGCThread "G1 Conc#1" [stack: 0x0000004305a00000,0x0000004305b00000] [id=3572]
  0x000001f3c07c1800 ConcurrentGCThread "G1 Refine#0" [stack: 0x0000004304700000,0x0000004304800000] [id=12684]
  0x000001f3c1d8e000 ConcurrentGCThread "G1 Refine#1" [stack: 0x0000004305c00000,0x0000004305d00000] [id=1328]
  0x000001f3c268e800 ConcurrentGCThread "G1 Refine#2" [stack: 0x0000004305d00000,0x0000004305e00000] [id=7712]
  0x000001f3c07c2800 ConcurrentGCThread "G1 Young RemSet Sampling" [stack: 0x0000004304800000,0x0000004304900000] [id=13100]

Threads with active compile tasks:
C2 CompilerThread0   9665 6326       4       org.jetbrains.kotlin.parsing.AbstractKotlinParsing::at (114 bytes)
C2 CompilerThread1   9665 6788       4       java.util.regex.Matcher::search (154 bytes)
C2 CompilerThread2   9665 6706       4       org.jetbrains.kotlin.resolve.lazy.ForceResolveUtil::doForceResolveAllContents (206 bytes)

VM state:at safepoint (normal execution)

VM Mutex/Monitor currently owned by a thread:  ([mutex/lock_event])
[0x000001f3a10b6ec0] Threads_lock - owner thread: 0x000001f3c08e4800
[0x000001f3a10b7a00] Heap_lock - owner thread: 0x000001f3a10ba800

Heap address: 0x0000000701a00000, size: 4070 MB, Compressed Oops mode: Zero based, Oop shift amount: 3
Narrow klass base: 0x0000000800000000, Narrow klass shift: 0
Compressed class space size: 1073741824 Address: 0x0000000800000000

Heap:
 garbage-first heap   total 325632K, used 47599K [0x0000000701a00000, 0x0000000800000000)
  region size 1024K, 16 young (16384K), 16 survivors (16384K)
 Metaspace       used 59431K, capacity 60121K, committed 60208K, reserved 1101824K
  class space    used 6719K, capacity 6993K, committed 7040K, reserved 1048576K
Heap Regions: E=young(eden), S=young(survivor), O=old, HS=humongous(starts), HC=humongous(continues), CS=collection set, F=free, A=archive, TAMS=top-at-mark-start (previous, next)
|   0|0x0000000701a00000, 0x0000000701b00000, 0x0000000701b00000|100%|HS|  |TAMS 0x0000000701b00000, 0x0000000701b00000| Complete 
|   1|0x0000000701b00000, 0x0000000701c00000, 0x0000000701c00000|100%|HC|  |TAMS 0x0000000701c00000, 0x0000000701c00000| Complete 
|   2|0x0000000701c00000, 0x0000000701d00000, 0x0000000701d00000|100%|HC|  |TAMS 0x0000000701d00000, 0x0000000701d00000| Complete 
|   3|0x0000000701d00000, 0x0000000701e00000, 0x0000000701e00000|100%|HS|  |TAMS 0x0000000701e00000, 0x0000000701e00000| Complete 
|   4|0x0000000701e00000, 0x0000000701f00000, 0x0000000701f00000|100%|HC|  |TAMS 0x0000000701f00000, 0x0000000701f00000| Complete 
|   5|0x0000000701f00000, 0x0000000702000000, 0x0000000702000000|100%|HC|  |TAMS 0x0000000702000000, 0x0000000702000000| Complete 
|   6|0x0000000702000000, 0x0000000702100000, 0x0000000702100000|100%| O|  |TAMS 0x0000000702000000, 0x0000000702100000| Untracked 
|   7|0x0000000702100000, 0x0000000702200000, 0x0000000702200000|100%| O|  |TAMS 0x0000000702100000, 0x0000000702200000| Untracked 
|   8|0x0000000702200000, 0x0000000702300000, 0x0000000702300000|100%| O|  |TAMS 0x0000000702300000, 0x0000000702300000| Untracked 
|   9|0x0000000702300000, 0x0000000702400000, 0x0000000702400000|100%| O|  |TAMS 0x0000000702400000, 0x0000000702400000| Untracked 
|  10|0x0000000702400000, 0x0000000702500000, 0x0000000702500000|100%| O|  |TAMS 0x0000000702500000, 0x0000000702500000| Untracked 
|  11|0x0000000702500000, 0x0000000702600000, 0x0000000702600000|100%| O|  |TAMS 0x0000000702600000, 0x0000000702600000| Untracked 
|  12|0x0000000702600000, 0x0000000702700000, 0x0000000702700000|100%| O|  |TAMS 0x0000000702700000, 0x0000000702700000| Untracked 
|  13|0x0000000702700000, 0x0000000702800000, 0x0000000702800000|100%| O|  |TAMS 0x0000000702800000, 0x0000000702800000| Untracked 
|  14|0x0000000702800000, 0x0000000702900000, 0x0000000702900000|100%| O|  |TAMS 0x0000000702900000, 0x0000000702900000| Untracked 
|  15|0x0000000702900000, 0x0000000702a00000, 0x0000000702a00000|100%| O|  |TAMS 0x0000000702a00000, 0x0000000702a00000| Untracked 
|  16|0x0000000702a00000, 0x0000000702b00000, 0x0000000702b00000|100%| O|  |TAMS 0x0000000702b00000, 0x0000000702b00000| Untracked 
|  17|0x0000000702b00000, 0x0000000702c00000, 0x0000000702c00000|100%| O|  |TAMS 0x0000000702c00000, 0x0000000702c00000| Untracked 
|  18|0x0000000702c00000, 0x0000000702d00000, 0x0000000702d00000|100%| O|  |TAMS 0x0000000702d00000, 0x0000000702d00000| Untracked 
|  19|0x0000000702d00000, 0x0000000702e00000, 0x0000000702e00000|100%| O|  |TAMS 0x0000000702df3c00, 0x0000000702e00000| Untracked 
|  20|0x0000000702e00000, 0x0000000702f00000, 0x0000000702f00000|100%|HS|  |TAMS 0x0000000702e00000, 0x0000000702f00000| Complete 
|  21|0x0000000702f00000, 0x0000000703000000, 0x0000000703000000|100%|HC|  |TAMS 0x0000000702f00000, 0x0000000703000000| Complete 
|  22|0x0000000703000000, 0x0000000703100000, 0x0000000703100000|100%| O|  |TAMS 0x0000000703000000, 0x0000000703100000| Untracked 
|  23|0x0000000703100000, 0x0000000703200000, 0x0000000703200000|100%| O|  |TAMS 0x0000000703100000, 0x0000000703200000| Untracked 
|  24|0x0000000703200000, 0x0000000703300000, 0x0000000703300000|100%| O|  |TAMS 0x0000000703200000, 0x0000000703300000| Untracked 
|  25|0x0000000703300000, 0x0000000703400000, 0x0000000703400000|100%| O|  |TAMS 0x0000000703300000, 0x0000000703400000| Untracked 
|  26|0x0000000703400000, 0x0000000703500000, 0x0000000703500000|100%| O|  |TAMS 0x0000000703400000, 0x0000000703500000| Untracked 
|  27|0x0000000703500000, 0x0000000703600000, 0x0000000703600000|100%| O|  |TAMS 0x0000000703500000, 0x0000000703600000| Untracked 
|  28|0x0000000703600000, 0x0000000703700000, 0x0000000703700000|100%| O|  |TAMS 0x0000000703600000, 0x0000000703700000| Untracked 
|  29|0x0000000703700000, 0x0000000703800000, 0x0000000703800000|100%| O|  |TAMS 0x0000000703700000, 0x0000000703800000| Untracked 
|  30|0x0000000703800000, 0x00000007038ba200, 0x0000000703900000| 72%| O|  |TAMS 0x0000000703800000, 0x00000007038ba200| Untracked 
|  31|0x0000000703900000, 0x0000000703900000, 0x0000000703a00000|  0%| F|  |TAMS 0x0000000703900000, 0x0000000703900000| Untracked 
|  32|0x0000000703a00000, 0x0000000703a00000, 0x0000000703b00000|  0%| F|  |TAMS 0x0000000703a00000, 0x0000000703a00000| Untracked 
|  33|0x0000000703b00000, 0x0000000703b00000, 0x0000000703c00000|  0%| F|  |TAMS 0x0000000703b00000, 0x0000000703b00000| Untracked 
|  34|0x0000000703c00000, 0x0000000703c00000, 0x0000000703d00000|  0%| F|  |TAMS 0x0000000703c00000, 0x0000000703c00000| Untracked 
|  35|0x0000000703d00000, 0x0000000703d00000, 0x0000000703e00000|  0%| F|  |TAMS 0x0000000703d00000, 0x0000000703d00000| Untracked 
|  36|0x0000000703e00000, 0x0000000703e00000, 0x0000000703f00000|  0%| F|  |TAMS 0x0000000703e00000, 0x0000000703e00000| Untracked 
|  37|0x0000000703f00000, 0x0000000703f00000, 0x0000000704000000|  0%| F|  |TAMS 0x0000000703f00000, 0x0000000703f00000| Untracked 
|  38|0x0000000704000000, 0x0000000704000000, 0x0000000704100000|  0%| F|  |TAMS 0x0000000704000000, 0x0000000704000000| Untracked 
|  39|0x0000000704100000, 0x0000000704100000, 0x0000000704200000|  0%| F|  |TAMS 0x0000000704100000, 0x0000000704100000| Untracked 
|  40|0x0000000704200000, 0x0000000704200000, 0x0000000704300000|  0%| F|  |TAMS 0x0000000704200000, 0x0000000704200000| Untracked 
|  41|0x0000000704300000, 0x0000000704300000, 0x0000000704400000|  0%| F|  |TAMS 0x0000000704300000, 0x0000000704300000| Untracked 
|  42|0x0000000704400000, 0x0000000704400000, 0x0000000704500000|  0%| F|  |TAMS 0x0000000704400000, 0x0000000704400000| Untracked 
|  43|0x0000000704500000, 0x0000000704500000, 0x0000000704600000|  0%| F|  |TAMS 0x0000000704500000, 0x0000000704500000| Untracked 
|  44|0x0000000704600000, 0x0000000704600000, 0x0000000704700000|  0%| F|  |TAMS 0x0000000704600000, 0x0000000704600000| Untracked 
|  45|0x0000000704700000, 0x0000000704700000, 0x0000000704800000|  0%| F|  |TAMS 0x0000000704700000, 0x0000000704700000| Untracked 
|  46|0x0000000704800000, 0x0000000704800000, 0x0000000704900000|  0%| F|  |TAMS 0x0000000704800000, 0x0000000704800000| Untracked 
|  47|0x0000000704900000, 0x0000000704900000, 0x0000000704a00000|  0%| F|  |TAMS 0x0000000704900000, 0x0000000704900000| Untracked 
|  48|0x0000000704a00000, 0x0000000704a00000, 0x0000000704b00000|  0%| F|  |TAMS 0x0000000704a00000, 0x0000000704a00000| Untracked 
|  49|0x0000000704b00000, 0x0000000704b00000, 0x0000000704c00000|  0%| F|  |TAMS 0x0000000704b00000, 0x0000000704b00000| Untracked 
|  50|0x0000000704c00000, 0x0000000704c00000, 0x0000000704d00000|  0%| F|  |TAMS 0x0000000704c00000, 0x0000000704c00000| Untracked 
|  51|0x0000000704d00000, 0x0000000704d00000, 0x0000000704e00000|  0%| F|  |TAMS 0x0000000704d00000, 0x0000000704d00000| Untracked 
|  52|0x0000000704e00000, 0x0000000704e00000, 0x0000000704f00000|  0%| F|  |TAMS 0x0000000704e00000, 0x0000000704e00000| Untracked 
|  53|0x0000000704f00000, 0x0000000704f00000, 0x0000000705000000|  0%| F|  |TAMS 0x0000000704f00000, 0x0000000704f00000| Untracked 
|  54|0x0000000705000000, 0x0000000705000000, 0x0000000705100000|  0%| F|  |TAMS 0x0000000705000000, 0x0000000705000000| Untracked 
|  55|0x0000000705100000, 0x0000000705100000, 0x0000000705200000|  0%| F|  |TAMS 0x0000000705100000, 0x0000000705100000| Untracked 
|  56|0x0000000705200000, 0x0000000705200000, 0x0000000705300000|  0%| F|  |TAMS 0x0000000705200000, 0x0000000705200000| Untracked 
|  57|0x0000000705300000, 0x0000000705300000, 0x0000000705400000|  0%| F|  |TAMS 0x0000000705300000, 0x0000000705300000| Untracked 
|  58|0x0000000705400000, 0x0000000705400000, 0x0000000705500000|  0%| F|  |TAMS 0x0000000705400000, 0x0000000705400000| Untracked 
|  59|0x0000000705500000, 0x0000000705500000, 0x0000000705600000|  0%| F|  |TAMS 0x0000000705500000, 0x0000000705500000| Untracked 
|  60|0x0000000705600000, 0x0000000705600000, 0x0000000705700000|  0%| F|  |TAMS 0x0000000705600000, 0x0000000705600000| Untracked 
|  61|0x0000000705700000, 0x0000000705700000, 0x0000000705800000|  0%| F|  |TAMS 0x0000000705700000, 0x0000000705700000| Untracked 
|  62|0x0000000705800000, 0x0000000705800000, 0x0000000705900000|  0%| F|  |TAMS 0x0000000705800000, 0x0000000705800000| Untracked 
|  63|0x0000000705900000, 0x0000000705900000, 0x0000000705a00000|  0%| F|  |TAMS 0x0000000705900000, 0x0000000705900000| Untracked 
|  64|0x0000000705a00000, 0x0000000705a00000, 0x0000000705b00000|  0%| F|  |TAMS 0x0000000705a00000, 0x0000000705a00000| Untracked 
|  65|0x0000000705b00000, 0x0000000705b00000, 0x0000000705c00000|  0%| F|  |TAMS 0x0000000705b00000, 0x0000000705b00000| Untracked 
|  66|0x0000000705c00000, 0x0000000705c00000, 0x0000000705d00000|  0%| F|  |TAMS 0x0000000705c00000, 0x0000000705c00000| Untracked 
|  67|0x0000000705d00000, 0x0000000705d00000, 0x0000000705e00000|  0%| F|  |TAMS 0x0000000705d00000, 0x0000000705d00000| Untracked 
|  68|0x0000000705e00000, 0x0000000705e00000, 0x0000000705f00000|  0%| F|  |TAMS 0x0000000705e00000, 0x0000000705e00000| Untracked 
|  69|0x0000000705f00000, 0x0000000705f00000, 0x0000000706000000|  0%| F|  |TAMS 0x0000000705f00000, 0x0000000705f00000| Untracked 
|  70|0x0000000706000000, 0x0000000706000000, 0x0000000706100000|  0%| F|  |TAMS 0x0000000706000000, 0x0000000706000000| Untracked 
|  71|0x0000000706100000, 0x0000000706100000, 0x0000000706200000|  0%| F|  |TAMS 0x0000000706100000, 0x0000000706100000| Untracked 
|  72|0x0000000706200000, 0x0000000706200000, 0x0000000706300000|  0%| F|  |TAMS 0x0000000706200000, 0x0000000706200000| Untracked 
|  73|0x0000000706300000, 0x0000000706300000, 0x0000000706400000|  0%| F|  |TAMS 0x0000000706300000, 0x0000000706300000| Untracked 
|  74|0x0000000706400000, 0x0000000706400000, 0x0000000706500000|  0%| F|  |TAMS 0x0000000706400000, 0x0000000706400000| Untracked 
|  75|0x0000000706500000, 0x0000000706500000, 0x0000000706600000|  0%| F|  |TAMS 0x0000000706500000, 0x0000000706500000| Untracked 
|  76|0x0000000706600000, 0x0000000706600000, 0x0000000706700000|  0%| F|  |TAMS 0x0000000706600000, 0x0000000706600000| Untracked 
|  77|0x0000000706700000, 0x0000000706700000, 0x0000000706800000|  0%| F|  |TAMS 0x0000000706700000, 0x0000000706700000| Untracked 
|  78|0x0000000706800000, 0x0000000706800000, 0x0000000706900000|  0%| F|  |TAMS 0x0000000706800000, 0x0000000706800000| Untracked 
|  79|0x0000000706900000, 0x0000000706900000, 0x0000000706a00000|  0%| F|  |TAMS 0x0000000706900000, 0x0000000706900000| Untracked 
|  80|0x0000000706a00000, 0x0000000706a00000, 0x0000000706b00000|  0%| F|  |TAMS 0x0000000706a00000, 0x0000000706a00000| Untracked 
|  81|0x0000000706b00000, 0x0000000706b00000, 0x0000000706c00000|  0%| F|  |TAMS 0x0000000706b00000, 0x0000000706b00000| Untracked 
|  82|0x0000000706c00000, 0x0000000706c00000, 0x0000000706d00000|  0%| F|  |TAMS 0x0000000706c00000, 0x0000000706c00000| Untracked 
|  83|0x0000000706d00000, 0x0000000706d00000, 0x0000000706e00000|  0%| F|  |TAMS 0x0000000706d00000, 0x0000000706d00000| Untracked 
|  84|0x0000000706e00000, 0x0000000706e00000, 0x0000000706f00000|  0%| F|  |TAMS 0x0000000706e00000, 0x0000000706e00000| Untracked 
|  85|0x0000000706f00000, 0x0000000706f00000, 0x0000000707000000|  0%| F|  |TAMS 0x0000000706f00000, 0x0000000706f00000| Untracked 
|  86|0x0000000707000000, 0x0000000707000000, 0x0000000707100000|  0%| F|  |TAMS 0x0000000707000000, 0x0000000707000000| Untracked 
|  87|0x0000000707100000, 0x0000000707100000, 0x0000000707200000|  0%| F|  |TAMS 0x0000000707100000, 0x0000000707100000| Untracked 
|  88|0x0000000707200000, 0x0000000707200000, 0x0000000707300000|  0%| F|  |TAMS 0x0000000707200000, 0x0000000707200000| Untracked 
|  89|0x0000000707300000, 0x0000000707300000, 0x0000000707400000|  0%| F|  |TAMS 0x0000000707300000, 0x0000000707300000| Untracked 
|  90|0x0000000707400000, 0x0000000707400000, 0x0000000707500000|  0%| F|  |TAMS 0x0000000707400000, 0x0000000707400000| Untracked 
|  91|0x0000000707500000, 0x0000000707500000, 0x0000000707600000|  0%| F|  |TAMS 0x0000000707500000, 0x0000000707500000| Untracked 
|  92|0x0000000707600000, 0x0000000707600000, 0x0000000707700000|  0%| F|  |TAMS 0x0000000707600000, 0x0000000707600000| Untracked 
|  93|0x0000000707700000, 0x0000000707700000, 0x0000000707800000|  0%| F|  |TAMS 0x0000000707700000, 0x0000000707700000| Untracked 
|  94|0x0000000707800000, 0x0000000707800000, 0x0000000707900000|  0%| F|  |TAMS 0x0000000707800000, 0x0000000707800000| Untracked 
|  95|0x0000000707900000, 0x0000000707900000, 0x0000000707a00000|  0%| F|  |TAMS 0x0000000707900000, 0x0000000707900000| Untracked 
|  96|0x0000000707a00000, 0x0000000707a00000, 0x0000000707b00000|  0%| F|  |TAMS 0x0000000707a00000, 0x0000000707a00000| Untracked 
|  97|0x0000000707b00000, 0x0000000707b00000, 0x0000000707c00000|  0%| F|  |TAMS 0x0000000707b00000, 0x0000000707b00000| Untracked 
|  98|0x0000000707c00000, 0x0000000707c00000, 0x0000000707d00000|  0%| F|  |TAMS 0x0000000707c00000, 0x0000000707c00000| Untracked 
|  99|0x0000000707d00000, 0x0000000707d00000, 0x0000000707e00000|  0%| F|  |TAMS 0x0000000707d00000, 0x0000000707d00000| Untracked 
| 100|0x0000000707e00000, 0x0000000707e00000, 0x0000000707f00000|  0%| F|  |TAMS 0x0000000707e00000, 0x0000000707e00000| Untracked 
| 101|0x0000000707f00000, 0x0000000707f00000, 0x0000000708000000|  0%| F|  |TAMS 0x0000000707f00000, 0x0000000707f00000| Untracked 
| 102|0x0000000708000000, 0x0000000708000000, 0x0000000708100000|  0%| F|  |TAMS 0x0000000708000000, 0x0000000708000000| Untracked 
| 103|0x0000000708100000, 0x0000000708100000, 0x0000000708200000|  0%| F|  |TAMS 0x0000000708100000, 0x0000000708100000| Untracked 
| 104|0x0000000708200000, 0x0000000708200000, 0x0000000708300000|  0%| F|  |TAMS 0x0000000708200000, 0x0000000708200000| Untracked 
| 105|0x0000000708300000, 0x0000000708300000, 0x0000000708400000|  0%| F|  |TAMS 0x0000000708300000, 0x0000000708300000| Untracked 
| 106|0x0000000708400000, 0x0000000708400000, 0x0000000708500000|  0%| F|  |TAMS 0x0000000708400000, 0x0000000708400000| Untracked 
| 107|0x0000000708500000, 0x0000000708500000, 0x0000000708600000|  0%| F|  |TAMS 0x0000000708500000, 0x0000000708500000| Untracked 
| 108|0x0000000708600000, 0x0000000708600000, 0x0000000708700000|  0%| F|  |TAMS 0x0000000708600000, 0x0000000708600000| Untracked 
| 109|0x0000000708700000, 0x0000000708700000, 0x0000000708800000|  0%| F|  |TAMS 0x0000000708700000, 0x0000000708700000| Untracked 
| 110|0x0000000708800000, 0x0000000708800000, 0x0000000708900000|  0%| F|  |TAMS 0x0000000708800000, 0x0000000708800000| Untracked 
| 111|0x0000000708900000, 0x0000000708900000, 0x0000000708a00000|  0%| F|  |TAMS 0x0000000708900000, 0x0000000708900000| Untracked 
| 112|0x0000000708a00000, 0x0000000708a00000, 0x0000000708b00000|  0%| F|  |TAMS 0x0000000708a00000, 0x0000000708a00000| Untracked 
| 113|0x0000000708b00000, 0x0000000708b00000, 0x0000000708c00000|  0%| F|  |TAMS 0x0000000708b00000, 0x0000000708b00000| Untracked 
| 114|0x0000000708c00000, 0x0000000708c00000, 0x0000000708d00000|  0%| F|  |TAMS 0x0000000708c00000, 0x0000000708c00000| Untracked 
| 115|0x0000000708d00000, 0x0000000708d00000, 0x0000000708e00000|  0%| F|  |TAMS 0x0000000708d00000, 0x0000000708d00000| Untracked 
| 116|0x0000000708e00000, 0x0000000708e00000, 0x0000000708f00000|  0%| F|  |TAMS 0x0000000708e00000, 0x0000000708e00000| Untracked 
| 117|0x0000000708f00000, 0x0000000708f00000, 0x0000000709000000|  0%| F|  |TAMS 0x0000000708f00000, 0x0000000708f00000| Untracked 
| 118|0x0000000709000000, 0x0000000709000000, 0x0000000709100000|  0%| F|  |TAMS 0x0000000709000000, 0x0000000709000000| Untracked 
| 119|0x0000000709100000, 0x0000000709100000, 0x0000000709200000|  0%| F|  |TAMS 0x0000000709100000, 0x0000000709100000| Untracked 
| 120|0x0000000709200000, 0x0000000709200000, 0x0000000709300000|  0%| F|  |TAMS 0x0000000709200000, 0x0000000709200000| Untracked 
| 121|0x0000000709300000, 0x0000000709300000, 0x0000000709400000|  0%| F|  |TAMS 0x0000000709300000, 0x0000000709300000| Untracked 
| 122|0x0000000709400000, 0x0000000709400000, 0x0000000709500000|  0%| F|  |TAMS 0x0000000709400000, 0x0000000709400000| Untracked 
| 123|0x0000000709500000, 0x0000000709500000, 0x0000000709600000|  0%| F|  |TAMS 0x0000000709500000, 0x0000000709500000| Untracked 
| 124|0x0000000709600000, 0x0000000709600000, 0x0000000709700000|  0%| F|  |TAMS 0x0000000709600000, 0x0000000709600000| Untracked 
| 125|0x0000000709700000, 0x0000000709700000, 0x0000000709800000|  0%| F|  |TAMS 0x0000000709700000, 0x0000000709700000| Untracked 
| 126|0x0000000709800000, 0x00000007098c1aa0, 0x0000000709900000| 75%| S|CS|TAMS 0x0000000709800000, 0x0000000709800000| Complete 
| 127|0x0000000709900000, 0x0000000709a00000, 0x0000000709a00000|100%| S|CS|TAMS 0x0000000709900000, 0x0000000709900000| Complete 
| 128|0x0000000709a00000, 0x0000000709b00000, 0x0000000709b00000|100%| S|CS|TAMS 0x0000000709a00000, 0x0000000709a00000| Complete 
| 129|0x0000000709b00000, 0x0000000709c00000, 0x0000000709c00000|100%| S|CS|TAMS 0x0000000709b00000, 0x0000000709b00000| Complete 
| 130|0x0000000709c00000, 0x0000000709d00000, 0x0000000709d00000|100%| S|CS|TAMS 0x0000000709c00000, 0x0000000709c00000| Complete 
| 131|0x0000000709d00000, 0x0000000709e00000, 0x0000000709e00000|100%| S|CS|TAMS 0x0000000709d00000, 0x0000000709d00000| Complete 
| 132|0x0000000709e00000, 0x0000000709f00000, 0x0000000709f00000|100%| S|CS|TAMS 0x0000000709e00000, 0x0000000709e00000| Complete 
| 133|0x0000000709f00000, 0x000000070a000000, 0x000000070a000000|100%| S|CS|TAMS 0x0000000709f00000, 0x0000000709f00000| Complete 
| 134|0x000000070a000000, 0x000000070a100000, 0x000000070a100000|100%| S|CS|TAMS 0x000000070a000000, 0x000000070a000000| Complete 
| 135|0x000000070a100000, 0x000000070a200000, 0x000000070a200000|100%| S|CS|TAMS 0x000000070a100000, 0x000000070a100000| Complete 
| 136|0x000000070a200000, 0x000000070a300000, 0x000000070a300000|100%| S|CS|TAMS 0x000000070a200000, 0x000000070a200000| Complete 
| 137|0x000000070a300000, 0x000000070a400000, 0x000000070a400000|100%| S|CS|TAMS 0x000000070a300000, 0x000000070a300000| Complete 
| 138|0x000000070a400000, 0x000000070a500000, 0x000000070a500000|100%| S|CS|TAMS 0x000000070a400000, 0x000000070a400000| Complete 
| 139|0x000000070a500000, 0x000000070a600000, 0x000000070a600000|100%| S|CS|TAMS 0x000000070a500000, 0x000000070a500000| Complete 
| 140|0x000000070a600000, 0x000000070a600000, 0x000000070a700000|  0%| F|  |TAMS 0x000000070a600000, 0x000000070a600000| Untracked 
| 141|0x000000070a700000, 0x000000070a700000, 0x000000070a800000|  0%| F|  |TAMS 0x000000070a700000, 0x000000070a700000| Untracked 
| 142|0x000000070a800000, 0x000000070a800000, 0x000000070a900000|  0%| F|  |TAMS 0x000000070a800000, 0x000000070a800000| Untracked 
| 143|0x000000070a900000, 0x000000070a900000, 0x000000070aa00000|  0%| F|  |TAMS 0x000000070a900000, 0x000000070a900000| Untracked 
| 144|0x000000070aa00000, 0x000000070aa00000, 0x000000070ab00000|  0%| F|  |TAMS 0x000000070aa00000, 0x000000070aa00000| Untracked 
| 145|0x000000070ab00000, 0x000000070ab00000, 0x000000070ac00000|  0%| F|  |TAMS 0x000000070ab00000, 0x000000070ab00000| Untracked 
| 146|0x000000070ac00000, 0x000000070ac00000, 0x000000070ad00000|  0%| F|  |TAMS 0x000000070ac00000, 0x000000070ac00000| Untracked 
| 147|0x000000070ad00000, 0x000000070ad00000, 0x000000070ae00000|  0%| F|  |TAMS 0x000000070ad00000, 0x000000070ad00000| Untracked 
| 148|0x000000070ae00000, 0x000000070ae00000, 0x000000070af00000|  0%| F|  |TAMS 0x000000070ae00000, 0x000000070ae00000| Untracked 
| 149|0x000000070af00000, 0x000000070af00000, 0x000000070b000000|  0%| F|  |TAMS 0x000000070af00000, 0x000000070af00000| Untracked 
| 150|0x000000070b000000, 0x000000070b000000, 0x000000070b100000|  0%| F|  |TAMS 0x000000070b000000, 0x000000070b000000| Untracked 
| 151|0x000000070b100000, 0x000000070b200000, 0x000000070b200000|100%| S|CS|TAMS 0x000000070b100000, 0x000000070b100000| Complete 
| 152|0x000000070b200000, 0x000000070b300000, 0x000000070b300000|100%| S|CS|TAMS 0x000000070b200000, 0x000000070b200000| Complete 
| 153|0x000000070b300000, 0x000000070b300000, 0x000000070b400000|  0%| F|  |TAMS 0x000000070b300000, 0x000000070b300000| Untracked 
| 154|0x000000070b400000, 0x000000070b400000, 0x000000070b500000|  0%| F|  |TAMS 0x000000070b400000, 0x000000070b400000| Untracked 
| 155|0x000000070b500000, 0x000000070b500000, 0x000000070b600000|  0%| F|  |TAMS 0x000000070b500000, 0x000000070b500000| Untracked 
| 156|0x000000070b600000, 0x000000070b600000, 0x000000070b700000|  0%| F|  |TAMS 0x000000070b600000, 0x000000070b600000| Untracked 
| 157|0x000000070b700000, 0x000000070b700000, 0x000000070b800000|  0%| F|  |TAMS 0x000000070b700000, 0x000000070b700000| Untracked 
| 158|0x000000070b800000, 0x000000070b800000, 0x000000070b900000|  0%| F|  |TAMS 0x000000070b800000, 0x000000070b800000| Untracked 
| 159|0x000000070b900000, 0x000000070b900000, 0x000000070ba00000|  0%| F|  |TAMS 0x000000070b900000, 0x000000070b900000| Untracked 
| 160|0x000000070ba00000, 0x000000070ba00000, 0x000000070bb00000|  0%| F|  |TAMS 0x000000070ba00000, 0x000000070ba00000| Untracked 
| 161|0x000000070bb00000, 0x000000070bb00000, 0x000000070bc00000|  0%| F|  |TAMS 0x000000070bb00000, 0x000000070bb00000| Untracked 
| 162|0x000000070bc00000, 0x000000070bc00000, 0x000000070bd00000|  0%| F|  |TAMS 0x000000070bc00000, 0x000000070bc00000| Untracked 
| 163|0x000000070bd00000, 0x000000070bd00000, 0x000000070be00000|  0%| F|  |TAMS 0x000000070bd00000, 0x000000070bd00000| Untracked 
| 164|0x000000070be00000, 0x000000070be00000, 0x000000070bf00000|  0%| F|  |TAMS 0x000000070be00000, 0x000000070be00000| Untracked 
| 165|0x000000070bf00000, 0x000000070bf00000, 0x000000070c000000|  0%| F|  |TAMS 0x000000070bf00000, 0x000000070bf00000| Untracked 
| 166|0x000000070c000000, 0x000000070c000000, 0x000000070c100000|  0%| F|  |TAMS 0x000000070c000000, 0x000000070c000000| Untracked 
| 167|0x000000070c100000, 0x000000070c100000, 0x000000070c200000|  0%| F|  |TAMS 0x000000070c100000, 0x000000070c100000| Untracked 
| 168|0x000000070c200000, 0x000000070c200000, 0x000000070c300000|  0%| F|  |TAMS 0x000000070c200000, 0x000000070c200000| Untracked 
| 169|0x000000070c300000, 0x000000070c300000, 0x000000070c400000|  0%| F|  |TAMS 0x000000070c300000, 0x000000070c300000| Untracked 
| 170|0x000000070c400000, 0x000000070c400000, 0x000000070c500000|  0%| F|  |TAMS 0x000000070c400000, 0x000000070c400000| Untracked 
| 171|0x000000070c500000, 0x000000070c500000, 0x000000070c600000|  0%| F|  |TAMS 0x000000070c500000, 0x000000070c500000| Untracked 
| 172|0x000000070c600000, 0x000000070c600000, 0x000000070c700000|  0%| F|  |TAMS 0x000000070c600000, 0x000000070c600000| Untracked 
| 173|0x000000070c700000, 0x000000070c700000, 0x000000070c800000|  0%| F|  |TAMS 0x000000070c700000, 0x000000070c700000| Untracked 
| 174|0x000000070c800000, 0x000000070c800000, 0x000000070c900000|  0%| F|  |TAMS 0x000000070c800000, 0x000000070c800000| Untracked 
| 175|0x000000070c900000, 0x000000070c900000, 0x000000070ca00000|  0%| F|  |TAMS 0x000000070c900000, 0x000000070c900000| Untracked 
| 176|0x000000070ca00000, 0x000000070ca00000, 0x000000070cb00000|  0%| F|  |TAMS 0x000000070ca00000, 0x000000070ca00000| Untracked 
| 177|0x000000070cb00000, 0x000000070cb00000, 0x000000070cc00000|  0%| F|  |TAMS 0x000000070cb00000, 0x000000070cb00000| Untracked 
| 178|0x000000070cc00000, 0x000000070cc00000, 0x000000070cd00000|  0%| F|  |TAMS 0x000000070cc00000, 0x000000070cc00000| Untracked 
| 179|0x000000070cd00000, 0x000000070cd00000, 0x000000070ce00000|  0%| F|  |TAMS 0x000000070cd00000, 0x000000070cd00000| Untracked 
| 180|0x000000070ce00000, 0x000000070ce00000, 0x000000070cf00000|  0%| F|  |TAMS 0x000000070ce00000, 0x000000070ce00000| Untracked 
| 181|0x000000070cf00000, 0x000000070cf00000, 0x000000070d000000|  0%| F|  |TAMS 0x000000070cf00000, 0x000000070cf00000| Untracked 
| 182|0x000000070d000000, 0x000000070d000000, 0x000000070d100000|  0%| F|  |TAMS 0x000000070d000000, 0x000000070d000000| Untracked 
| 183|0x000000070d100000, 0x000000070d100000, 0x000000070d200000|  0%| F|  |TAMS 0x000000070d100000, 0x000000070d100000| Untracked 
| 184|0x000000070d200000, 0x000000070d200000, 0x000000070d300000|  0%| F|  |TAMS 0x000000070d200000, 0x000000070d200000| Untracked 
| 185|0x000000070d300000, 0x000000070d300000, 0x000000070d400000|  0%| F|  |TAMS 0x000000070d300000, 0x000000070d300000| Untracked 
| 186|0x000000070d400000, 0x000000070d400000, 0x000000070d500000|  0%| F|  |TAMS 0x000000070d400000, 0x000000070d400000| Untracked 
| 187|0x000000070d500000, 0x000000070d500000, 0x000000070d600000|  0%| F|  |TAMS 0x000000070d500000, 0x000000070d500000| Untracked 
| 188|0x000000070d600000, 0x000000070d600000, 0x000000070d700000|  0%| F|  |TAMS 0x000000070d600000, 0x000000070d600000| Untracked 
| 189|0x000000070d700000, 0x000000070d700000, 0x000000070d800000|  0%| F|  |TAMS 0x000000070d700000, 0x000000070d700000| Untracked 
| 190|0x000000070d800000, 0x000000070d800000, 0x000000070d900000|  0%| F|  |TAMS 0x000000070d800000, 0x000000070d800000| Untracked 
| 191|0x000000070d900000, 0x000000070d900000, 0x000000070da00000|  0%| F|  |TAMS 0x000000070d900000, 0x000000070d900000| Untracked 
| 192|0x000000070da00000, 0x000000070da00000, 0x000000070db00000|  0%| F|  |TAMS 0x000000070da00000, 0x000000070da00000| Untracked 
| 193|0x000000070db00000, 0x000000070db00000, 0x000000070dc00000|  0%| F|  |TAMS 0x000000070db00000, 0x000000070db00000| Untracked 
| 194|0x000000070dc00000, 0x000000070dc00000, 0x000000070dd00000|  0%| F|  |TAMS 0x000000070dc00000, 0x000000070dc00000| Untracked 
| 195|0x000000070dd00000, 0x000000070dd00000, 0x000000070de00000|  0%| F|  |TAMS 0x000000070dd00000, 0x000000070dd00000| Untracked 
| 196|0x000000070de00000, 0x000000070de00000, 0x000000070df00000|  0%| F|  |TAMS 0x000000070de00000, 0x000000070de00000| Untracked 
| 197|0x000000070df00000, 0x000000070df00000, 0x000000070e000000|  0%| F|  |TAMS 0x000000070df00000, 0x000000070df00000| Untracked 
| 198|0x000000070e000000, 0x000000070e000000, 0x000000070e100000|  0%| F|  |TAMS 0x000000070e000000, 0x000000070e000000| Untracked 
| 199|0x000000070e100000, 0x000000070e100000, 0x000000070e200000|  0%| F|  |TAMS 0x000000070e100000, 0x000000070e100000| Untracked 
| 200|0x000000070e200000, 0x000000070e200000, 0x000000070e300000|  0%| F|  |TAMS 0x000000070e200000, 0x000000070e200000| Untracked 
| 201|0x000000070e300000, 0x000000070e300000, 0x000000070e400000|  0%| F|  |TAMS 0x000000070e300000, 0x000000070e300000| Untracked 
| 202|0x000000070e400000, 0x000000070e400000, 0x000000070e500000|  0%| F|  |TAMS 0x000000070e400000, 0x000000070e400000| Untracked 
| 203|0x000000070e500000, 0x000000070e500000, 0x000000070e600000|  0%| F|  |TAMS 0x000000070e500000, 0x000000070e500000| Untracked 
| 204|0x000000070e600000, 0x000000070e600000, 0x000000070e700000|  0%| F|  |TAMS 0x000000070e600000, 0x000000070e600000| Untracked 
| 205|0x000000070e700000, 0x000000070e700000, 0x000000070e800000|  0%| F|  |TAMS 0x000000070e700000, 0x000000070e700000| Untracked 
| 206|0x000000070e800000, 0x000000070e800000, 0x000000070e900000|  0%| F|  |TAMS 0x000000070e800000, 0x000000070e800000| Untracked 
| 207|0x000000070e900000, 0x000000070e900000, 0x000000070ea00000|  0%| F|  |TAMS 0x000000070e900000, 0x000000070e900000| Untracked 
| 208|0x000000070ea00000, 0x000000070ea00000, 0x000000070eb00000|  0%| F|  |TAMS 0x000000070ea00000, 0x000000070ea00000| Untracked 
| 209|0x000000070eb00000, 0x000000070eb00000, 0x000000070ec00000|  0%| F|  |TAMS 0x000000070eb00000, 0x000000070eb00000| Untracked 
| 210|0x000000070ec00000, 0x000000070ec00000, 0x000000070ed00000|  0%| F|  |TAMS 0x000000070ec00000, 0x000000070ec00000| Untracked 
| 211|0x000000070ed00000, 0x000000070ed00000, 0x000000070ee00000|  0%| F|  |TAMS 0x000000070ed00000, 0x000000070ed00000| Untracked 
| 212|0x000000070ee00000, 0x000000070ee00000, 0x000000070ef00000|  0%| F|  |TAMS 0x000000070ee00000, 0x000000070ee00000| Untracked 
| 213|0x000000070ef00000, 0x000000070ef00000, 0x000000070f000000|  0%| F|  |TAMS 0x000000070ef00000, 0x000000070ef00000| Untracked 
| 214|0x000000070f000000, 0x000000070f000000, 0x000000070f100000|  0%| F|  |TAMS 0x000000070f000000, 0x000000070f000000| Untracked 
| 215|0x000000070f100000, 0x000000070f100000, 0x000000070f200000|  0%| F|  |TAMS 0x000000070f100000, 0x000000070f100000| Untracked 
| 216|0x000000070f200000, 0x000000070f200000, 0x000000070f300000|  0%| F|  |TAMS 0x000000070f200000, 0x000000070f200000| Untracked 
| 217|0x000000070f300000, 0x000000070f300000, 0x000000070f400000|  0%| F|  |TAMS 0x000000070f300000, 0x000000070f300000| Untracked 
| 218|0x000000070f400000, 0x000000070f400000, 0x000000070f500000|  0%| F|  |TAMS 0x000000070f400000, 0x000000070f400000| Untracked 
| 219|0x000000070f500000, 0x000000070f500000, 0x000000070f600000|  0%| F|  |TAMS 0x000000070f500000, 0x000000070f500000| Untracked 
| 220|0x000000070f600000, 0x000000070f600000, 0x000000070f700000|  0%| F|  |TAMS 0x000000070f600000, 0x000000070f600000| Untracked 
| 221|0x000000070f700000, 0x000000070f700000, 0x000000070f800000|  0%| F|  |TAMS 0x000000070f700000, 0x000000070f700000| Untracked 
| 222|0x000000070f800000, 0x000000070f800000, 0x000000070f900000|  0%| F|  |TAMS 0x000000070f800000, 0x000000070f800000| Untracked 
| 223|0x000000070f900000, 0x000000070f900000, 0x000000070fa00000|  0%| F|  |TAMS 0x000000070f900000, 0x000000070f900000| Untracked 
| 224|0x000000070fa00000, 0x000000070fa00000, 0x000000070fb00000|  0%| F|  |TAMS 0x000000070fa00000, 0x000000070fa00000| Untracked 
| 225|0x000000070fb00000, 0x000000070fb00000, 0x000000070fc00000|  0%| F|  |TAMS 0x000000070fb00000, 0x000000070fb00000| Untracked 
| 226|0x000000070fc00000, 0x000000070fc00000, 0x000000070fd00000|  0%| F|  |TAMS 0x000000070fc00000, 0x000000070fc00000| Untracked 
| 227|0x000000070fd00000, 0x000000070fd00000, 0x000000070fe00000|  0%| F|  |TAMS 0x000000070fd00000, 0x000000070fd00000| Untracked 
| 228|0x000000070fe00000, 0x000000070fe00000, 0x000000070ff00000|  0%| F|  |TAMS 0x000000070fe00000, 0x000000070fe00000| Untracked 
| 229|0x000000070ff00000, 0x000000070ff00000, 0x0000000710000000|  0%| F|  |TAMS 0x000000070ff00000, 0x000000070ff00000| Untracked 
| 230|0x0000000710000000, 0x0000000710000000, 0x0000000710100000|  0%| F|  |TAMS 0x0000000710000000, 0x0000000710000000| Untracked 
| 231|0x0000000710100000, 0x0000000710100000, 0x0000000710200000|  0%| F|  |TAMS 0x0000000710100000, 0x0000000710100000| Untracked 
| 232|0x0000000710200000, 0x0000000710200000, 0x0000000710300000|  0%| F|  |TAMS 0x0000000710200000, 0x0000000710200000| Untracked 
| 233|0x0000000710300000, 0x0000000710300000, 0x0000000710400000|  0%| F|  |TAMS 0x0000000710300000, 0x0000000710300000| Untracked 
| 234|0x0000000710400000, 0x0000000710400000, 0x0000000710500000|  0%| F|  |TAMS 0x0000000710400000, 0x0000000710400000| Untracked 
| 235|0x0000000710500000, 0x0000000710500000, 0x0000000710600000|  0%| F|  |TAMS 0x0000000710500000, 0x0000000710500000| Untracked 
| 236|0x0000000710600000, 0x0000000710600000, 0x0000000710700000|  0%| F|  |TAMS 0x0000000710600000, 0x0000000710600000| Untracked 
| 237|0x0000000710700000, 0x0000000710700000, 0x0000000710800000|  0%| F|  |TAMS 0x0000000710700000, 0x0000000710700000| Untracked 
| 238|0x0000000710800000, 0x0000000710800000, 0x0000000710900000|  0%| F|  |TAMS 0x0000000710800000, 0x0000000710800000| Untracked 
| 239|0x0000000710900000, 0x0000000710900000, 0x0000000710a00000|  0%| F|  |TAMS 0x0000000710900000, 0x0000000710900000| Untracked 
| 240|0x0000000710a00000, 0x0000000710a00000, 0x0000000710b00000|  0%| F|  |TAMS 0x0000000710a00000, 0x0000000710a00000| Untracked 
| 241|0x0000000710b00000, 0x0000000710b00000, 0x0000000710c00000|  0%| F|  |TAMS 0x0000000710b00000, 0x0000000710b00000| Untracked 
| 242|0x0000000710c00000, 0x0000000710c00000, 0x0000000710d00000|  0%| F|  |TAMS 0x0000000710c00000, 0x0000000710c00000| Untracked 
| 243|0x0000000710d00000, 0x0000000710d00000, 0x0000000710e00000|  0%| F|  |TAMS 0x0000000710d00000, 0x0000000710d00000| Untracked 
| 244|0x0000000710e00000, 0x0000000710e00000, 0x0000000710f00000|  0%| F|  |TAMS 0x0000000710e00000, 0x0000000710e00000| Untracked 
| 245|0x0000000710f00000, 0x0000000710f00000, 0x0000000711000000|  0%| F|  |TAMS 0x0000000710f00000, 0x0000000710f00000| Untracked 
| 246|0x0000000711000000, 0x0000000711000000, 0x0000000711100000|  0%| F|  |TAMS 0x0000000711000000, 0x0000000711000000| Untracked 
| 247|0x0000000711100000, 0x0000000711100000, 0x0000000711200000|  0%| F|  |TAMS 0x0000000711100000, 0x0000000711100000| Untracked 
| 248|0x0000000711200000, 0x0000000711200000, 0x0000000711300000|  0%| F|  |TAMS 0x0000000711200000, 0x0000000711200000| Untracked 
| 249|0x0000000711300000, 0x0000000711300000, 0x0000000711400000|  0%| F|  |TAMS 0x0000000711300000, 0x0000000711300000| Untracked 
| 250|0x0000000711400000, 0x0000000711400000, 0x0000000711500000|  0%| F|  |TAMS 0x0000000711400000, 0x0000000711400000| Untracked 
| 251|0x0000000711500000, 0x0000000711500000, 0x0000000711600000|  0%| F|  |TAMS 0x0000000711500000, 0x0000000711500000| Untracked 
| 252|0x0000000711600000, 0x0000000711600000, 0x0000000711700000|  0%| F|  |TAMS 0x0000000711600000, 0x0000000711600000| Untracked 
| 253|0x0000000711700000, 0x0000000711700000, 0x0000000711800000|  0%| F|  |TAMS 0x0000000711700000, 0x0000000711700000| Untracked 
| 254|0x0000000711800000, 0x0000000711800000, 0x0000000711900000|  0%| F|  |TAMS 0x0000000711800000, 0x0000000711800000| Untracked 
| 255|0x0000000711900000, 0x0000000711900000, 0x0000000711a00000|  0%| F|  |TAMS 0x0000000711900000, 0x0000000711900000| Untracked 

Card table byte_map: [0x000001f3b4e40000,0x000001f3b5640000] _byte_map_base: 0x000001f3b1633000

Marking Bits (Prev, Next): (CMBitMap*) 0x000001f3a111cc98, (CMBitMap*) 0x000001f3a111ccd0
 Prev Bits: [0x000001f3b5e40000, 0x000001f3b9dd8000)
 Next Bits: [0x000001f3b9de0000, 0x000001f3bdd78000)

Polling page: 0x000001f39f880000

Metaspace:

Usage:
  Non-class:     51.88 MB capacity,    51.48 MB (>99%) used,   324.55 KB ( <1%) free+waste,    90.69 KB ( <1%) overhead. 
      Class:      6.83 MB capacity,     6.56 MB ( 96%) used,   235.70 KB (  3%) free+waste,    38.19 KB ( <1%) overhead. 
       Both:     58.71 MB capacity,    58.04 MB ( 99%) used,   560.25 KB ( <1%) free+waste,   128.88 KB ( <1%) overhead. 

Virtual space:
  Non-class space:       52.00 MB reserved,      51.92 MB (>99%) committed 
      Class space:        1.00 GB reserved,       6.88 MB ( <1%) committed 
             Both:        1.05 GB reserved,      58.80 MB (  5%) committed 

Chunk freelists:
   Non-Class:  40.00 KB
       Class:  15.00 KB
        Both:  55.00 KB

MaxMetaspaceSize: 17179869184.00 GB
CompressedClassSpaceSize: 1.00 GB
Initial GC threshold: 20.80 MB
Current GC threshold: 58.83 MB
CDS: off

CodeHeap 'non-profiled nmethods': size=120000Kb used=3228Kb max_used=3228Kb free=116771Kb
 bounds [0x000001f3ac6a0000, 0x000001f3ac9d0000, 0x000001f3b3bd0000]
CodeHeap 'profiled nmethods': size=120000Kb used=17102Kb max_used=17102Kb free=102897Kb
 bounds [0x000001f3a5170000, 0x000001f3a6230000, 0x000001f3ac6a0000]
CodeHeap 'non-nmethods': size=5760Kb used=1309Kb max_used=1362Kb free=4450Kb
 bounds [0x000001f3a4bd0000, 0x000001f3a4e40000, 0x000001f3a5170000]
 total_blobs=7341 nmethods=6753 adapters=498
 compilation: enabled
              stopped_count=0, restarted_count=0
 full_count=0

Compilation events (20 events):
Event: 9.312 Thread 0x000001f3c1204000 6785       2       java.lang.invoke.LambdaForm::editor (5 bytes)
Event: 9.313 Thread 0x000001f3c1204000 nmethod 6785 0x000001f3a621f990 code [0x000001f3a621fb40, 0x000001f3a621fd28]
Event: 9.313 Thread 0x000001f3c1204000 6786       2       java.lang.invoke.LambdaFormEditor::lambdaFormEditor (12 bytes)
Event: 9.313 Thread 0x000001f3c1204000 nmethod 6786 0x000001f3a621fe10 code [0x000001f3a621ffc0, 0x000001f3a6220188]
Event: 9.313 Thread 0x000001f3c1204000 6787       2       java.lang.invoke.LambdaFormEditor$Transform::inRange (36 bytes)
Event: 9.313 Thread 0x000001f3c1204000 nmethod 6787 0x000001f3a6220290 code [0x000001f3a6220440, 0x000001f3a6220538]
Event: 9.344 Thread 0x000001f3c1d1f800 nmethod 6135 0x000001f3ac9b5c10 code [0x000001f3ac9b6420, 0x000001f3ac9c06d0]
Event: 9.345 Thread 0x000001f3c1d1f800 6432       4       org.jetbrains.kotlin.com.intellij.lang.impl.PsiBuilderImpl::eof (33 bytes)
Event: 9.356 Thread 0x000001f3c1204000 6789       3       org.jetbrains.kotlin.load.java.structure.impl.classFiles.BinaryJavaClass::getFields (8 bytes)
Event: 9.356 Thread 0x000001f3c1204000 nmethod 6789 0x000001f3a6220610 code [0x000001f3a62207c0, 0x000001f3a62208d8]
Event: 9.373 Thread 0x000001f3c1204000 6790       3       org.jetbrains.kotlin.resolve.DescriptorUtils::isTopLevelDeclaration (22 bytes)
Event: 9.373 Thread 0x000001f3c1204000 nmethod 6790 0x000001f3a6220990 code [0x000001f3a6220b60, 0x000001f3a6220ec8]
Event: 9.375 Thread 0x000001f3c1204000 6791       3       org.jetbrains.kotlin.resolve.deprecation.DeprecationResolver::getDeprecations (33 bytes)
Event: 9.375 Thread 0x000001f3c1204000 nmethod 6791 0x000001f3a6220f90 code [0x000001f3a6221200, 0x000001f3a6221ac8]
Event: 9.375 Thread 0x000001f3c1204000 6792       3       org.jetbrains.kotlin.descriptors.impl.ValueParameterDescriptorImpl::getOriginal (25 bytes)
Event: 9.375 Thread 0x000001f3c1204000 nmethod 6792 0x000001f3a6221d90 code [0x000001f3a6221f80, 0x000001f3a6222468]
Event: 9.376 Thread 0x000001f3c1204000 6793       3       org.jetbrains.kotlin.resolve.lazy.descriptors.LazyAnnotationDescriptor::getType (17 bytes)
Event: 9.377 Thread 0x000001f3c1204000 nmethod 6793 0x000001f3a6222590 code [0x000001f3a6222860, 0x000001f3a6223528]
Event: 9.391 Thread 0x000001f3c1d1f800 nmethod 6432 0x000001f3ac9c5a10 code [0x000001f3ac9c5c00, 0x000001f3ac9c6b58]
Event: 9.391 Thread 0x000001f3c1d1f800 6788       4       java.util.regex.Matcher::search (154 bytes)

GC Heap History (13 events):
Event: 0.888 GC heap before
{Heap before GC invocations=0 (full 0):
 garbage-first heap   total 262144K, used 27648K [0x0000000701a00000, 0x0000000800000000)
  region size 1024K, 24 young (24576K), 0 survivors (0K)
 Metaspace       used 12350K, capacity 12504K, committed 12800K, reserved 1060864K
  class space    used 1165K, capacity 1207K, committed 1280K, reserved 1048576K
}
Event: 0.892 GC heap after
{Heap after GC invocations=1 (full 0):
 garbage-first heap   total 262144K, used 5744K [0x0000000701a00000, 0x0000000800000000)
  region size 1024K, 3 young (3072K), 3 survivors (3072K)
 Metaspace       used 12350K, capacity 12504K, committed 12800K, reserved 1060864K
  class space    used 1165K, capacity 1207K, committed 1280K, reserved 1048576K
}
Event: 1.722 GC heap before
{Heap before GC invocations=1 (full 0):
 garbage-first heap   total 262144K, used 40560K [0x0000000701a00000, 0x0000000800000000)
  region size 1024K, 38 young (38912K), 3 survivors (3072K)
 Metaspace       used 20895K, capacity 21174K, committed 21296K, reserved 1069056K
  class space    used 2269K, capacity 2379K, committed 2432K, reserved 1048576K
}
Event: 1.752 GC heap after
{Heap after GC invocations=2 (full 0):
 garbage-first heap   total 262144K, used 9439K [0x0000000701a00000, 0x0000000800000000)
  region size 1024K, 7 young (7168K), 7 survivors (7168K)
 Metaspace       used 20895K, capacity 21174K, committed 21296K, reserved 1069056K
  class space    used 2269K, capacity 2379K, committed 2432K, reserved 1048576K
}
Event: 3.172 GC heap before
{Heap before GC invocations=3 (full 0):
 garbage-first heap   total 262144K, used 63711K [0x0000000701a00000, 0x0000000800000000)
  region size 1024K, 55 young (56320K), 7 survivors (7168K)
 Metaspace       used 32464K, capacity 32989K, committed 33200K, reserved 1079296K
  class space    used 4095K, capacity 4293K, committed 4352K, reserved 1048576K
}
Event: 3.184 GC heap after
{Heap after GC invocations=4 (full 0):
 garbage-first heap   total 262144K, used 20169K [0x0000000701a00000, 0x0000000800000000)
  region size 1024K, 7 young (7168K), 7 survivors (7168K)
 Metaspace       used 32464K, capacity 32989K, committed 33200K, reserved 1079296K
  class space    used 4095K, capacity 4293K, committed 4352K, reserved 1048576K
}
Event: 3.376 GC heap before
{Heap before GC invocations=4 (full 0):
 garbage-first heap   total 262144K, used 25289K [0x0000000701a00000, 0x0000000800000000)
  region size 1024K, 12 young (12288K), 7 survivors (7168K)
 Metaspace       used 33766K, capacity 34303K, committed 34352K, reserved 1079296K
  class space    used 4258K, capacity 4454K, committed 4480K, reserved 1048576K
}
Event: 3.389 GC heap after
{Heap after GC invocations=5 (full 0):
 garbage-first heap   total 262144K, used 21663K [0x0000000701a00000, 0x0000000800000000)
  region size 1024K, 2 young (2048K), 2 survivors (2048K)
 Metaspace       used 33766K, capacity 34303K, committed 34352K, reserved 1079296K
  class space    used 4258K, capacity 4454K, committed 4480K, reserved 1048576K
}
Event: 3.516 GC heap before
{Heap before GC invocations=5 (full 0):
 garbage-first heap   total 262144K, used 27807K [0x0000000701a00000, 0x0000000800000000)
  region size 1024K, 9 young (9216K), 2 survivors (2048K)
 Metaspace       used 35252K, capacity 35743K, committed 35888K, reserved 1081344K
  class space    used 4414K, capacity 4614K, committed 4736K, reserved 1048576K
}
Event: 3.517 GC heap after
{Heap after GC invocations=6 (full 0):
 garbage-first heap   total 262144K, used 21512K [0x0000000701a00000, 0x0000000800000000)
  region size 1024K, 2 young (2048K), 2 survivors (2048K)
 Metaspace       used 35252K, capacity 35743K, committed 35888K, reserved 1081344K
  class space    used 4414K, capacity 4614K, committed 4736K, reserved 1048576K
}
Event: 5.770 GC heap before
{Heap before GC invocations=7 (full 0):
 garbage-first heap   total 262144K, used 130056K [0x0000000701a00000, 0x0000000800000000)
  region size 1024K, 105 young (107520K), 2 survivors (2048K)
 Metaspace       used 51452K, capacity 52046K, committed 52400K, reserved 1095680K
  class space    used 6063K, capacity 6286K, committed 6400K, reserved 1048576K
}
Event: 5.794 GC heap after
{Heap after GC invocations=8 (full 0):
 garbage-first heap   total 262144K, used 31561K [0x0000000701a00000, 0x0000000800000000)
  region size 1024K, 11 young (11264K), 11 survivors (11264K)
 Metaspace       used 51452K, capacity 52046K, committed 52400K, reserved 1095680K
  class space    used 6063K, capacity 6286K, committed 6400K, reserved 1048576K
}
Event: 9.403 GC heap before
{Heap before GC invocations=8 (full 0):
 garbage-first heap   total 262144K, used 134985K [0x0000000701a00000, 0x0000000800000000)
  region size 1024K, 114 young (116736K), 11 survivors (11264K)
 Metaspace       used 59431K, capacity 60121K, committed 60208K, reserved 1101824K
  class space    used 6719K, capacity 6993K, committed 7040K, reserved 1048576K
}

Deoptimization events (20 events):
Event: 9.350 Thread 0x000001f3a10ba800 Uncommon trap: trap_request=0xffffffc6 fr.pc=0x000001f3ac909b6c relative=0x0000000000000e4c
Event: 9.350 Thread 0x000001f3a10ba800 Uncommon trap: reason=bimorphic_or_optimized_type_check action=maybe_recompile pc=0x000001f3ac909b6c method=org.jetbrains.kotlin.storage.LockBasedStorageManager$MapBasedMemoizedFunction.invoke(Ljava/lang/Object;)Ljava/lang/Object; @ 235 c2
Event: 9.350 Thread 0x000001f3a10ba800 DEOPT PACKING pc=0x000001f3ac909b6c sp=0x00000043043fdb40
Event: 9.350 Thread 0x000001f3a10ba800 DEOPT UNPACKING pc=0x000001f3a4c1a1af sp=0x00000043043fdaf0 mode 2
Event: 9.373 Thread 0x000001f3a10ba800 Uncommon trap: trap_request=0xffffffc6 fr.pc=0x000001f3ac909b6c relative=0x0000000000000e4c
Event: 9.373 Thread 0x000001f3a10ba800 Uncommon trap: reason=bimorphic_or_optimized_type_check action=maybe_recompile pc=0x000001f3ac909b6c method=org.jetbrains.kotlin.storage.LockBasedStorageManager$MapBasedMemoizedFunction.invoke(Ljava/lang/Object;)Ljava/lang/Object; @ 235 c2
Event: 9.373 Thread 0x000001f3a10ba800 DEOPT PACKING pc=0x000001f3ac909b6c sp=0x00000043043fdb40
Event: 9.373 Thread 0x000001f3a10ba800 DEOPT UNPACKING pc=0x000001f3a4c1a1af sp=0x00000043043fdaf0 mode 2
Event: 9.375 Thread 0x000001f3a10ba800 Uncommon trap: trap_request=0xffffffc6 fr.pc=0x000001f3ac909b6c relative=0x0000000000000e4c
Event: 9.375 Thread 0x000001f3a10ba800 Uncommon trap: reason=bimorphic_or_optimized_type_check action=maybe_recompile pc=0x000001f3ac909b6c method=org.jetbrains.kotlin.storage.LockBasedStorageManager$MapBasedMemoizedFunction.invoke(Ljava/lang/Object;)Ljava/lang/Object; @ 235 c2
Event: 9.375 Thread 0x000001f3a10ba800 DEOPT PACKING pc=0x000001f3ac909b6c sp=0x00000043043fdb40
Event: 9.375 Thread 0x000001f3a10ba800 DEOPT UNPACKING pc=0x000001f3a4c1a1af sp=0x00000043043fdaf0 mode 2
Event: 9.376 Thread 0x000001f3a10ba800 Uncommon trap: trap_request=0xffffffc6 fr.pc=0x000001f3ac909b6c relative=0x0000000000000e4c
Event: 9.376 Thread 0x000001f3a10ba800 Uncommon trap: reason=bimorphic_or_optimized_type_check action=maybe_recompile pc=0x000001f3ac909b6c method=org.jetbrains.kotlin.storage.LockBasedStorageManager$MapBasedMemoizedFunction.invoke(Ljava/lang/Object;)Ljava/lang/Object; @ 235 c2
Event: 9.376 Thread 0x000001f3a10ba800 DEOPT PACKING pc=0x000001f3ac909b6c sp=0x00000043043fdaf0
Event: 9.376 Thread 0x000001f3a10ba800 DEOPT UNPACKING pc=0x000001f3a4c1a1af sp=0x00000043043fdaa0 mode 2
Event: 9.401 Thread 0x000001f3a10ba800 Uncommon trap: trap_request=0xffffff4d fr.pc=0x000001f3ac8c82c4 relative=0x0000000000002584
Event: 9.401 Thread 0x000001f3a10ba800 Uncommon trap: reason=unstable_if action=reinterpret pc=0x000001f3ac8c82c4 method=org.jetbrains.kotlin.metadata.ProtoBuf$Type.isInitialized()Z @ 7 c2
Event: 9.401 Thread 0x000001f3a10ba800 DEOPT PACKING pc=0x000001f3ac8c82c4 sp=0x00000043043fdda0
Event: 9.401 Thread 0x000001f3a10ba800 DEOPT UNPACKING pc=0x000001f3a4c1a1af sp=0x00000043043fdd90 mode 2

Classes redefined (0 events):
No events

Internal exceptions (20 events):
Event: 2.396 Thread 0x000001f3a10ba800 Exception <a 'java/lang/NoSuchMethodError'{0x000000070ffc1b00}: 'int java.lang.invoke.DirectMethodHandle$Holder.invokeVirtual(java.lang.Object, java.lang.Object)'> (0x000000070ffc1b00) thrown at [./src/hotspot/share/interpreter/linkResolver.cpp, line 773]
Event: 3.520 Thread 0x000001f3a10ba800 Exception <a 'java/lang/NoSuchMethodError'{0x000000071191fe40}: 'java.lang.Object java.lang.invoke.DirectMethodHandle$Holder.invokeVirtual(java.lang.Object, java.lang.Object, java.lang.Object)'> (0x000000071191fe40) thrown at [./src/hotspot/share/interpreter/linkResolver.cpp, line 773]
Event: 4.292 Thread 0x000001f3a10ba800 Exception <a 'java/lang/NoSuchMethodError'{0x000000070ef870e0}: 'java.lang.Object java.lang.invoke.Invokers$Holder.linkToTargetMethod(java.lang.Object, int, java.lang.Object)'> (0x000000070ef870e0) thrown at [./src/hotspot/share/interpreter/linkResolver.cpp, line 773]
Event: 5.267 Thread 0x000001f3a10ba800 Exception <a 'java/lang/NoSuchMethodError'{0x000000070d175148}: 'java.lang.Object java.lang.invoke.DirectMethodHandle$Holder.invokeStatic(java.lang.Object, java.lang.Object, java.lang.Object, int)'> (0x000000070d175148) thrown at [./src/hotspot/share/interpreter/linkResolver.cpp, line 773]
Event: 5.268 Thread 0x000001f3a10ba800 Exception <a 'java/lang/NoSuchMethodError'{0x000000070d178db8}: 'java.lang.Object java.lang.invoke.DirectMethodHandle$Holder.invokeSpecial(java.lang.Object, java.lang.Object, java.lang.Object, java.lang.Object, int)'> (0x000000070d178db8) thrown at [./src/hotspot/share/interpreter/linkResolver.cpp, line 773]
Event: 5.268 Thread 0x000001f3a10ba800 Exception <a 'java/lang/NoSuchMethodError'{0x000000070d17c0c8}: 'java.lang.Object java.lang.invoke.Invokers$Holder.linkToTargetMethod(java.lang.Object, java.lang.Object, int, java.lang.Object)'> (0x000000070d17c0c8) thrown at [./src/hotspot/share/interpreter/linkResolver.cpp, line 773]
Event: 5.876 Thread 0x000001f3a10ba800 Exception <a 'java/lang/NoSuchMethodError'{0x0000000711971ce0}: 'java.lang.Object java.lang.invoke.Invokers$Holder.linkToTargetMethod(java.lang.Object, java.lang.Object, java.lang.Object, java.lang.Object, java.lang.Object, java.lang.Object)'> (0x0000000711971ce0) thrown at [./src/hotspot/share/interpreter/linkResolver.cpp, line 773]
Event: 6.114 Thread 0x000001f3a10ba800 Implicit null exception at 0x000001f3ac7ea3cc to 0x000001f3ac7ea4b4
Event: 6.114 Thread 0x000001f3a10ba800 Implicit null exception at 0x000001f3ac7a8143 to 0x000001f3ac7a82c8
Event: 6.114 Thread 0x000001f3a10ba800 Implicit null exception at 0x000001f3ac6fa378 to 0x000001f3ac6fa40a
Event: 6.333 Thread 0x000001f3a10ba800 Exception <a 'java/lang/NoSuchMethodError'{0x0000000710af2968}: 'int java.lang.invoke.DirectMethodHandle$Holder.invokeStaticInit(java.lang.Object, int)'> (0x0000000710af2968) thrown at [./src/hotspot/share/interpreter/linkResolver.cpp, line 773]
Event: 6.439 Thread 0x000001f3a10ba800 Exception <a 'java/lang/NoSuchMethodError'{0x00000007106ce980}: 'java.lang.Object java.lang.invoke.DirectMethodHandle$Holder.invokeStaticInit(java.lang.Object, java.lang.Object, java.lang.Object)'> (0x00000007106ce980) thrown at [./src/hotspot/share/interpreter/linkResolver.cpp, line 773]
Event: 6.446 Thread 0x000001f3a10ba800 Exception <a 'java/lang/NoSuchMethodError'{0x000000071050c400}: 'java.lang.Object java.lang.invoke.DirectMethodHandle$Holder.invokeStatic(java.lang.Object, int, java.lang.Object, java.lang.Object)'> (0x000000071050c400) thrown at [./src/hotspot/share/interpreter/linkResolver.cpp, line 773]
Event: 6.448 Thread 0x000001f3a10ba800 Exception <a 'java/lang/NoSuchMethodError'{0x00000007105168b0}: 'int java.lang.invoke.DirectMethodHandle$Holder.invokeInterface(java.lang.Object, java.lang.Object)'> (0x00000007105168b0) thrown at [./src/hotspot/share/interpreter/linkResolver.cpp, line 773]
Event: 7.047 Thread 0x000001f3a10ba800 Exception <a 'java/lang/NoSuchMethodError'{0x000000070f771578}: 'java.lang.Object java.lang.invoke.Invokers$Holder.linkToTargetMethod(java.lang.Object, java.lang.Object, java.lang.Object, int, int, java.lang.Object)'> (0x000000070f771578) thrown at [./src/hotspot/share/interpreter/linkResolver.cpp, line 773]
Event: 7.069 Thread 0x000001f3a10ba800 Implicit null exception at 0x000001f3ac8b5974 to 0x000001f3ac8b5f60
Event: 7.086 Thread 0x000001f3a10ba800 Exception <a 'java/lang/NoSuchMethodError'{0x000000070f648270}: 'java.lang.Object java.lang.invoke.DirectMethodHandle$Holder.invokeInterface(java.lang.Object, java.lang.Object, java.lang.Object)'> (0x000000070f648270) thrown at [./src/hotspot/share/interpreter/linkResolver.cpp, line 773]
Event: 7.087 Thread 0x000001f3a10ba800 Exception <a 'java/lang/IncompatibleClassChangeError'{0x000000070f64b4a0}: Found class java.lang.Object, but interface was expected> (0x000000070f64b4a0) thrown at [./src/hotspot/share/interpreter/linkResolver.cpp, line 839]
Event: 7.418 Thread 0x000001f3a10ba800 Exception <a 'java/lang/NoSuchMethodError'{0x000000070f1e7860}: 'java.lang.Object java.lang.invoke.DirectMethodHandle$Holder.invokeSpecial(java.lang.Object, java.lang.Object, java.lang.Object, java.lang.Object, java.lang.Object, java.lang.Object, java.lang.Object, java.lang.Object, java.lang.Object)'> (0x000000070f1e7860) thrown at [./src/hotspot/share/interpreter/linkResolver.cpp, line 773]
Event: 7.419 Thread 0x000001f3a10ba800 Exception <a 'java/lang/NoSuchMethodError'{0x000000070f1eba58}: 'java.lang.Object java.lang.invoke.Invokers$Holder.linkToTargetMethod(java.lang.Object, java.lang.Object, java.lang.Object, java.lang.Object, java.lang.Object, java.lang.Object, java.lang.Object, java.lang.Object)'> (0x000000070f1eba58) thrown at [./src/hotspot/share/interpreter/linkResolver.cpp, line 773]

Events (20 events):
Event: 9.393 loading class org/jetbrains/kotlin/metadata/ProtoBuf$Type$Builder done
Event: 9.395 loading class org/jetbrains/kotlin/resolve/MemberComparator
Event: 9.395 loading class org/jetbrains/kotlin/resolve/MemberComparator done
Event: 9.396 loading class org/jetbrains/kotlin/resolve/MemberComparator$1
Event: 9.396 loading class org/jetbrains/kotlin/resolve/MemberComparator$1 done
Event: 9.396 loading class org/jetbrains/kotlin/metadata/ProtoBuf$Function$Builder
Event: 9.396 loading class org/jetbrains/kotlin/metadata/ProtoBuf$Function$Builder done
Event: 9.399 loading class org/jetbrains/kotlin/metadata/ProtoBuf$ValueParameter$Builder
Event: 9.399 loading class org/jetbrains/kotlin/metadata/ProtoBuf$ValueParameter$Builder done
Event: 9.400 loading class org/jetbrains/kotlin/resolve/calls/components/ArgumentsUtilsKt$isActualParameterWithAnyExpectedDefault$1
Event: 9.400 loading class org/jetbrains/kotlin/resolve/calls/components/ArgumentsUtilsKt$isActualParameterWithAnyExpectedDefault$1 done
Event: 9.401 loading class org/jetbrains/kotlin/serialization/DescriptorSerializer$isSuspendOrHasSuspendTypesInSignature$1$1
Event: 9.401 loading class org/jetbrains/kotlin/serialization/DescriptorSerializer$isSuspendOrHasSuspendTypesInSignature$1$1 done
Event: 9.402 loading class org/jetbrains/kotlin/builtins/FunctionTypesKt$isSuspendFunctionTypeOrSubtype$1
Event: 9.402 loading class org/jetbrains/kotlin/builtins/FunctionTypesKt$isSuspendFunctionTypeOrSubtype$1 done
Event: 9.402 loading class org/jetbrains/kotlin/builtins/FunctionTypesKt$isTypeOrSubtypeOf$1
Event: 9.402 loading class org/jetbrains/kotlin/builtins/FunctionTypesKt$isTypeOrSubtypeOf$1 done
Event: 9.402 loading class org/jetbrains/kotlin/builtins/FunctionTypesKt$isTypeOrSubtypeOf$2
Event: 9.402 loading class org/jetbrains/kotlin/builtins/FunctionTypesKt$isTypeOrSubtypeOf$2 done
Event: 9.403 Executing VM operation: CollectForMetadataAllocation


Dynamic libraries:
0x00007ff6e5600000 - 0x00007ff6e560a000 	C:\Program Files\Android\Android Studio\jre\bin\java.exe
0x00007fffa3390000 - 0x00007fffa3588000 	C:\WINDOWS\SYSTEM32\ntdll.dll
0x00007fffa24b0000 - 0x00007fffa256d000 	C:\WINDOWS\System32\KERNEL32.DLL
0x00007fffa10e0000 - 0x00007fffa13b2000 	C:\WINDOWS\System32\KERNELBASE.dll
0x00007fffa0f40000 - 0x00007fffa1040000 	C:\WINDOWS\System32\ucrtbase.dll
0x00007fff949e0000 - 0x00007fff949f7000 	C:\Program Files\Android\Android Studio\jre\bin\VCRUNTIME140.dll
0x00007fff99890000 - 0x00007fff998a9000 	C:\Program Files\Android\Android Studio\jre\bin\jli.dll
0x00007fffa1aa0000 - 0x00007fffa1c3d000 	C:\WINDOWS\System32\USER32.dll
0x00007fffa13c0000 - 0x00007fffa13e2000 	C:\WINDOWS\System32\win32u.dll
0x00007fff8b130000 - 0x00007fff8b3ca000 	C:\WINDOWS\WinSxS\amd64_microsoft.windows.common-controls_6595b64144ccf1df_6.0.19041.1110_none_60b5254171f9507e\COMCTL32.dll
0x00007fffa2ef0000 - 0x00007fffa2f1b000 	C:\WINDOWS\System32\GDI32.dll
0x00007fffa2de0000 - 0x00007fffa2e7e000 	C:\WINDOWS\System32\msvcrt.dll
0x00007fffa0aa0000 - 0x00007fffa0baf000 	C:\WINDOWS\System32\gdi32full.dll
0x00007fffa1040000 - 0x00007fffa10dd000 	C:\WINDOWS\System32\msvcp_win.dll
0x00007fffa3150000 - 0x00007fffa3180000 	C:\WINDOWS\System32\IMM32.DLL
0x00007fff40780000 - 0x00007fff4081d000 	C:\Program Files\Android\Android Studio\jre\bin\msvcp140.dll
0x00007fff32ce0000 - 0x00007fff337c5000 	C:\Program Files\Android\Android Studio\jre\bin\server\jvm.dll
0x00007fffa30a0000 - 0x00007fffa314e000 	C:\WINDOWS\System32\ADVAPI32.dll
0x00007fffa32b0000 - 0x00007fffa334c000 	C:\WINDOWS\System32\sechost.dll
0x00007fffa1e30000 - 0x00007fffa1f55000 	C:\WINDOWS\System32\RPCRT4.dll
0x00007fffa1410000 - 0x00007fffa1418000 	C:\WINDOWS\System32\PSAPI.DLL
0x00007fff8cdf0000 - 0x00007fff8ce17000 	C:\WINDOWS\SYSTEM32\WINMM.dll
0x00007fff9de80000 - 0x00007fff9de89000 	C:\WINDOWS\SYSTEM32\WSOCK32.dll
0x00007fffa2e80000 - 0x00007fffa2eeb000 	C:\WINDOWS\System32\WS2_32.dll
0x00007fff97d40000 - 0x00007fff97d4a000 	C:\WINDOWS\SYSTEM32\VERSION.dll
0x00007fff9e960000 - 0x00007fff9e972000 	C:\WINDOWS\SYSTEM32\kernel.appcore.dll
0x00007fff9de30000 - 0x00007fff9de41000 	C:\Program Files\Android\Android Studio\jre\bin\verify.dll
0x00007fff8bbd0000 - 0x00007fff8bdb4000 	C:\WINDOWS\SYSTEM32\DBGHELP.DLL
0x00007fff8aaa0000 - 0x00007fff8aacc000 	C:\WINDOWS\SYSTEM32\dbgcore.DLL
0x00007fffa0e00000 - 0x00007fffa0e82000 	C:\WINDOWS\System32\bcryptPrimitives.dll
0x00007fff9a0c0000 - 0x00007fff9a0e9000 	C:\Program Files\Android\Android Studio\jre\bin\java.dll
0x00007fff9b370000 - 0x00007fff9b37b000 	C:\Program Files\Android\Android Studio\jre\bin\jimage.dll
0x00007fff9b2b0000 - 0x00007fff9b2c8000 	C:\Program Files\Android\Android Studio\jre\bin\zip.dll
0x00007fffa2570000 - 0x00007fffa2cb3000 	C:\WINDOWS\System32\SHELL32.dll
0x00007fff9eb60000 - 0x00007fff9f2f1000 	C:\WINDOWS\SYSTEM32\windows.storage.dll
0x00007fffa2070000 - 0x00007fffa23c4000 	C:\WINDOWS\System32\combase.dll
0x00007fffa0500000 - 0x00007fffa0530000 	C:\WINDOWS\SYSTEM32\Wldp.dll
0x00007fffa1d20000 - 0x00007fffa1dcd000 	C:\WINDOWS\System32\SHCORE.dll
0x00007fffa1f60000 - 0x00007fffa1fb5000 	C:\WINDOWS\System32\shlwapi.dll
0x00007fffa09e0000 - 0x00007fffa09ff000 	C:\WINDOWS\SYSTEM32\profapi.dll
0x00007fff9a0a0000 - 0x00007fff9a0ba000 	C:\Program Files\Android\Android Studio\jre\bin\net.dll
0x00007fff94b60000 - 0x00007fff94c6d000 	C:\WINDOWS\SYSTEM32\WINHTTP.dll
0x00007fffa0260000 - 0x00007fffa02ca000 	C:\WINDOWS\system32\mswsock.dll
0x00007fff99990000 - 0x00007fff999a4000 	C:\Program Files\Android\Android Studio\jre\bin\nio.dll

dbghelp: loaded successfully - version: 4.0.5 - missing functions: none
symbol engine: initialized successfully - sym options: 0x614 - pdb path: .;C:\Program Files\Android\Android Studio\jre\bin;C:\WINDOWS\SYSTEM32;C:\WINDOWS\WinSxS\amd64_microsoft.windows.common-controls_6595b64144ccf1df_6.0.19041.1110_none_60b5254171f9507e;C:\Program Files\Android\Android Studio\jre\bin\server

VM Arguments:
java_command: org.jetbrains.kotlin.cli.jvm.K2JVMCompiler @C:\Users\user\AndroidStudioProjects\CriminalIntent\app\build\20221110_5604142755641691028.compiler.options
java_class_path (initial): C:\Users\user\.gradle\caches\modules-2\files-2.1\org.jetbrains.kotlin\kotlin-compiler-embeddable\1.6.10\88f2073f4020cdb83132cfe940ceb9a60aba54ea\kotlin-compiler-embeddable-1.6.10.jar;C:\Users\user\.gradle\caches\modules-2\files-2.1\org.jetbrains.kotlin\kotlin-reflect\1.6.10\1cbe9c92c12a94eea200d23c2bbaedaf3daf5132\kotlin-reflect-1.6.10.jar;C:\Users\user\.gradle\caches\modules-2\files-2.1\org.jetbrains.kotlin\kotlin-stdlib\1.6.10\b8af3fe6f1ca88526914929add63cf5e7c5049af\kotlin-stdlib-1.6.10.jar;C:\Users\user\.gradle\caches\modules-2\files-2.1\org.jetbrains.kotlin\kotlin-script-runtime\1.6.10\d0a7ff2e2500ef497ed0214ae40ad3c8387a6164\kotlin-script-runtime-1.6.10.jar;C:\Users\user\.gradle\caches\modules-2\files-2.1\org.jetbrains.kotlin\kotlin-daemon-embeddable\1.6.10\a56d79bcbea411fa6058e4ecffc2de73e742bd2a\kotlin-daemon-embeddable-1.6.10.jar;C:\Users\user\.gradle\caches\modules-2\files-2.1\org.jetbrains.intellij.deps\trove4j\1.0.20181211\216c2e14b070f334479d800987affe4054cd563f\trove4j-1.0.20181211.jar;C:\Users\user\.gradle\caches\modules-2\files-2.1\net.java.dev.jna\jna\5.6.0\330f2244e9030119ab3030fc3fededc86713d9cc\jna-5.6.0.jar;C:\Users\user\.gradle\caches\modules-2\files-2.1\org.jetbrains\annotations\13.0\919f0dfe192fb4e063e7dacadee7f8bb9a2672a9\annotations-13.0.jar;C:\Users\user\.gradle\caches\modules-2\files-2.1\org.jetbrains.kotlin\kotlin-stdlib-common\1.6.10\c118700e3a33c8a0d9adc920e9dec0831171925\kotlin-stdlib-common-1.6.10.jar
Launcher Type: SUN_STANDARD

[Global flags]
     intx CICompilerCount                          = 4                                         {product} {ergonomic}
     uint ConcGCThreads                            = 2                                         {product} {ergonomic}
     uint G1ConcRefinementThreads                  = 8                                         {product} {ergonomic}
   size_t G1HeapRegionSize                         = 1048576                                   {product} {ergonomic}
    uintx GCDrainStackTargetSize                   = 64                                        {product} {ergonomic}
   size_t InitialHeapSize                          = 268435456                                 {product} {ergonomic}
   size_t MarkStackSize                            = 4194304                                   {product} {ergonomic}
   size_t MaxHeapSize                              = 4267704320                                {product} {ergonomic}
   size_t MaxNewSize                               = 2560622592                                {product} {ergonomic}
   size_t MinHeapDeltaBytes                        = 1048576                                   {product} {ergonomic}
    uintx NonNMethodCodeHeapSize                   = 5836300                                {pd product} {ergonomic}
    uintx NonProfiledCodeHeapSize                  = 122910970                              {pd product} {ergonomic}
    uintx ProfiledCodeHeapSize                     = 122910970                              {pd product} {ergonomic}
    uintx ReservedCodeCacheSize                    = 251658240                              {pd product} {ergonomic}
     bool SegmentedCodeCache                       = true                                      {product} {ergonomic}
     bool UseCompressedClassPointers               = true                                 {lp64_product} {ergonomic}
     bool UseCompressedOops                        = true                                 {lp64_product} {ergonomic}
     bool UseG1GC                                  = true                                      {product} {ergonomic}
     bool UseLargePagesIndividualAllocation        = false                                  {pd product} {ergonomic}

Logging:
Log output configuration:
 #0: stdout all=warning uptime,level,tags
 #1: stderr all=off uptime,level,tags

Environment Variables:
PATH=C:\WINDOWS\system32;C:\WINDOWS;C:\WINDOWS\System32\Wbem;C:\WINDOWS\System32\WindowsPowerShell\v1.0\;C:\WINDOWS\System32\OpenSSH\;C:\Program Files\Git\cmd;C:\Program Files (x86)\NVIDIA Corporation\PhysX\Common;C:\Program Files\NVIDIA Corporation\NVIDIA NvDLISR;C:\Users\user\AppData\Local\Microsoft\WindowsApps;C:\Users\user\AppData\Local\GitHubDesktop\bin;C:\ProgramData\user\GitHubDesktop\bin
USERNAME=user
OS=Windows_NT
PROCESSOR_IDENTIFIER=Intel64 Family 6 Model 60 Stepping 3, GenuineIntel



---------------  S Y S T E M  ---------------

OS: Windows 10 , 64 bit Build 19041 (10.0.19041.1889)
OS uptime: 5 days 1:33 hours

CPU:total 8 (initial active 8) (4 cores per cpu, 2 threads per core) family 6 model 60 stepping 3 microcode 0x27, cmov, cx8, fxsr, mmx, sse, sse2, sse3, ssse3, sse4.1, sse4.2, popcnt, avx, avx2, aes, clmul, erms, lzcnt, ht, tsc, tscinvbit, bmi1, bmi2, fma

Memory: 4k page, system-wide physical 16272M (2504M free)
TotalPageFile size 16272M (AvailPageFile size 65M)
current process WorkingSet (physical memory assigned to process): 400M, peak: 400M
current process commit charge ("private bytes"): 534M, peak: 595M

vm_info: OpenJDK 64-Bit Server VM (11.0.12+7-b1504.28-7817840) for windows-amd64 JRE (11.0.12+7-b1504.28-7817840), built on Oct 13 2021 22:12:33 by "builder" with MS VC++ 14.0 (VS2015)

END.
